#
# There is insufficient memory for the Java Runtime Environment to continue.
# Native memory allocation (malloc) failed to allocate 32784 bytes for Chunk::new
# Possible reasons:
#   The system is out of physical RAM or swap space
#   The process is running with CompressedOops enabled, and the Java Heap may be blocking the growth of the native heap
# Possible solutions:
#   Reduce memory load on the system
#   Increase physical memory or swap space
#   Check if swap backing store is full
#   Decrease Java heap size (-Xmx/-Xms)
#   Decrease number of Java threads
#   Decrease Java thread stack sizes (-Xss)
#   Set larger code cache with -XX:ReservedCodeCacheSize=
#   JVM is running with Unscaled Compressed Oops mode in which the Java heap is
#     placed in the first 4GB address space. The Java Heap base address is the
#     maximum limit for the native heap growth. Please use -XX:HeapBaseMinAddress
#     to set the Java Heap base and to place the Java Heap above 4GB virtual address.
# This output file may be truncated or incomplete.
#
#  Out of Memory Error (./open/src/hotspot/share/memory/arena.cpp:197), pid=31204, tid=39940
#
# JRE version: Java(TM) SE Runtime Environment 18.9 (11.0.21+9) (build 11.0.21+9-LTS-193)
# Java VM: Java HotSpot(TM) 64-Bit Server VM 18.9 (11.0.21+9-LTS-193, mixed mode, tiered, compressed oops, g1 gc, windows-amd64)
# No core dump will be written. Minidumps are not enabled by default on client versions of Windows
#

---------------  S U M M A R Y ------------

Command Line: -XX:MaxMetaspaceSize=512m --add-opens=java.base/java.util=ALL-UNNAMED --add-opens=java.base/java.lang=ALL-UNNAMED --add-opens=java.base/java.lang.invoke=ALL-UNNAMED --add-opens=java.prefs/java.util.prefs=ALL-UNNAMED --add-opens=java.base/java.nio.charset=ALL-UNNAMED --add-opens=java.base/java.net=ALL-UNNAMED --add-opens=java.base/java.util.concurrent.atomic=ALL-UNNAMED -Xmx2048m -Dfile.encoding=windows-1252 -Duser.country=GT -Duser.language=es -Duser.variant org.gradle.launcher.daemon.bootstrap.GradleDaemon 8.0.1

Host: Intel(R) Core(TM) i7-9750H CPU @ 2.60GHz, 12 cores, 15G,  Windows 11 , 64 bit Build 22621 (10.0.22621.3085)
Time: Thu Mar 14 15:50:21 2024 Hora estándar, América Central elapsed time: 139.065067 seconds (0d 0h 2m 19s)

---------------  T H R E A D  ---------------

Current thread (0x000001729e345000):  JavaThread "C2 CompilerThread0" daemon [_thread_in_native, id=39940, stack(0x0000005624000000,0x0000005624100000)]


Current CompileTask:
C2: 139065 4035       4       javax.management.ObjectName::construct (1135 bytes)

Stack: [0x0000005624000000,0x0000005624100000]
Native frames: (J=compiled Java code, j=interpreted, Vv=VM code, C=native code)
V  [jvm.dll+0x66058a]
V  [jvm.dll+0x7a362f]
V  [jvm.dll+0x7a4cf9]
V  [jvm.dll+0x7a5393]
V  [jvm.dll+0x258f55]
V  [jvm.dll+0xb2a0c]
V  [jvm.dll+0xb2fcc]
V  [jvm.dll+0xb2b24]
V  [jvm.dll+0x63fccf]
V  [jvm.dll+0x55d91e]
V  [jvm.dll+0x55cd73]
V  [jvm.dll+0x55cd2f]
V  [jvm.dll+0x55f9d8]
V  [jvm.dll+0x55f606]
V  [jvm.dll+0x55ec40]
V  [jvm.dll+0x55ec06]
V  [jvm.dll+0x55ec54]
V  [jvm.dll+0x55ec54]
V  [jvm.dll+0x55ec54]
V  [jvm.dll+0x55ec54]
V  [jvm.dll+0x55ec54]
V  [jvm.dll+0x55ec54]
V  [jvm.dll+0x56fe8d]
V  [jvm.dll+0x211417]
V  [jvm.dll+0x213b39]
V  [jvm.dll+0x210af4]
V  [jvm.dll+0x18cdb1]
V  [jvm.dll+0x220e99]
V  [jvm.dll+0x21f1bc]
V  [jvm.dll+0x7673c1]
V  [jvm.dll+0x75fc44]
V  [jvm.dll+0x65f435]
C  [ucrtbase.dll+0x29363]
C  [KERNEL32.DLL+0x1257d]
C  [ntdll.dll+0x5aa58]


---------------  P R O C E S S  ---------------

Threads class SMR info:
_java_thread_list=0x00000172a29a5250, length=35, elements={
0x00000172fd56e000, 0x000001729e2e1800, 0x000001729e2e3000, 0x000001729e2f9800,
0x000001729e2fa800, 0x000001729e2fd000, 0x000001729e345000, 0x000001729e346800,
0x000001729e348000, 0x000001729e504800, 0x000001729f7be800, 0x000001729fa9b800,
0x000001729fe95000, 0x000001729fc68800, 0x000001729f38d000, 0x000001729f38d800,
0x000001729fca8800, 0x00000172a06bf000, 0x000001729f410800, 0x000001729f40f000,
0x000001729f40b000, 0x000001729f40b800, 0x000001729f40d800, 0x000001729f40e000,
0x000001729f410000, 0x000001729f411800, 0x000001729f40c800, 0x00000172a321c800,
0x00000172a321b000, 0x00000172a3218000, 0x00000172a321a000, 0x00000172a321d800,
0x00000172a3219800, 0x00000172a3218800, 0x00000172a3222800
}

Java Threads: ( => current thread )
  0x00000172fd56e000 JavaThread "main" [_thread_blocked, id=41044, stack(0x0000005623400000,0x0000005623500000)]
  0x000001729e2e1800 JavaThread "Reference Handler" daemon [_thread_blocked, id=9672, stack(0x0000005623b00000,0x0000005623c00000)]
  0x000001729e2e3000 JavaThread "Finalizer" daemon [_thread_blocked, id=2628, stack(0x0000005623c00000,0x0000005623d00000)]
  0x000001729e2f9800 JavaThread "Signal Dispatcher" daemon [_thread_blocked, id=47656, stack(0x0000005623d00000,0x0000005623e00000)]
  0x000001729e2fa800 JavaThread "Attach Listener" daemon [_thread_blocked, id=30288, stack(0x0000005623e00000,0x0000005623f00000)]
  0x000001729e2fd000 JavaThread "Service Thread" daemon [_thread_blocked, id=18436, stack(0x0000005623f00000,0x0000005624000000)]
=>0x000001729e345000 JavaThread "C2 CompilerThread0" daemon [_thread_in_native, id=39940, stack(0x0000005624000000,0x0000005624100000)]
  0x000001729e346800 JavaThread "C1 CompilerThread0" daemon [_thread_blocked, id=7256, stack(0x0000005624100000,0x0000005624200000)]
  0x000001729e348000 JavaThread "Sweeper thread" daemon [_thread_blocked, id=19080, stack(0x0000005624200000,0x0000005624300000)]
  0x000001729e504800 JavaThread "Common-Cleaner" daemon [_thread_blocked, id=23028, stack(0x0000005624300000,0x0000005624400000)]
  0x000001729f7be800 JavaThread "Daemon health stats" [_thread_blocked, id=18260, stack(0x0000005624a00000,0x0000005624b00000)]
  0x000001729fa9b800 JavaThread "Incoming local TCP Connector on port 64343" [_thread_in_native, id=36812, stack(0x0000005624b00000,0x0000005624c00000)]
  0x000001729fe95000 JavaThread "Daemon periodic checks" [_thread_blocked, id=40556, stack(0x0000005624c00000,0x0000005624d00000)]
  0x000001729fc68800 JavaThread "Daemon" [_thread_blocked, id=31808, stack(0x0000005624d00000,0x0000005624e00000)]
  0x000001729f38d000 JavaThread "Handler for socket connection from /127.0.0.1:64343 to /127.0.0.1:64358" [_thread_in_native, id=36712, stack(0x0000005624e00000,0x0000005624f00000)]
  0x000001729f38d800 JavaThread "Cancel handler" [_thread_blocked, id=8944, stack(0x0000005624f00000,0x0000005625000000)]
  0x000001729fca8800 JavaThread "Daemon worker" [_thread_in_native, id=35732, stack(0x0000005625000000,0x0000005625100000)]
  0x00000172a06bf000 JavaThread "Asynchronous log dispatcher for DefaultDaemonConnection: socket connection from /127.0.0.1:64343 to /127.0.0.1:64358" [_thread_blocked, id=47324, stack(0x0000005625100000,0x0000005625200000)]
  0x000001729f410800 JavaThread "Daemon client event forwarder" [_thread_blocked, id=20052, stack(0x0000005625300000,0x0000005625400000)]
  0x000001729f40f000 JavaThread "Cache worker for journal cache (C:\Users\dlara\.gradle\caches\journal-1)" [_thread_blocked, id=43040, stack(0x0000005625400000,0x0000005625500000)]
  0x000001729f40b000 JavaThread "File lock request listener" [_thread_in_native, id=44068, stack(0x0000005625500000,0x0000005625600000)]
  0x000001729f40b800 JavaThread "File lock release action executor" [_thread_blocked, id=41492, stack(0x0000005625c00000,0x0000005625d00000)]
  0x000001729f40d800 JavaThread "Cache worker for file hash cache (C:\Users\dlara\.gradle\caches\8.0.1\fileHashes)" [_thread_blocked, id=55448, stack(0x0000005625d00000,0x0000005625e00000)]
  0x000001729f40e000 JavaThread "File watcher server" daemon [_thread_in_native, id=46396, stack(0x0000005626000000,0x0000005626100000)]
  0x000001729f410000 JavaThread "File watcher consumer" daemon [_thread_blocked, id=38724, stack(0x0000005626100000,0x0000005626200000)]
  0x000001729f411800 JavaThread "Cache worker for checksums cache (C:\Users\dlara\Documents\PROYECTOS\KINGO\fieldServices\android\.gradle\8.0.1\checksums)" [_thread_blocked, id=43832, stack(0x0000005626200000,0x0000005626300000)]
  0x000001729f40c800 JavaThread "Cache worker for cache directory md-rule (C:\Users\dlara\.gradle\caches\8.0.1\md-rule)" [_thread_blocked, id=11504, stack(0x0000005626300000,0x0000005626400000)]
  0x00000172a321c800 JavaThread "Cache worker for file content cache (C:\Users\dlara\.gradle\caches\8.0.1\fileContent)" [_thread_blocked, id=33484, stack(0x0000005626400000,0x0000005626500000)]
  0x00000172a321b000 JavaThread "Cache worker for file hash cache (C:\Users\dlara\Documents\PROYECTOS\KINGO\fieldServices\android\.gradle\8.0.1\fileHashes)" [_thread_blocked, id=20840, stack(0x0000005626500000,0x0000005626600000)]
  0x00000172a3218000 JavaThread "Cache worker for cache directory md-supplier (C:\Users\dlara\.gradle\caches\8.0.1\md-supplier)" [_thread_blocked, id=50048, stack(0x0000005626600000,0x0000005626700000)]
  0x00000172a321a000 JavaThread "Cache worker for execution history cache (C:\Users\dlara\.gradle\caches\8.0.1\executionHistory)" [_thread_blocked, id=35852, stack(0x0000005626700000,0x0000005626800000)]
  0x00000172a321d800 JavaThread "jar transforms" [_thread_blocked, id=39424, stack(0x0000005626800000,0x0000005626900000)]
  0x00000172a3219800 JavaThread "jar transforms Thread 2" [_thread_blocked, id=12068, stack(0x0000005623200000,0x0000005623300000)]
  0x00000172a3218800 JavaThread "jar transforms Thread 3" [_thread_blocked, id=50144, stack(0x0000005623300000,0x0000005623400000)]
  0x00000172a3222800 JavaThread "jar transforms Thread 4" [_thread_blocked, id=53508, stack(0x0000005626900000,0x0000005626a00000)]

Other Threads:
  0x000001729e2de800 VMThread "VM Thread" [stack: 0x0000005623a00000,0x0000005623b00000] [id=24320]
  0x000001729e50c000 WatcherThread [stack: 0x0000005624400000,0x0000005624500000] [id=26396]
  0x00000172fd585800 GCTaskThread "GC Thread#0" [stack: 0x0000005623500000,0x0000005623600000] [id=11672]
  0x000001729f16d000 GCTaskThread "GC Thread#1" [stack: 0x0000005624500000,0x0000005624600000] [id=12728]
  0x000001729f22f000 GCTaskThread "GC Thread#2" [stack: 0x0000005624600000,0x0000005624700000] [id=54392]
  0x000001729f0f8800 GCTaskThread "GC Thread#3" [stack: 0x0000005624700000,0x0000005624800000] [id=57208]
  0x000001729f121800 GCTaskThread "GC Thread#4" [stack: 0x0000005624800000,0x0000005624900000] [id=57212]
  0x000001729f122000 GCTaskThread "GC Thread#5" [stack: 0x0000005624900000,0x0000005624a00000] [id=57216]
  0x00000172a0820000 GCTaskThread "GC Thread#6" [stack: 0x0000005625600000,0x0000005625700000] [id=43204]
  0x000001729e487800 GCTaskThread "GC Thread#7" [stack: 0x0000005625700000,0x0000005625800000] [id=26720]
  0x000001729e488000 GCTaskThread "GC Thread#8" [stack: 0x0000005625800000,0x0000005625900000] [id=44864]
  0x000001729ef01800 GCTaskThread "GC Thread#9" [stack: 0x0000005625900000,0x0000005625a00000] [id=8472]
  0x00000172fd5b1000 ConcurrentGCThread "G1 Main Marker" [stack: 0x0000005623600000,0x0000005623700000] [id=45560]
  0x00000172fd5b2800 ConcurrentGCThread "G1 Conc#0" [stack: 0x0000005623700000,0x0000005623800000] [id=7520]
  0x000001729ef2e800 ConcurrentGCThread "G1 Conc#1" [stack: 0x0000005625a00000,0x0000005625b00000] [id=11836]
  0x000001729ea98000 ConcurrentGCThread "G1 Conc#2" [stack: 0x0000005625b00000,0x0000005625c00000] [id=34044]
  0x000001729d94a000 ConcurrentGCThread "G1 Refine#0" [stack: 0x0000005623800000,0x0000005623900000] [id=51856]
  0x000001729d94b000 ConcurrentGCThread "G1 Young RemSet Sampling" [stack: 0x0000005623900000,0x0000005623a00000] [id=19036]

Threads with active compile tasks:
C2 CompilerThread0   139243 4035       4       javax.management.ObjectName::construct (1135 bytes)

VM state:not at safepoint (normal execution)

VM Mutex/Monitor currently owned by a thread: None

Heap address: 0x0000000080000000, size: 2048 MB, Compressed Oops mode: 32-bit
Narrow klass base: 0x0000000000000000, Narrow klass shift: 3
Compressed class space size: 528482304 Address: 0x0000000100000000

Heap:
 garbage-first heap   total 260096K, used 92308K [0x0000000080000000, 0x0000000100000000)
  region size 1024K, 71 young (72704K), 8 survivors (8192K)
 Metaspace       used 40650K, capacity 41746K, committed 41980K, reserved 552960K
  class space    used 5183K, capacity 5590K, committed 5708K, reserved 516096K
Heap Regions: E=young(eden), S=young(survivor), O=old, HS=humongous(starts), HC=humongous(continues), CS=collection set, F=free, A=archive, TAMS=top-at-mark-start (previous, next)
|   0|0x0000000080000000, 0x0000000080100000, 0x0000000080100000|100%|HS|  |TAMS 0x0000000080100000, 0x0000000080000000| Complete 
|   1|0x0000000080100000, 0x0000000080200000, 0x0000000080200000|100%|HC|  |TAMS 0x0000000080200000, 0x0000000080100000| Complete 
|   2|0x0000000080200000, 0x0000000080300000, 0x0000000080300000|100%|HC|  |TAMS 0x0000000080300000, 0x0000000080200000| Complete 
|   3|0x0000000080300000, 0x0000000080400000, 0x0000000080400000|100%|HC|  |TAMS 0x0000000080400000, 0x0000000080300000| Complete 
|   4|0x0000000080400000, 0x0000000080500000, 0x0000000080500000|100%| O|  |TAMS 0x0000000080500000, 0x0000000080400000| Untracked 
|   5|0x0000000080500000, 0x0000000080600000, 0x0000000080600000|100%| O|  |TAMS 0x0000000080600000, 0x0000000080500000| Untracked 
|   6|0x0000000080600000, 0x0000000080700000, 0x0000000080700000|100%| O|  |TAMS 0x0000000080700000, 0x0000000080600000| Untracked 
|   7|0x0000000080700000, 0x0000000080800000, 0x0000000080800000|100%| O|  |TAMS 0x0000000080800000, 0x0000000080700000| Untracked 
|   8|0x0000000080800000, 0x0000000080900000, 0x0000000080900000|100%| O|  |TAMS 0x0000000080900000, 0x0000000080800000| Untracked 
|   9|0x0000000080900000, 0x0000000080a00000, 0x0000000080a00000|100%| O|  |TAMS 0x0000000080a00000, 0x0000000080900000| Untracked 
|  10|0x0000000080a00000, 0x0000000080b00000, 0x0000000080b00000|100%| O|  |TAMS 0x0000000080b00000, 0x0000000080a00000| Untracked 
|  11|0x0000000080b00000, 0x0000000080c00000, 0x0000000080c00000|100%| O|  |TAMS 0x0000000080c00000, 0x0000000080b00000| Untracked 
|  12|0x0000000080c00000, 0x0000000080d00000, 0x0000000080d00000|100%| O|  |TAMS 0x0000000080d00000, 0x0000000080c00000| Untracked 
|  13|0x0000000080d00000, 0x0000000080e00000, 0x0000000080e00000|100%| O|  |TAMS 0x0000000080e00000, 0x0000000080d00000| Untracked 
|  14|0x0000000080e00000, 0x0000000080f00000, 0x0000000080f00000|100%| O|  |TAMS 0x0000000080f00000, 0x0000000080e00000| Untracked 
|  15|0x0000000080f00000, 0x0000000081000000, 0x0000000081000000|100%| O|  |TAMS 0x0000000081000000, 0x0000000080f00000| Untracked 
|  16|0x0000000081000000, 0x0000000081100000, 0x0000000081100000|100%| O|  |TAMS 0x0000000081100000, 0x0000000081000000| Untracked 
|  17|0x0000000081100000, 0x00000000811a0400, 0x0000000081200000| 62%| O|  |TAMS 0x00000000811a0400, 0x0000000081100000| Untracked 
|  18|0x0000000081200000, 0x0000000081300000, 0x0000000081300000|100%|HS|  |TAMS 0x0000000081200000, 0x0000000081200000| Complete 
|  19|0x0000000081300000, 0x0000000081400000, 0x0000000081400000|100%|HS|  |TAMS 0x0000000081300000, 0x0000000081300000| Complete 
|  20|0x0000000081400000, 0x0000000081500000, 0x0000000081500000|100%|HC|  |TAMS 0x0000000081400000, 0x0000000081400000| Complete 
|  21|0x0000000081500000, 0x0000000081500000, 0x0000000081600000|  0%| F|  |TAMS 0x0000000081500000, 0x0000000081500000| Untracked 
|  22|0x0000000081600000, 0x0000000081600000, 0x0000000081700000|  0%| F|  |TAMS 0x0000000081600000, 0x0000000081600000| Untracked 
|  23|0x0000000081700000, 0x0000000081700000, 0x0000000081800000|  0%| F|  |TAMS 0x0000000081700000, 0x0000000081700000| Untracked 
|  24|0x0000000081800000, 0x0000000081800000, 0x0000000081900000|  0%| F|  |TAMS 0x0000000081800000, 0x0000000081800000| Untracked 
|  25|0x0000000081900000, 0x0000000081900000, 0x0000000081a00000|  0%| F|  |TAMS 0x0000000081900000, 0x0000000081900000| Untracked 
|  26|0x0000000081a00000, 0x0000000081a00000, 0x0000000081b00000|  0%| F|  |TAMS 0x0000000081a00000, 0x0000000081a00000| Untracked 
|  27|0x0000000081b00000, 0x0000000081b00000, 0x0000000081c00000|  0%| F|  |TAMS 0x0000000081b00000, 0x0000000081b00000| Untracked 
|  28|0x0000000081c00000, 0x0000000081c00000, 0x0000000081d00000|  0%| F|  |TAMS 0x0000000081c00000, 0x0000000081c00000| Untracked 
|  29|0x0000000081d00000, 0x0000000081d00000, 0x0000000081e00000|  0%| F|  |TAMS 0x0000000081d00000, 0x0000000081d00000| Untracked 
|  30|0x0000000081e00000, 0x0000000081e00000, 0x0000000081f00000|  0%| F|  |TAMS 0x0000000081e00000, 0x0000000081e00000| Untracked 
|  31|0x0000000081f00000, 0x0000000081f00000, 0x0000000082000000|  0%| F|  |TAMS 0x0000000081f00000, 0x0000000081f00000| Untracked 
|  32|0x0000000082000000, 0x0000000082000000, 0x0000000082100000|  0%| F|  |TAMS 0x0000000082000000, 0x0000000082000000| Untracked 
|  33|0x0000000082100000, 0x0000000082100000, 0x0000000082200000|  0%| F|  |TAMS 0x0000000082100000, 0x0000000082100000| Untracked 
|  34|0x0000000082200000, 0x0000000082200000, 0x0000000082300000|  0%| F|  |TAMS 0x0000000082200000, 0x0000000082200000| Untracked 
|  35|0x0000000082300000, 0x0000000082300000, 0x0000000082400000|  0%| F|  |TAMS 0x0000000082300000, 0x0000000082300000| Untracked 
|  36|0x0000000082400000, 0x0000000082400000, 0x0000000082500000|  0%| F|  |TAMS 0x0000000082400000, 0x0000000082400000| Untracked 
|  37|0x0000000082500000, 0x0000000082500000, 0x0000000082600000|  0%| F|  |TAMS 0x0000000082500000, 0x0000000082500000| Untracked 
|  38|0x0000000082600000, 0x0000000082600000, 0x0000000082700000|  0%| F|  |TAMS 0x0000000082600000, 0x0000000082600000| Untracked 
|  39|0x0000000082700000, 0x0000000082700000, 0x0000000082800000|  0%| F|  |TAMS 0x0000000082700000, 0x0000000082700000| Untracked 
|  40|0x0000000082800000, 0x0000000082800000, 0x0000000082900000|  0%| F|  |TAMS 0x0000000082800000, 0x0000000082800000| Untracked 
|  41|0x0000000082900000, 0x0000000082900000, 0x0000000082a00000|  0%| F|  |TAMS 0x0000000082900000, 0x0000000082900000| Untracked 
|  42|0x0000000082a00000, 0x0000000082a00000, 0x0000000082b00000|  0%| F|  |TAMS 0x0000000082a00000, 0x0000000082a00000| Untracked 
|  43|0x0000000082b00000, 0x0000000082b00000, 0x0000000082c00000|  0%| F|  |TAMS 0x0000000082b00000, 0x0000000082b00000| Untracked 
|  44|0x0000000082c00000, 0x0000000082c00000, 0x0000000082d00000|  0%| F|  |TAMS 0x0000000082c00000, 0x0000000082c00000| Untracked 
|  45|0x0000000082d00000, 0x0000000082d00000, 0x0000000082e00000|  0%| F|  |TAMS 0x0000000082d00000, 0x0000000082d00000| Untracked 
|  46|0x0000000082e00000, 0x0000000082e00000, 0x0000000082f00000|  0%| F|  |TAMS 0x0000000082e00000, 0x0000000082e00000| Untracked 
|  47|0x0000000082f00000, 0x0000000082f00000, 0x0000000083000000|  0%| F|  |TAMS 0x0000000082f00000, 0x0000000082f00000| Untracked 
|  48|0x0000000083000000, 0x0000000083000000, 0x0000000083100000|  0%| F|  |TAMS 0x0000000083000000, 0x0000000083000000| Untracked 
|  49|0x0000000083100000, 0x0000000083100000, 0x0000000083200000|  0%| F|  |TAMS 0x0000000083100000, 0x0000000083100000| Untracked 
|  50|0x0000000083200000, 0x0000000083200000, 0x0000000083300000|  0%| F|  |TAMS 0x0000000083200000, 0x0000000083200000| Untracked 
|  51|0x0000000083300000, 0x0000000083300000, 0x0000000083400000|  0%| F|  |TAMS 0x0000000083300000, 0x0000000083300000| Untracked 
|  52|0x0000000083400000, 0x0000000083400000, 0x0000000083500000|  0%| F|  |TAMS 0x0000000083400000, 0x0000000083400000| Untracked 
|  53|0x0000000083500000, 0x0000000083500000, 0x0000000083600000|  0%| F|  |TAMS 0x0000000083500000, 0x0000000083500000| Untracked 
|  54|0x0000000083600000, 0x0000000083600000, 0x0000000083700000|  0%| F|  |TAMS 0x0000000083600000, 0x0000000083600000| Untracked 
|  55|0x0000000083700000, 0x0000000083700000, 0x0000000083800000|  0%| F|  |TAMS 0x0000000083700000, 0x0000000083700000| Untracked 
|  56|0x0000000083800000, 0x0000000083800000, 0x0000000083900000|  0%| F|  |TAMS 0x0000000083800000, 0x0000000083800000| Untracked 
|  57|0x0000000083900000, 0x0000000083900000, 0x0000000083a00000|  0%| F|  |TAMS 0x0000000083900000, 0x0000000083900000| Untracked 
|  58|0x0000000083a00000, 0x0000000083a00000, 0x0000000083b00000|  0%| F|  |TAMS 0x0000000083a00000, 0x0000000083a00000| Untracked 
|  59|0x0000000083b00000, 0x0000000083b00000, 0x0000000083c00000|  0%| F|  |TAMS 0x0000000083b00000, 0x0000000083b00000| Untracked 
|  60|0x0000000083c00000, 0x0000000083c00000, 0x0000000083d00000|  0%| F|  |TAMS 0x0000000083c00000, 0x0000000083c00000| Untracked 
|  61|0x0000000083d00000, 0x0000000083d00000, 0x0000000083e00000|  0%| F|  |TAMS 0x0000000083d00000, 0x0000000083d00000| Untracked 
|  62|0x0000000083e00000, 0x0000000083e00000, 0x0000000083f00000|  0%| F|  |TAMS 0x0000000083e00000, 0x0000000083e00000| Untracked 
|  63|0x0000000083f00000, 0x0000000083f00000, 0x0000000084000000|  0%| F|  |TAMS 0x0000000083f00000, 0x0000000083f00000| Untracked 
|  64|0x0000000084000000, 0x0000000084000000, 0x0000000084100000|  0%| F|  |TAMS 0x0000000084000000, 0x0000000084000000| Untracked 
|  65|0x0000000084100000, 0x0000000084100000, 0x0000000084200000|  0%| F|  |TAMS 0x0000000084100000, 0x0000000084100000| Untracked 
|  66|0x0000000084200000, 0x0000000084200000, 0x0000000084300000|  0%| F|  |TAMS 0x0000000084200000, 0x0000000084200000| Untracked 
|  67|0x0000000084300000, 0x0000000084300000, 0x0000000084400000|  0%| F|  |TAMS 0x0000000084300000, 0x0000000084300000| Untracked 
|  68|0x0000000084400000, 0x0000000084400000, 0x0000000084500000|  0%| F|  |TAMS 0x0000000084400000, 0x0000000084400000| Untracked 
|  69|0x0000000084500000, 0x0000000084500000, 0x0000000084600000|  0%| F|  |TAMS 0x0000000084500000, 0x0000000084500000| Untracked 
|  70|0x0000000084600000, 0x0000000084600000, 0x0000000084700000|  0%| F|  |TAMS 0x0000000084600000, 0x0000000084600000| Untracked 
|  71|0x0000000084700000, 0x0000000084700000, 0x0000000084800000|  0%| F|  |TAMS 0x0000000084700000, 0x0000000084700000| Untracked 
|  72|0x0000000084800000, 0x0000000084800000, 0x0000000084900000|  0%| F|  |TAMS 0x0000000084800000, 0x0000000084800000| Untracked 
|  73|0x0000000084900000, 0x0000000084900000, 0x0000000084a00000|  0%| F|  |TAMS 0x0000000084900000, 0x0000000084900000| Untracked 
|  74|0x0000000084a00000, 0x0000000084a00000, 0x0000000084b00000|  0%| F|  |TAMS 0x0000000084a00000, 0x0000000084a00000| Untracked 
|  75|0x0000000084b00000, 0x0000000084b00000, 0x0000000084c00000|  0%| F|  |TAMS 0x0000000084b00000, 0x0000000084b00000| Untracked 
|  76|0x0000000084c00000, 0x0000000084c00000, 0x0000000084d00000|  0%| F|  |TAMS 0x0000000084c00000, 0x0000000084c00000| Untracked 
|  77|0x0000000084d00000, 0x0000000084d00000, 0x0000000084e00000|  0%| F|  |TAMS 0x0000000084d00000, 0x0000000084d00000| Untracked 
|  78|0x0000000084e00000, 0x0000000084e00000, 0x0000000084f00000|  0%| F|  |TAMS 0x0000000084e00000, 0x0000000084e00000| Untracked 
|  79|0x0000000084f00000, 0x0000000084f00000, 0x0000000085000000|  0%| F|  |TAMS 0x0000000084f00000, 0x0000000084f00000| Untracked 
|  80|0x0000000085000000, 0x0000000085000000, 0x0000000085100000|  0%| F|  |TAMS 0x0000000085000000, 0x0000000085000000| Untracked 
|  81|0x0000000085100000, 0x0000000085100000, 0x0000000085200000|  0%| F|  |TAMS 0x0000000085100000, 0x0000000085100000| Untracked 
|  82|0x0000000085200000, 0x0000000085200000, 0x0000000085300000|  0%| F|  |TAMS 0x0000000085200000, 0x0000000085200000| Untracked 
|  83|0x0000000085300000, 0x0000000085300000, 0x0000000085400000|  0%| F|  |TAMS 0x0000000085300000, 0x0000000085300000| Untracked 
|  84|0x0000000085400000, 0x0000000085400000, 0x0000000085500000|  0%| F|  |TAMS 0x0000000085400000, 0x0000000085400000| Untracked 
|  85|0x0000000085500000, 0x0000000085500000, 0x0000000085600000|  0%| F|  |TAMS 0x0000000085500000, 0x0000000085500000| Untracked 
|  86|0x0000000085600000, 0x0000000085600000, 0x0000000085700000|  0%| F|  |TAMS 0x0000000085600000, 0x0000000085600000| Untracked 
|  87|0x0000000085700000, 0x0000000085700000, 0x0000000085800000|  0%| F|  |TAMS 0x0000000085700000, 0x0000000085700000| Untracked 
|  88|0x0000000085800000, 0x0000000085800000, 0x0000000085900000|  0%| F|  |TAMS 0x0000000085800000, 0x0000000085800000| Untracked 
|  89|0x0000000085900000, 0x0000000085900000, 0x0000000085a00000|  0%| F|  |TAMS 0x0000000085900000, 0x0000000085900000| Untracked 
|  90|0x0000000085a00000, 0x0000000085a00000, 0x0000000085b00000|  0%| F|  |TAMS 0x0000000085a00000, 0x0000000085a00000| Untracked 
|  91|0x0000000085b00000, 0x0000000085b00000, 0x0000000085c00000|  0%| F|  |TAMS 0x0000000085b00000, 0x0000000085b00000| Untracked 
|  92|0x0000000085c00000, 0x0000000085c00000, 0x0000000085d00000|  0%| F|  |TAMS 0x0000000085c00000, 0x0000000085c00000| Untracked 
|  93|0x0000000085d00000, 0x0000000085d00000, 0x0000000085e00000|  0%| F|  |TAMS 0x0000000085d00000, 0x0000000085d00000| Untracked 
|  94|0x0000000085e00000, 0x0000000085e00000, 0x0000000085f00000|  0%| F|  |TAMS 0x0000000085e00000, 0x0000000085e00000| Untracked 
|  95|0x0000000085f00000, 0x0000000085f00000, 0x0000000086000000|  0%| F|  |TAMS 0x0000000085f00000, 0x0000000085f00000| Untracked 
|  96|0x0000000086000000, 0x0000000086000000, 0x0000000086100000|  0%| F|  |TAMS 0x0000000086000000, 0x0000000086000000| Untracked 
|  97|0x0000000086100000, 0x0000000086100000, 0x0000000086200000|  0%| F|  |TAMS 0x0000000086100000, 0x0000000086100000| Untracked 
|  98|0x0000000086200000, 0x0000000086200000, 0x0000000086300000|  0%| F|  |TAMS 0x0000000086200000, 0x0000000086200000| Untracked 
|  99|0x0000000086300000, 0x0000000086300000, 0x0000000086400000|  0%| F|  |TAMS 0x0000000086300000, 0x0000000086300000| Untracked 
| 100|0x0000000086400000, 0x0000000086400000, 0x0000000086500000|  0%| F|  |TAMS 0x0000000086400000, 0x0000000086400000| Untracked 
| 101|0x0000000086500000, 0x0000000086500000, 0x0000000086600000|  0%| F|  |TAMS 0x0000000086500000, 0x0000000086500000| Untracked 
| 102|0x0000000086600000, 0x0000000086600000, 0x0000000086700000|  0%| F|  |TAMS 0x0000000086600000, 0x0000000086600000| Untracked 
| 103|0x0000000086700000, 0x0000000086700000, 0x0000000086800000|  0%| F|  |TAMS 0x0000000086700000, 0x0000000086700000| Untracked 
| 104|0x0000000086800000, 0x0000000086800000, 0x0000000086900000|  0%| F|  |TAMS 0x0000000086800000, 0x0000000086800000| Untracked 
| 105|0x0000000086900000, 0x0000000086900000, 0x0000000086a00000|  0%| F|  |TAMS 0x0000000086900000, 0x0000000086900000| Untracked 
| 106|0x0000000086a00000, 0x0000000086a00000, 0x0000000086b00000|  0%| F|  |TAMS 0x0000000086a00000, 0x0000000086a00000| Untracked 
| 107|0x0000000086b00000, 0x0000000086b00000, 0x0000000086c00000|  0%| F|  |TAMS 0x0000000086b00000, 0x0000000086b00000| Untracked 
| 108|0x0000000086c00000, 0x0000000086c00000, 0x0000000086d00000|  0%| F|  |TAMS 0x0000000086c00000, 0x0000000086c00000| Untracked 
| 109|0x0000000086d00000, 0x0000000086d00000, 0x0000000086e00000|  0%| F|  |TAMS 0x0000000086d00000, 0x0000000086d00000| Untracked 
| 110|0x0000000086e00000, 0x0000000086e00000, 0x0000000086f00000|  0%| F|  |TAMS 0x0000000086e00000, 0x0000000086e00000| Untracked 
| 111|0x0000000086f00000, 0x0000000086f00000, 0x0000000087000000|  0%| F|  |TAMS 0x0000000086f00000, 0x0000000086f00000| Untracked 
| 112|0x0000000087000000, 0x0000000087000000, 0x0000000087100000|  0%| F|  |TAMS 0x0000000087000000, 0x0000000087000000| Untracked 
| 113|0x0000000087100000, 0x0000000087100000, 0x0000000087200000|  0%| F|  |TAMS 0x0000000087100000, 0x0000000087100000| Untracked 
| 114|0x0000000087200000, 0x0000000087200000, 0x0000000087300000|  0%| F|  |TAMS 0x0000000087200000, 0x0000000087200000| Untracked 
| 115|0x0000000087300000, 0x0000000087300000, 0x0000000087400000|  0%| F|  |TAMS 0x0000000087300000, 0x0000000087300000| Untracked 
| 116|0x0000000087400000, 0x0000000087400000, 0x0000000087500000|  0%| F|  |TAMS 0x0000000087400000, 0x0000000087400000| Untracked 
| 117|0x0000000087500000, 0x0000000087500000, 0x0000000087600000|  0%| F|  |TAMS 0x0000000087500000, 0x0000000087500000| Untracked 
| 118|0x0000000087600000, 0x0000000087600000, 0x0000000087700000|  0%| F|  |TAMS 0x0000000087600000, 0x0000000087600000| Untracked 
| 119|0x0000000087700000, 0x0000000087700000, 0x0000000087800000|  0%| F|  |TAMS 0x0000000087700000, 0x0000000087700000| Untracked 
| 120|0x0000000087800000, 0x0000000087800000, 0x0000000087900000|  0%| F|  |TAMS 0x0000000087800000, 0x0000000087800000| Untracked 
| 121|0x0000000087900000, 0x0000000087900000, 0x0000000087a00000|  0%| F|  |TAMS 0x0000000087900000, 0x0000000087900000| Untracked 
| 122|0x0000000087a00000, 0x0000000087a00000, 0x0000000087b00000|  0%| F|  |TAMS 0x0000000087a00000, 0x0000000087a00000| Untracked 
| 123|0x0000000087b00000, 0x0000000087b00000, 0x0000000087c00000|  0%| F|  |TAMS 0x0000000087b00000, 0x0000000087b00000| Untracked 
| 124|0x0000000087c00000, 0x0000000087c00000, 0x0000000087d00000|  0%| F|  |TAMS 0x0000000087c00000, 0x0000000087c00000| Untracked 
| 125|0x0000000087d00000, 0x0000000087d00000, 0x0000000087e00000|  0%| F|  |TAMS 0x0000000087d00000, 0x0000000087d00000| Untracked 
| 126|0x0000000087e00000, 0x0000000087e00000, 0x0000000087f00000|  0%| F|  |TAMS 0x0000000087e00000, 0x0000000087e00000| Untracked 
| 127|0x0000000087f00000, 0x0000000087f00000, 0x0000000088000000|  0%| F|  |TAMS 0x0000000087f00000, 0x0000000087f00000| Untracked 
| 128|0x0000000088000000, 0x0000000088000000, 0x0000000088100000|  0%| F|  |TAMS 0x0000000088000000, 0x0000000088000000| Untracked 
| 129|0x0000000088100000, 0x0000000088100000, 0x0000000088200000|  0%| F|  |TAMS 0x0000000088100000, 0x0000000088100000| Untracked 
| 130|0x0000000088200000, 0x0000000088200000, 0x0000000088300000|  0%| F|  |TAMS 0x0000000088200000, 0x0000000088200000| Untracked 
| 131|0x0000000088300000, 0x0000000088300000, 0x0000000088400000|  0%| F|  |TAMS 0x0000000088300000, 0x0000000088300000| Untracked 
| 132|0x0000000088400000, 0x0000000088400000, 0x0000000088500000|  0%| F|  |TAMS 0x0000000088400000, 0x0000000088400000| Untracked 
| 133|0x0000000088500000, 0x0000000088500000, 0x0000000088600000|  0%| F|  |TAMS 0x0000000088500000, 0x0000000088500000| Untracked 
| 134|0x0000000088600000, 0x0000000088600000, 0x0000000088700000|  0%| F|  |TAMS 0x0000000088600000, 0x0000000088600000| Untracked 
| 135|0x0000000088700000, 0x0000000088700000, 0x0000000088800000|  0%| F|  |TAMS 0x0000000088700000, 0x0000000088700000| Untracked 
| 136|0x0000000088800000, 0x0000000088800000, 0x0000000088900000|  0%| F|  |TAMS 0x0000000088800000, 0x0000000088800000| Untracked 
| 137|0x0000000088900000, 0x0000000088900000, 0x0000000088a00000|  0%| F|  |TAMS 0x0000000088900000, 0x0000000088900000| Untracked 
| 138|0x0000000088a00000, 0x0000000088a00000, 0x0000000088b00000|  0%| F|  |TAMS 0x0000000088a00000, 0x0000000088a00000| Untracked 
| 139|0x0000000088b00000, 0x0000000088b00000, 0x0000000088c00000|  0%| F|  |TAMS 0x0000000088b00000, 0x0000000088b00000| Untracked 
| 140|0x0000000088c00000, 0x0000000088c00000, 0x0000000088d00000|  0%| F|  |TAMS 0x0000000088c00000, 0x0000000088c00000| Untracked 
| 141|0x0000000088d00000, 0x0000000088d00000, 0x0000000088e00000|  0%| F|  |TAMS 0x0000000088d00000, 0x0000000088d00000| Untracked 
| 142|0x0000000088e00000, 0x0000000088e00000, 0x0000000088f00000|  0%| F|  |TAMS 0x0000000088e00000, 0x0000000088e00000| Untracked 
| 143|0x0000000088f00000, 0x0000000088f00000, 0x0000000089000000|  0%| F|  |TAMS 0x0000000088f00000, 0x0000000088f00000| Untracked 
| 144|0x0000000089000000, 0x0000000089000000, 0x0000000089100000|  0%| F|  |TAMS 0x0000000089000000, 0x0000000089000000| Untracked 
| 145|0x0000000089100000, 0x0000000089100000, 0x0000000089200000|  0%| F|  |TAMS 0x0000000089100000, 0x0000000089100000| Untracked 
| 146|0x0000000089200000, 0x0000000089200000, 0x0000000089300000|  0%| F|  |TAMS 0x0000000089200000, 0x0000000089200000| Untracked 
| 147|0x0000000089300000, 0x0000000089300000, 0x0000000089400000|  0%| F|  |TAMS 0x0000000089300000, 0x0000000089300000| Untracked 
| 148|0x0000000089400000, 0x0000000089400000, 0x0000000089500000|  0%| F|  |TAMS 0x0000000089400000, 0x0000000089400000| Untracked 
| 149|0x0000000089500000, 0x0000000089500000, 0x0000000089600000|  0%| F|  |TAMS 0x0000000089500000, 0x0000000089500000| Untracked 
| 150|0x0000000089600000, 0x0000000089600000, 0x0000000089700000|  0%| F|  |TAMS 0x0000000089600000, 0x0000000089600000| Untracked 
| 151|0x0000000089700000, 0x0000000089700000, 0x0000000089800000|  0%| F|  |TAMS 0x0000000089700000, 0x0000000089700000| Untracked 
| 152|0x0000000089800000, 0x0000000089800000, 0x0000000089900000|  0%| F|  |TAMS 0x0000000089800000, 0x0000000089800000| Untracked 
| 153|0x0000000089900000, 0x0000000089900000, 0x0000000089a00000|  0%| F|  |TAMS 0x0000000089900000, 0x0000000089900000| Untracked 
| 154|0x0000000089a00000, 0x0000000089a00000, 0x0000000089b00000|  0%| F|  |TAMS 0x0000000089a00000, 0x0000000089a00000| Untracked 
| 155|0x0000000089b00000, 0x0000000089b00000, 0x0000000089c00000|  0%| F|  |TAMS 0x0000000089b00000, 0x0000000089b00000| Untracked 
| 156|0x0000000089c00000, 0x0000000089c00000, 0x0000000089d00000|  0%| F|  |TAMS 0x0000000089c00000, 0x0000000089c00000| Untracked 
| 157|0x0000000089d00000, 0x0000000089d00000, 0x0000000089e00000|  0%| F|  |TAMS 0x0000000089d00000, 0x0000000089d00000| Untracked 
| 158|0x0000000089e00000, 0x0000000089e00000, 0x0000000089f00000|  0%| F|  |TAMS 0x0000000089e00000, 0x0000000089e00000| Untracked 
| 159|0x0000000089f00000, 0x0000000089f00000, 0x000000008a000000|  0%| F|  |TAMS 0x0000000089f00000, 0x0000000089f00000| Untracked 
| 160|0x000000008a000000, 0x000000008a000000, 0x000000008a100000|  0%| F|  |TAMS 0x000000008a000000, 0x000000008a000000| Untracked 
| 161|0x000000008a100000, 0x000000008a100000, 0x000000008a200000|  0%| F|  |TAMS 0x000000008a100000, 0x000000008a100000| Untracked 
| 162|0x000000008a200000, 0x000000008a200000, 0x000000008a300000|  0%| F|  |TAMS 0x000000008a200000, 0x000000008a200000| Untracked 
| 163|0x000000008a300000, 0x000000008a300000, 0x000000008a400000|  0%| F|  |TAMS 0x000000008a300000, 0x000000008a300000| Untracked 
| 164|0x000000008a400000, 0x000000008a400000, 0x000000008a500000|  0%| F|  |TAMS 0x000000008a400000, 0x000000008a400000| Untracked 
| 165|0x000000008a500000, 0x000000008a500000, 0x000000008a600000|  0%| F|  |TAMS 0x000000008a500000, 0x000000008a500000| Untracked 
| 166|0x000000008a600000, 0x000000008a600000, 0x000000008a700000|  0%| F|  |TAMS 0x000000008a600000, 0x000000008a600000| Untracked 
| 167|0x000000008a700000, 0x000000008a700000, 0x000000008a800000|  0%| F|  |TAMS 0x000000008a700000, 0x000000008a700000| Untracked 
| 168|0x000000008a800000, 0x000000008a800000, 0x000000008a900000|  0%| F|  |TAMS 0x000000008a800000, 0x000000008a800000| Untracked 
| 169|0x000000008a900000, 0x000000008a900000, 0x000000008aa00000|  0%| F|  |TAMS 0x000000008a900000, 0x000000008a900000| Untracked 
| 170|0x000000008aa00000, 0x000000008aa00000, 0x000000008ab00000|  0%| F|  |TAMS 0x000000008aa00000, 0x000000008aa00000| Untracked 
| 171|0x000000008ab00000, 0x000000008ab00000, 0x000000008ac00000|  0%| F|  |TAMS 0x000000008ab00000, 0x000000008ab00000| Untracked 
| 172|0x000000008ac00000, 0x000000008ac00000, 0x000000008ad00000|  0%| F|  |TAMS 0x000000008ac00000, 0x000000008ac00000| Untracked 
| 173|0x000000008ad00000, 0x000000008ad00000, 0x000000008ae00000|  0%| F|  |TAMS 0x000000008ad00000, 0x000000008ad00000| Untracked 
| 174|0x000000008ae00000, 0x000000008ae00000, 0x000000008af00000|  0%| F|  |TAMS 0x000000008ae00000, 0x000000008ae00000| Untracked 
| 175|0x000000008af00000, 0x000000008af00000, 0x000000008b000000|  0%| F|  |TAMS 0x000000008af00000, 0x000000008af00000| Untracked 
| 176|0x000000008b000000, 0x000000008b000000, 0x000000008b100000|  0%| F|  |TAMS 0x000000008b000000, 0x000000008b000000| Untracked 
| 177|0x000000008b100000, 0x000000008b100000, 0x000000008b200000|  0%| F|  |TAMS 0x000000008b100000, 0x000000008b100000| Untracked 
| 178|0x000000008b200000, 0x000000008b200000, 0x000000008b300000|  0%| F|  |TAMS 0x000000008b200000, 0x000000008b200000| Untracked 
| 179|0x000000008b300000, 0x000000008b300000, 0x000000008b400000|  0%| F|  |TAMS 0x000000008b300000, 0x000000008b300000| Untracked 
| 180|0x000000008b400000, 0x000000008b400000, 0x000000008b500000|  0%| F|  |TAMS 0x000000008b400000, 0x000000008b400000| Untracked 
| 181|0x000000008b500000, 0x000000008b500000, 0x000000008b600000|  0%| F|  |TAMS 0x000000008b500000, 0x000000008b500000| Untracked 
| 182|0x000000008b600000, 0x000000008b600000, 0x000000008b700000|  0%| F|  |TAMS 0x000000008b600000, 0x000000008b600000| Untracked 
| 183|0x000000008b700000, 0x000000008b768ed8, 0x000000008b800000| 40%| E|  |TAMS 0x000000008b700000, 0x000000008b700000| Complete 
| 184|0x000000008b800000, 0x000000008b900000, 0x000000008b900000|100%| E|CS|TAMS 0x000000008b800000, 0x000000008b800000| Complete 
| 185|0x000000008b900000, 0x000000008ba00000, 0x000000008ba00000|100%| E|CS|TAMS 0x000000008b900000, 0x000000008b900000| Complete 
| 186|0x000000008ba00000, 0x000000008bb00000, 0x000000008bb00000|100%| E|CS|TAMS 0x000000008ba00000, 0x000000008ba00000| Complete 
| 187|0x000000008bb00000, 0x000000008bc00000, 0x000000008bc00000|100%| E|CS|TAMS 0x000000008bb00000, 0x000000008bb00000| Complete 
| 188|0x000000008bc00000, 0x000000008bd00000, 0x000000008bd00000|100%| E|CS|TAMS 0x000000008bc00000, 0x000000008bc00000| Complete 
| 189|0x000000008bd00000, 0x000000008be00000, 0x000000008be00000|100%| E|CS|TAMS 0x000000008bd00000, 0x000000008bd00000| Complete 
| 190|0x000000008be00000, 0x000000008bf00000, 0x000000008bf00000|100%| E|CS|TAMS 0x000000008be00000, 0x000000008be00000| Complete 
| 191|0x000000008bf00000, 0x000000008c000000, 0x000000008c000000|100%| E|CS|TAMS 0x000000008bf00000, 0x000000008bf00000| Complete 
| 192|0x000000008c000000, 0x000000008c100000, 0x000000008c100000|100%| E|CS|TAMS 0x000000008c000000, 0x000000008c000000| Complete 
| 193|0x000000008c100000, 0x000000008c200000, 0x000000008c200000|100%| E|CS|TAMS 0x000000008c100000, 0x000000008c100000| Complete 
| 194|0x000000008c200000, 0x000000008c300000, 0x000000008c300000|100%| E|CS|TAMS 0x000000008c200000, 0x000000008c200000| Complete 
| 195|0x000000008c300000, 0x000000008c400000, 0x000000008c400000|100%| E|CS|TAMS 0x000000008c300000, 0x000000008c300000| Complete 
| 196|0x000000008c400000, 0x000000008c500000, 0x000000008c500000|100%| E|CS|TAMS 0x000000008c400000, 0x000000008c400000| Complete 
| 197|0x000000008c500000, 0x000000008c600000, 0x000000008c600000|100%| E|CS|TAMS 0x000000008c500000, 0x000000008c500000| Complete 
| 198|0x000000008c600000, 0x000000008c700000, 0x000000008c700000|100%| E|CS|TAMS 0x000000008c600000, 0x000000008c600000| Complete 
| 199|0x000000008c700000, 0x000000008c800000, 0x000000008c800000|100%| E|CS|TAMS 0x000000008c700000, 0x000000008c700000| Complete 
| 200|0x000000008c800000, 0x000000008c900000, 0x000000008c900000|100%| E|CS|TAMS 0x000000008c800000, 0x000000008c800000| Complete 
| 201|0x000000008c900000, 0x000000008ca00000, 0x000000008ca00000|100%| E|CS|TAMS 0x000000008c900000, 0x000000008c900000| Complete 
| 202|0x000000008ca00000, 0x000000008cb00000, 0x000000008cb00000|100%| E|CS|TAMS 0x000000008ca00000, 0x000000008ca00000| Complete 
| 203|0x000000008cb00000, 0x000000008cc00000, 0x000000008cc00000|100%| E|CS|TAMS 0x000000008cb00000, 0x000000008cb00000| Complete 
| 204|0x000000008cc00000, 0x000000008cd00000, 0x000000008cd00000|100%| E|CS|TAMS 0x000000008cc00000, 0x000000008cc00000| Complete 
| 205|0x000000008cd00000, 0x000000008ce00000, 0x000000008ce00000|100%| E|CS|TAMS 0x000000008cd00000, 0x000000008cd00000| Complete 
| 206|0x000000008ce00000, 0x000000008cf00000, 0x000000008cf00000|100%| E|CS|TAMS 0x000000008ce00000, 0x000000008ce00000| Complete 
| 207|0x000000008cf00000, 0x000000008d000000, 0x000000008d000000|100%| E|CS|TAMS 0x000000008cf00000, 0x000000008cf00000| Complete 
| 208|0x000000008d000000, 0x000000008d100000, 0x000000008d100000|100%| E|CS|TAMS 0x000000008d000000, 0x000000008d000000| Complete 
| 209|0x000000008d100000, 0x000000008d200000, 0x000000008d200000|100%| E|CS|TAMS 0x000000008d100000, 0x000000008d100000| Complete 
| 210|0x000000008d200000, 0x000000008d300000, 0x000000008d300000|100%| E|CS|TAMS 0x000000008d200000, 0x000000008d200000| Complete 
| 211|0x000000008d300000, 0x000000008d400000, 0x000000008d400000|100%| E|CS|TAMS 0x000000008d300000, 0x000000008d300000| Complete 
| 212|0x000000008d400000, 0x000000008d500000, 0x000000008d500000|100%| E|CS|TAMS 0x000000008d400000, 0x000000008d400000| Complete 
| 213|0x000000008d500000, 0x000000008d600000, 0x000000008d600000|100%| E|CS|TAMS 0x000000008d500000, 0x000000008d500000| Complete 
| 214|0x000000008d600000, 0x000000008d700000, 0x000000008d700000|100%| E|CS|TAMS 0x000000008d600000, 0x000000008d600000| Complete 
| 215|0x000000008d700000, 0x000000008d800000, 0x000000008d800000|100%| E|CS|TAMS 0x000000008d700000, 0x000000008d700000| Complete 
| 216|0x000000008d800000, 0x000000008d900000, 0x000000008d900000|100%| E|CS|TAMS 0x000000008d800000, 0x000000008d800000| Complete 
| 217|0x000000008d900000, 0x000000008da00000, 0x000000008da00000|100%| E|CS|TAMS 0x000000008d900000, 0x000000008d900000| Complete 
| 218|0x000000008da00000, 0x000000008db00000, 0x000000008db00000|100%| E|CS|TAMS 0x000000008da00000, 0x000000008da00000| Complete 
| 219|0x000000008db00000, 0x000000008dc00000, 0x000000008dc00000|100%| E|CS|TAMS 0x000000008db00000, 0x000000008db00000| Complete 
| 220|0x000000008dc00000, 0x000000008dd00000, 0x000000008dd00000|100%| E|CS|TAMS 0x000000008dc00000, 0x000000008dc00000| Complete 
| 221|0x000000008dd00000, 0x000000008de00000, 0x000000008de00000|100%| E|CS|TAMS 0x000000008dd00000, 0x000000008dd00000| Complete 
| 222|0x000000008de00000, 0x000000008de84dd8, 0x000000008df00000| 51%| S|CS|TAMS 0x000000008de00000, 0x000000008de00000| Complete 
| 223|0x000000008df00000, 0x000000008e000000, 0x000000008e000000|100%| S|CS|TAMS 0x000000008df00000, 0x000000008df00000| Complete 
| 224|0x000000008e000000, 0x000000008e100000, 0x000000008e100000|100%| S|CS|TAMS 0x000000008e000000, 0x000000008e000000| Complete 
| 225|0x000000008e100000, 0x000000008e200000, 0x000000008e200000|100%| S|CS|TAMS 0x000000008e100000, 0x000000008e100000| Complete 
| 226|0x000000008e200000, 0x000000008e300000, 0x000000008e300000|100%| S|CS|TAMS 0x000000008e200000, 0x000000008e200000| Complete 
| 227|0x000000008e300000, 0x000000008e400000, 0x000000008e400000|100%| S|CS|TAMS 0x000000008e300000, 0x000000008e300000| Complete 
| 228|0x000000008e400000, 0x000000008e500000, 0x000000008e500000|100%| S|CS|TAMS 0x000000008e400000, 0x000000008e400000| Complete 
| 229|0x000000008e500000, 0x000000008e600000, 0x000000008e600000|100%| S|CS|TAMS 0x000000008e500000, 0x000000008e500000| Complete 
| 230|0x000000008e600000, 0x000000008e700000, 0x000000008e700000|100%| E|CS|TAMS 0x000000008e600000, 0x000000008e600000| Complete 
| 231|0x000000008e700000, 0x000000008e800000, 0x000000008e800000|100%| E|CS|TAMS 0x000000008e700000, 0x000000008e700000| Complete 
| 232|0x000000008e800000, 0x000000008e900000, 0x000000008e900000|100%| E|CS|TAMS 0x000000008e800000, 0x000000008e800000| Complete 
| 233|0x000000008e900000, 0x000000008ea00000, 0x000000008ea00000|100%| E|CS|TAMS 0x000000008e900000, 0x000000008e900000| Complete 
| 234|0x000000008ea00000, 0x000000008eb00000, 0x000000008eb00000|100%| E|CS|TAMS 0x000000008ea00000, 0x000000008ea00000| Complete 
| 235|0x000000008eb00000, 0x000000008ec00000, 0x000000008ec00000|100%| E|CS|TAMS 0x000000008eb00000, 0x000000008eb00000| Complete 
| 236|0x000000008ec00000, 0x000000008ed00000, 0x000000008ed00000|100%| E|CS|TAMS 0x000000008ec00000, 0x000000008ec00000| Complete 
| 237|0x000000008ed00000, 0x000000008ee00000, 0x000000008ee00000|100%| E|CS|TAMS 0x000000008ed00000, 0x000000008ed00000| Complete 
| 238|0x000000008ee00000, 0x000000008ef00000, 0x000000008ef00000|100%| E|CS|TAMS 0x000000008ee00000, 0x000000008ee00000| Complete 
| 239|0x000000008ef00000, 0x000000008f000000, 0x000000008f000000|100%| E|CS|TAMS 0x000000008ef00000, 0x000000008ef00000| Complete 
| 240|0x000000008f000000, 0x000000008f100000, 0x000000008f100000|100%| E|CS|TAMS 0x000000008f000000, 0x000000008f000000| Complete 
| 241|0x000000008f100000, 0x000000008f200000, 0x000000008f200000|100%| E|CS|TAMS 0x000000008f100000, 0x000000008f100000| Complete 
| 242|0x000000008f200000, 0x000000008f300000, 0x000000008f300000|100%| E|CS|TAMS 0x000000008f200000, 0x000000008f200000| Complete 
| 243|0x000000008f300000, 0x000000008f400000, 0x000000008f400000|100%| E|CS|TAMS 0x000000008f300000, 0x000000008f300000| Complete 
| 244|0x000000008f400000, 0x000000008f500000, 0x000000008f500000|100%| E|CS|TAMS 0x000000008f400000, 0x000000008f400000| Complete 
| 245|0x000000008f500000, 0x000000008f600000, 0x000000008f600000|100%| E|CS|TAMS 0x000000008f500000, 0x000000008f500000| Complete 
| 246|0x000000008f600000, 0x000000008f700000, 0x000000008f700000|100%| E|CS|TAMS 0x000000008f600000, 0x000000008f600000| Complete 
| 247|0x000000008f700000, 0x000000008f800000, 0x000000008f800000|100%| E|CS|TAMS 0x000000008f700000, 0x000000008f700000| Complete 
| 248|0x000000008f800000, 0x000000008f900000, 0x000000008f900000|100%| E|CS|TAMS 0x000000008f800000, 0x000000008f800000| Complete 
| 249|0x000000008f900000, 0x000000008fa00000, 0x000000008fa00000|100%| E|CS|TAMS 0x000000008f900000, 0x000000008f900000| Complete 
| 250|0x000000008fa00000, 0x000000008fb00000, 0x000000008fb00000|100%| E|CS|TAMS 0x000000008fa00000, 0x000000008fa00000| Complete 
| 251|0x000000008fb00000, 0x000000008fc00000, 0x000000008fc00000|100%| E|CS|TAMS 0x000000008fb00000, 0x000000008fb00000| Complete 
| 252|0x000000008fc00000, 0x000000008fd00000, 0x000000008fd00000|100%| E|CS|TAMS 0x000000008fc00000, 0x000000008fc00000| Complete 
| 253|0x000000008fd00000, 0x000000008fe00000, 0x000000008fe00000|100%| E|CS|TAMS 0x000000008fd00000, 0x000000008fd00000| Complete 

Card table byte_map: [0x0000017296610000,0x0000017296a10000] _byte_map_base: 0x0000017296210000

Marking Bits (Prev, Next): (CMBitMap*) 0x00000172fd5a8650, (CMBitMap*) 0x00000172fd5a8618
 Prev Bits: [0x0000017298e10000, 0x000001729ae10000)
 Next Bits: [0x0000017296e10000, 0x0000017298e10000)

Polling page: 0x00000172fd630000

Metaspace:

Usage:
  Non-class:     35.31 MB capacity,    34.64 MB ( 98%) used,   585.31 KB (  2%) free+waste,   103.50 KB ( <1%) overhead. 
      Class:      5.46 MB capacity,     5.06 MB ( 93%) used,   354.41 KB (  6%) free+waste,    52.12 KB ( <1%) overhead. 
       Both:     40.77 MB capacity,    39.70 MB ( 97%) used,   939.73 KB (  2%) free+waste,   155.62 KB ( <1%) overhead. 

Virtual space:
  Non-class space:       36.00 MB reserved,      35.42 MB ( 98%) committed 
      Class space:      504.00 MB reserved,       5.57 MB (  1%) committed 
             Both:      540.00 MB reserved,      41.00 MB (  8%) committed 

Chunk freelists:
   Non-Class:  6.50 KB
       Class:  1.25 KB
        Both:  7.75 KB

CodeHeap 'non-profiled nmethods': size=120000Kb used=2102Kb max_used=2102Kb free=117897Kb
 bounds [0x000001728f0e0000, 0x000001728f350000, 0x0000017296610000]
CodeHeap 'profiled nmethods': size=120000Kb used=8417Kb max_used=8417Kb free=111582Kb
 bounds [0x0000017287bb0000, 0x00000172883f0000, 0x000001728f0e0000]
CodeHeap 'non-nmethods': size=5760Kb used=2204Kb max_used=2246Kb free=3555Kb
 bounds [0x0000017287610000, 0x0000017287880000, 0x0000017287bb0000]
 total_blobs=4775 nmethods=4005 adapters=681
 compilation: enabled
              stopped_count=0, restarted_count=0
 full_count=0

Compilation events (10 events):
Event: 129.933 Thread 0x000001729e346800 nmethod 4030 0x00000172883e7790 code [0x00000172883e7960, 0x00000172883e7c88]
Event: 132.785 Thread 0x000001729e346800 4031       1       java.lang.management.MemoryUsage::getUsed (5 bytes)
Event: 132.786 Thread 0x000001729e346800 nmethod 4031 0x000001728f2ed410 code [0x000001728f2ed5a0, 0x000001728f2ed658]
Event: 133.629 Thread 0x000001729e346800 4032       3       org.gradle.launcher.daemon.registry.PersistentDaemonRegistry$1::isSatisfiedBy (9 bytes)
Event: 133.630 Thread 0x000001729e346800 nmethod 4032 0x00000172883e7d90 code [0x00000172883e7f40, 0x00000172883e8238]
Event: 133.630 Thread 0x000001729e346800 4033       3       org.gradle.launcher.daemon.registry.PersistentDaemonRegistry$1::isSatisfiedBy (16 bytes)
Event: 133.631 Thread 0x000001729e346800 nmethod 4033 0x00000172883e8390 code [0x00000172883e8520, 0x00000172883e86b8]
Event: 134.949 Thread 0x000001729e345000 4034       4       java.util.stream.AbstractPipeline::sequential (10 bytes)
Event: 134.950 Thread 0x000001729e345000 nmethod 4034 0x000001728f2ed710 code [0x000001728f2ed880, 0x000001728f2ed8f8]
Event: 138.938 Thread 0x000001729e345000 4035       4       javax.management.ObjectName::construct (1135 bytes)

GC Heap History (10 events):
Event: 24.760 GC heap before
{Heap before GC invocations=0 (full 0):
 garbage-first heap   total 260096K, used 27648K [0x0000000080000000, 0x0000000100000000)
  region size 1024K, 24 young (24576K), 0 survivors (0K)
 Metaspace       used 9998K, capacity 10257K, committed 10368K, reserved 526336K
  class space    used 1039K, capacity 1107K, committed 1152K, reserved 516096K
}
Event: 25.575 GC heap after
{Heap after GC invocations=1 (full 0):
 garbage-first heap   total 260096K, used 10589K [0x0000000080000000, 0x0000000100000000)
  region size 1024K, 3 young (3072K), 3 survivors (3072K)
 Metaspace       used 9998K, capacity 10257K, committed 10368K, reserved 526336K
  class space    used 1039K, capacity 1107K, committed 1152K, reserved 516096K
}
Event: 69.068 GC heap before
{Heap before GC invocations=1 (full 0):
 garbage-first heap   total 260096K, used 102749K [0x0000000080000000, 0x0000000100000000)
  region size 1024K, 94 young (96256K), 3 survivors (3072K)
 Metaspace       used 20763K, capacity 21220K, committed 21296K, reserved 536576K
  class space    used 2521K, capacity 2688K, committed 2688K, reserved 516096K
}
Event: 69.258 GC heap after
{Heap after GC invocations=2 (full 0):
 garbage-first heap   total 260096K, used 18057K [0x0000000080000000, 0x0000000100000000)
  region size 1024K, 11 young (11264K), 11 survivors (11264K)
 Metaspace       used 20763K, capacity 21220K, committed 21296K, reserved 536576K
  class space    used 2521K, capacity 2688K, committed 2688K, reserved 516096K
}
Event: 70.404 GC heap before
{Heap before GC invocations=3 (full 0):
 garbage-first heap   total 260096K, used 31369K [0x0000000080000000, 0x0000000100000000)
  region size 1024K, 24 young (24576K), 11 survivors (11264K)
 Metaspace       used 22036K, capacity 22475K, committed 22652K, reserved 536576K
  class space    used 2729K, capacity 2892K, committed 3020K, reserved 516096K
}
Event: 70.421 GC heap after
{Heap after GC invocations=4 (full 0):
 garbage-first heap   total 260096K, used 18826K [0x0000000080000000, 0x0000000100000000)
  region size 1024K, 1 young (1024K), 1 survivors (1024K)
 Metaspace       used 22036K, capacity 22475K, committed 22652K, reserved 536576K
  class space    used 2729K, capacity 2892K, committed 3020K, reserved 516096K
}
Event: 78.505 GC heap before
{Heap before GC invocations=5 (full 0):
 garbage-first heap   total 260096K, used 116106K [0x0000000080000000, 0x0000000100000000)
  region size 1024K, 96 young (98304K), 1 survivors (1024K)
 Metaspace       used 31061K, capacity 31793K, committed 32124K, reserved 544768K
  class space    used 4162K, capacity 4438K, committed 4556K, reserved 516096K
}
Event: 78.512 GC heap after
{Heap after GC invocations=6 (full 0):
 garbage-first heap   total 260096K, used 21943K [0x0000000080000000, 0x0000000100000000)
  region size 1024K, 4 young (4096K), 4 survivors (4096K)
 Metaspace       used 31061K, capacity 31793K, committed 32124K, reserved 544768K
  class space    used 4162K, capacity 4438K, committed 4556K, reserved 516096K
}
Event: 80.871 GC heap before
{Heap before GC invocations=6 (full 0):
 garbage-first heap   total 260096K, used 44471K [0x0000000080000000, 0x0000000100000000)
  region size 1024K, 28 young (28672K), 4 survivors (4096K)
 Metaspace       used 37201K, capacity 38055K, committed 38140K, reserved 550912K
  class space    used 4806K, capacity 5149K, committed 5196K, reserved 516096K
}
Event: 80.884 GC heap after
{Heap after GC invocations=7 (full 0):
 garbage-first heap   total 260096K, used 25748K [0x0000000080000000, 0x0000000100000000)
  region size 1024K, 8 young (8192K), 8 survivors (8192K)
 Metaspace       used 37201K, capacity 38055K, committed 38140K, reserved 550912K
  class space    used 4806K, capacity 5149K, committed 5196K, reserved 516096K
}

Deoptimization events (10 events):
Event: 91.071 Thread 0x000001729fca8800 Uncommon trap: reason=bimorphic_or_optimized_type_check action=maybe_recompile pc=0x000001728f230cec method=java.util.stream.ReferencePipeline.forEachWithCancel(Ljava/util/Spliterator;Ljava/util/stream/Sink;)Z @ 1 c2
Event: 91.213 Thread 0x000001729fca8800 Uncommon trap: reason=unstable_if action=reinterpret pc=0x000001728f15c090 method=java.util.zip.ZipFile$Source.initCEN(ILjava/util/zip/ZipCoder;)V @ 665 c2
Event: 91.213 Thread 0x000001729fca8800 Uncommon trap: reason=unstable_if action=reinterpret pc=0x000001728f295418 method=java.net.URLClassLoader.defineClass(Ljava/lang/String;Ljdk/internal/loader/Resource;)Ljava/lang/Class; @ 21 c2
Event: 91.217 Thread 0x000001729fca8800 Uncommon trap: reason=unstable_if action=reinterpret pc=0x000001728f208e54 method=java.lang.Class.getPackageName()Ljava/lang/String; @ 55 c2
Event: 91.260 Thread 0x000001729fca8800 Uncommon trap: reason=unstable_if action=reinterpret pc=0x000001728f29d2cc method=java.util.stream.StreamOpFlag.fromCharacteristics(Ljava/util/Spliterator;)I @ 10 c2
Event: 91.382 Thread 0x000001729fca8800 Uncommon trap: reason=class_check action=maybe_recompile pc=0x000001728f276a40 method=java.util.regex.Pattern$Start.match(Ljava/util/regex/Matcher;ILjava/lang/CharSequence;)Z @ 44 c2
Event: 91.383 Thread 0x000001729fca8800 Uncommon trap: reason=class_check action=maybe_recompile pc=0x000001728f276a40 method=java.util.regex.Pattern$Start.match(Ljava/util/regex/Matcher;ILjava/lang/CharSequence;)Z @ 44 c2
Event: 91.700 Thread 0x000001729fca8800 Uncommon trap: reason=class_check action=maybe_recompile pc=0x000001728f276a40 method=java.util.regex.Pattern$Start.match(Ljava/util/regex/Matcher;ILjava/lang/CharSequence;)Z @ 44 c2
Event: 91.804 Thread 0x000001729fca8800 Uncommon trap: reason=unstable_if action=reinterpret pc=0x000001728f11bb84 method=java.lang.StringCoding.encodeUTF8(B[BZ)[B @ 2 c2
Event: 113.385 Thread 0x000001729fca8800 Uncommon trap: reason=unstable_if action=reinterpret pc=0x000001728f17e400 method=java.util.concurrent.ConcurrentHashMap.putVal(Ljava/lang/Object;Ljava/lang/Object;Z)Ljava/lang/Object; @ 231 c2

Classes redefined (0 events):
No events

Internal exceptions (10 events):
Event: 113.850 Thread 0x000001729fca8800 Exception <a 'java/lang/ClassNotFoundException'{0x000000008bb7bb40}: java/io/InputStreamReaderBeanInfo> (0x000000008bb7bb40) thrown at [./open/src/hotspot/share/classfile/systemDictionary.cpp, line 226]
Event: 113.851 Thread 0x000001729fca8800 Exception <a 'java/lang/ClassNotFoundException'{0x000000008bb81768}: java/io/ReaderBeanInfo> (0x000000008bb81768) thrown at [./open/src/hotspot/share/classfile/systemDictionary.cpp, line 226]
Event: 113.851 Thread 0x000001729fca8800 Exception <a 'java/lang/ClassNotFoundException'{0x000000008bb870e8}: java/io/ReaderCustomizer> (0x000000008bb870e8) thrown at [./open/src/hotspot/share/classfile/systemDictionary.cpp, line 226]
Event: 113.852 Thread 0x000001729fca8800 Exception <a 'java/lang/ClassNotFoundException'{0x000000008bb91ea0}: java/io/InputStreamReaderCustomizer> (0x000000008bb91ea0) thrown at [./open/src/hotspot/share/classfile/systemDictionary.cpp, line 226]
Event: 113.857 Thread 0x000001729fca8800 Exception <a 'java/lang/ClassNotFoundException'{0x000000008bbb5f28}: java/io/BufferedReaderBeanInfo> (0x000000008bbb5f28) thrown at [./open/src/hotspot/share/classfile/systemDictionary.cpp, line 226]
Event: 113.857 Thread 0x000001729fca8800 Exception <a 'java/lang/ClassNotFoundException'{0x000000008bbbb8e8}: java/io/BufferedReaderCustomizer> (0x000000008bbbb8e8) thrown at [./open/src/hotspot/share/classfile/systemDictionary.cpp, line 226]
Event: 113.867 Thread 0x000001729fca8800 Exception <a 'java/lang/ClassNotFoundException'{0x000000008baf2e38}: java/lang/StringBufferBeanInfo> (0x000000008baf2e38) thrown at [./open/src/hotspot/share/classfile/systemDictionary.cpp, line 226]
Event: 113.868 Thread 0x000001729fca8800 Exception <a 'java/lang/ClassNotFoundException'{0x000000008baf8870}: java/lang/AbstractStringBuilderBeanInfo> (0x000000008baf8870) thrown at [./open/src/hotspot/share/classfile/systemDictionary.cpp, line 226]
Event: 113.868 Thread 0x000001729fca8800 Exception <a 'java/lang/ClassNotFoundException'{0x000000008bafe3e0}: java/lang/AbstractStringBuilderCustomizer> (0x000000008bafe3e0) thrown at [./open/src/hotspot/share/classfile/systemDictionary.cpp, line 226]
Event: 113.891 Thread 0x000001729fca8800 Exception <a 'java/lang/ClassNotFoundException'{0x000000008b9e1dd0}: java/lang/StringBufferCustomizer> (0x000000008b9e1dd0) thrown at [./open/src/hotspot/share/classfile/systemDictionary.cpp, line 226]

Events (10 events):
Event: 113.868 loading class java/lang/AbstractStringBuilderCustomizer done
Event: 113.891 loading class java/lang/StringBufferCustomizer
Event: 113.891 loading class java/lang/StringBufferCustomizer done
Event: 113.891 loading class java/lang/StringBufferCustomizer
Event: 113.891 loading class java/lang/StringBufferCustomizer done
Event: 113.897 loading class groovy/lang/GroovyRuntimeException
Event: 113.897 loading class groovy/lang/GroovyRuntimeException done
Event: 127.794 Executing VM operation: RevokeBias
Event: 127.796 Executing VM operation: RevokeBias done
Event: 127.796 Thread 0x00000172a06c0000 Thread exited: 0x00000172a06c0000


Dynamic libraries:
0x00007ff67d6a0000 - 0x00007ff67d6b0000 	C:\Program Files\Java\jdk-11\bin\java.exe
0x00007ffa33cd0000 - 0x00007ffa33ee7000 	C:\Windows\SYSTEM32\ntdll.dll
0x00007ffa32770000 - 0x00007ffa32834000 	C:\Windows\System32\KERNEL32.DLL
0x00007ffa310c0000 - 0x00007ffa31466000 	C:\Windows\System32\KERNELBASE.dll
0x00007ffa31530000 - 0x00007ffa31641000 	C:\Windows\System32\ucrtbase.dll
0x00007ffa0f8b0000 - 0x00007ffa0f8c9000 	C:\Program Files\Java\jdk-11\bin\jli.dll
0x00007ffa32550000 - 0x00007ffa32603000 	C:\Windows\System32\ADVAPI32.dll
0x00007ffa33600000 - 0x00007ffa336a7000 	C:\Windows\System32\msvcrt.dll
0x00007ffa33710000 - 0x00007ffa337b8000 	C:\Windows\System32\sechost.dll
0x00007ffa31810000 - 0x00007ffa31838000 	C:\Windows\System32\bcrypt.dll
0x00007ffa31ce0000 - 0x00007ffa31df7000 	C:\Windows\System32\RPCRT4.dll
0x00007ffa32840000 - 0x00007ffa329ee000 	C:\Windows\System32\USER32.dll
0x00007ffa31090000 - 0x00007ffa310b6000 	C:\Windows\System32\win32u.dll
0x00007ffa333b0000 - 0x00007ffa333d9000 	C:\Windows\System32\GDI32.dll
0x00007ffa316f0000 - 0x00007ffa31808000 	C:\Windows\System32\gdi32full.dll
0x00007ffa31650000 - 0x00007ffa316ea000 	C:\Windows\System32\msvcp_win.dll
0x00007ffa13230000 - 0x00007ffa1324b000 	C:\Program Files\Java\jdk-11\bin\VCRUNTIME140.dll
0x00007ffa108a0000 - 0x00007ffa10b33000 	C:\Windows\WinSxS\amd64_microsoft.windows.common-controls_6595b64144ccf1df_6.0.22621.2506_none_270c5ae97388e100\COMCTL32.dll
0x00007ffa2d2f0000 - 0x00007ffa2d2fa000 	C:\Windows\SYSTEM32\VERSION.dll
0x00007ffa33c50000 - 0x00007ffa33c81000 	C:\Windows\System32\IMM32.DLL
0x00007ffa24ba0000 - 0x00007ffa24bac000 	C:\Program Files\Java\jdk-11\bin\vcruntime140_1.dll
0x00007ff9ee770000 - 0x00007ff9ee7fe000 	C:\Program Files\Java\jdk-11\bin\msvcp140.dll
0x00007ff989e50000 - 0x00007ff98a9bd000 	C:\Program Files\Java\jdk-11\bin\server\jvm.dll
0x00007ffa333e0000 - 0x00007ffa333e8000 	C:\Windows\System32\PSAPI.DLL
0x00007ffa189a0000 - 0x00007ffa189a9000 	C:\Windows\SYSTEM32\WSOCK32.dll
0x00007ffa337c0000 - 0x00007ffa33831000 	C:\Windows\System32\WS2_32.dll
0x00007ffa24b20000 - 0x00007ffa24b54000 	C:\Windows\SYSTEM32\WINMM.dll
0x00007ffa30110000 - 0x00007ffa30128000 	C:\Windows\SYSTEM32\kernel.appcore.dll
0x00007ffa246a0000 - 0x00007ffa246b0000 	C:\Program Files\Java\jdk-11\bin\verify.dll
0x00007ffa2e920000 - 0x00007ffa2eb53000 	C:\Windows\SYSTEM32\DBGHELP.DLL
0x00007ffa33860000 - 0x00007ffa33be9000 	C:\Windows\System32\combase.dll
0x00007ffa32610000 - 0x00007ffa326e7000 	C:\Windows\System32\OLEAUT32.dll
0x00007ffa23040000 - 0x00007ffa23072000 	C:\Windows\SYSTEM32\dbgcore.DLL
0x00007ffa31010000 - 0x00007ffa3108a000 	C:\Windows\System32\bcryptPrimitives.dll
0x00007ff9fb100000 - 0x00007ff9fb128000 	C:\Program Files\Java\jdk-11\bin\java.dll
0x00007ffa1e4a0000 - 0x00007ffa1e4aa000 	C:\Program Files\Java\jdk-11\bin\jimage.dll
0x00007ffa03fb0000 - 0x00007ffa03fc7000 	C:\Program Files\Java\jdk-11\bin\zip.dll
0x00007ffa32b50000 - 0x00007ffa333ab000 	C:\Windows\System32\SHELL32.dll
0x00007ffa2ef30000 - 0x00007ffa2f826000 	C:\Windows\SYSTEM32\windows.storage.dll
0x00007ffa2edf0000 - 0x00007ffa2ef2e000 	C:\Windows\SYSTEM32\wintypes.dll
0x00007ffa33410000 - 0x00007ffa33503000 	C:\Windows\System32\SHCORE.dll
0x00007ffa335a0000 - 0x00007ffa335fe000 	C:\Windows\System32\shlwapi.dll
0x00007ffa30f40000 - 0x00007ffa30f66000 	C:\Windows\SYSTEM32\profapi.dll
0x00007ff9ff670000 - 0x00007ff9ff689000 	C:\Program Files\Java\jdk-11\bin\net.dll
0x00007ffa26cc0000 - 0x00007ffa26df7000 	C:\Windows\SYSTEM32\WINHTTP.dll
0x00007ffa305c0000 - 0x00007ffa30629000 	C:\Windows\system32\mswsock.dll
0x00007ff9fbb00000 - 0x00007ff9fbb12000 	C:\Program Files\Java\jdk-11\bin\nio.dll
0x00007ff9fb060000 - 0x00007ff9fb087000 	C:\Users\dlara\.gradle\native\68d5fa5c4cc2d200863cafc0d521ce42e7d3e7ee720ec0a83991735586a16f82\windows-amd64\native-platform.dll
0x00007ff9e78c0000 - 0x00007ff9e7a04000 	C:\Users\dlara\.gradle\native\e376f236ea51e6404a007f0833ffe2c6e607c4080706a723a18a27aeea778392\windows-amd64\native-platform-file-events.dll
0x00007ffa1e2e0000 - 0x00007ffa1e2e9000 	C:\Program Files\Java\jdk-11\bin\management.dll
0x00007ffa13220000 - 0x00007ffa1322b000 	C:\Program Files\Java\jdk-11\bin\management_ext.dll
0x00007ffa30810000 - 0x00007ffa3082b000 	C:\Windows\SYSTEM32\CRYPTSP.dll
0x00007ffa30070000 - 0x00007ffa300a5000 	C:\Windows\system32\rsaenh.dll
0x00007ffa306b0000 - 0x00007ffa306dc000 	C:\Windows\SYSTEM32\USERENV.dll
0x00007ffa30830000 - 0x00007ffa3083c000 	C:\Windows\SYSTEM32\CRYPTBASE.dll
0x00007ffa2fb00000 - 0x00007ffa2fb2d000 	C:\Windows\SYSTEM32\IPHLPAPI.DLL
0x00007ffa33400000 - 0x00007ffa33409000 	C:\Windows\System32\NSI.dll
0x00007ffa26b50000 - 0x00007ffa26b69000 	C:\Windows\SYSTEM32\dhcpcsvc6.DLL
0x00007ffa26af0000 - 0x00007ffa26b0f000 	C:\Windows\SYSTEM32\dhcpcsvc.DLL
0x00007ffa2fb70000 - 0x00007ffa2fc69000 	C:\Windows\SYSTEM32\DNSAPI.dll

dbghelp: loaded successfully - version: 4.0.5 - missing functions: none
symbol engine: initialized successfully - sym options: 0x614 - pdb path: .;C:\Program Files\Java\jdk-11\bin;C:\Windows\SYSTEM32;C:\Windows\WinSxS\amd64_microsoft.windows.common-controls_6595b64144ccf1df_6.0.22621.2506_none_270c5ae97388e100;C:\Program Files\Java\jdk-11\bin\server;C:\Users\dlara\.gradle\native\68d5fa5c4cc2d200863cafc0d521ce42e7d3e7ee720ec0a83991735586a16f82\windows-amd64;C:\Users\dlara\.gradle\native\e376f236ea51e6404a007f0833ffe2c6e607c4080706a723a18a27aeea778392\windows-amd64

VM Arguments:
jvm_args: -XX:MaxMetaspaceSize=512m --add-opens=java.base/java.util=ALL-UNNAMED --add-opens=java.base/java.lang=ALL-UNNAMED --add-opens=java.base/java.lang.invoke=ALL-UNNAMED --add-opens=java.prefs/java.util.prefs=ALL-UNNAMED --add-opens=java.base/java.nio.charset=ALL-UNNAMED --add-opens=java.base/java.net=ALL-UNNAMED --add-opens=java.base/java.util.concurrent.atomic=ALL-UNNAMED -Xmx2048m -Dfile.encoding=windows-1252 -Duser.country=GT -Duser.language=es -Duser.variant 
java_command: org.gradle.launcher.daemon.bootstrap.GradleDaemon 8.0.1
java_class_path (initial): C:\Users\dlara\.gradle\wrapper\dists\gradle-8.0.1-all\aro4hu1c3oeioove7l0i4i14o\gradle-8.0.1\lib\gradle-launcher-8.0.1.jar
Launcher Type: SUN_STANDARD

[Global flags]
     intx CICompilerCount                          = 4                                         {product} {ergonomic}
   size_t CompressedClassSpaceSize                 = 528482304                                 {product} {ergonomic}
     uint ConcGCThreads                            = 3                                         {product} {ergonomic}
     uint G1ConcRefinementThreads                  = 10                                        {product} {ergonomic}
   size_t G1HeapRegionSize                         = 1048576                                   {product} {ergonomic}
    uintx GCDrainStackTargetSize                   = 64                                        {product} {ergonomic}
   size_t InitialHeapSize                          = 266338304                                 {product} {ergonomic}
   size_t MarkStackSize                            = 4194304                                   {product} {ergonomic}
   size_t MaxHeapSize                              = 2147483648                                {product} {command line}
   size_t MaxMetaspaceSize                         = 536870912                                 {product} {command line}
   size_t MaxNewSize                               = 1287651328                                {product} {ergonomic}
   size_t MinHeapDeltaBytes                        = 1048576                                   {product} {ergonomic}
    uintx NonNMethodCodeHeapSize                   = 5836300                                {pd product} {ergonomic}
    uintx NonProfiledCodeHeapSize                  = 122910970                              {pd product} {ergonomic}
    uintx ProfiledCodeHeapSize                     = 122910970                              {pd product} {ergonomic}
    uintx ReservedCodeCacheSize                    = 251658240                              {pd product} {ergonomic}
     bool SegmentedCodeCache                       = true                                      {product} {ergonomic}
     bool UseCompressedClassPointers               = true                                 {lp64_product} {ergonomic}
     bool UseCompressedOops                        = true                                 {lp64_product} {ergonomic}
     bool UseG1GC                                  = true                                      {product} {ergonomic}
     bool UseLargePagesIndividualAllocation        = false                                  {pd product} {ergonomic}

Logging:
Log output configuration:
 #0: stdout all=warning uptime,level,tags
 #1: stderr all=off uptime,level,tags

Environment Variables:
JAVA_HOME=C:\Program Files\Java\jdk-11
CLASSPATH=C:\Users\dlara\Documents\PROYECTOS\KINGO\fieldServices\android\\gradle\wrapper\gradle-wrapper.jar
PATH=C:\Users\dlara\Documents\PROYECTOS\KINGO\fieldServices\node_modules\.bin;C:\Users\dlara\Documents\PROYECTOS\KINGO\fieldServices\node_modules\.bin;C:\Users\dlara\Documents\PROYECTOS\KINGO\node_modules\.bin;C:\Users\dlara\Documents\PROYECTOS\node_modules\.bin;C:\Users\dlara\Documents\node_modules\.bin;C:\Users\dlara\node_modules\.bin;C:\Users\node_modules\.bin;C:\node_modules\.bin;C:\Users\dlara\Documents\PROYECTOS\KINGO\fieldServices\node_modules\npm\node_modules\@npmcli\run-script\lib\node-gyp-bin;C:\Users\dlara\Documents\PROYECTOS\KINGO\fieldServices\node_modules\.bin;C:\Users\dlara\Documents\PROYECTOS\KINGO\node_modules\.bin;C:\Users\dlara\Documents\PROYECTOS\node_modules\.bin;C:\Users\dlara\Documents\node_modules\.bin;C:\Users\dlara\node_modules\.bin;C:\Users\node_modules\.bin;C:\node_modules\.bin;C:\Users\dlara\AppData\Roaming\nvm\v20.10.0\node_modules\npm\node_modules\@npmcli\run-script\lib\node-gyp-bin;C:\Users\dlara\bin;C:\Program Files\Git\mingw64\bin;C:\Program Files\Git\usr\local\bin;C:\Program Files\Git\usr\bin;C:\Program Files\Git\usr\bin;C:\Program Files\Git\mingw64\bin;C:\Program Files\Git\usr\bin;C:\Users\dlara\bin;C:\Program Files\Common Files\Oracle\Java\javapath;C:\Windows\system32;C:\Windows;C:\Windows\System32\Wbem;C:\Windows\System32\WindowsPowerShell\v1.0;C:\Windows\System32\OpenSSH;C:\Program Files\Git\cmd;C:\Users\dlara\AppData\Local\Android\Sdk\platform-tools;%NVM_HOME%;%NVM_SYMLINK%;C:\Users\dlara\AppData\Local\Microsoft\WindowsApps;C:\Users\dlara\AppData\Local\Programs\Microsoft VS Code\bin;C:\Program Files\JetBrains\DataGrip 2023.2.3\bin;C:\Users\dlara\AppData\Roaming\nvm;C:\Program Files\nodejs;C:\Program Files\Git\usr\bin\vendor_perl;C:\Program Files\Git\usr\bin\core_perl
USERNAME=dlara
SHELL=C:\Program Files\Git\usr\bin\bash.exe
DISPLAY=needs-to-be-defined
OS=Windows_NT
PROCESSOR_IDENTIFIER=Intel64 Family 6 Model 158 Stepping 10, GenuineIntel



---------------  S Y S T E M  ---------------

OS: Windows 11 , 64 bit Build 22621 (10.0.22621.3085)
Hyper-V role detected

CPU:total 12 (initial active 12) (6 cores per cpu, 2 threads per core) family 6 model 158 stepping 10 microcode 0xde, cmov, cx8, fxsr, mmx, sse, sse2, sse3, ssse3, sse4.1, sse4.2, popcnt, avx, avx2, aes, clmul, erms, 3dnowpref, lzcnt, ht, tsc, tscinvbit, bmi1, bmi2, adx, fma

Memory: 4k page, system-wide physical 16177M (113M free)
TotalPageFile size 65329M (AvailPageFile size 64M)
current process WorkingSet (physical memory assigned to process): 210M, peak: 262M
current process commit charge ("private bytes"): 427M, peak: 448M

vm_info: Java HotSpot(TM) 64-Bit Server VM (11.0.21+9-LTS-193) for windows-amd64 JRE (11.0.21+9-LTS-193), built on Sep 13 2023 11:04:38 by "mach5one" with MS VC++ 17.1 (VS2022)

END.
