#
# There is insufficient memory for the Java Runtime Environment to continue.
# Native memory allocation (malloc) failed to allocate 32744 bytes for ChunkPool::allocate
# Possible reasons:
#   The system is out of physical RAM or swap space
#   The process is running with CompressedOops enabled, and the Java Heap may be blocking the growth of the native heap
# Possible solutions:
#   Reduce memory load on the system
#   Increase physical memory or swap space
#   Check if swap backing store is full
#   Decrease Java heap size (-Xmx/-Xms)
#   Decrease number of Java threads
#   Decrease Java thread stack sizes (-Xss)
#   Set larger code cache with -XX:ReservedCodeCacheSize=
#   JVM is running with Unscaled Compressed Oops mode in which the Java heap is
#     placed in the first 4GB address space. The Java Heap base address is the
#     maximum limit for the native heap growth. Please use -XX:HeapBaseMinAddress
#     to set the Java Heap base and to place the Java Heap above 4GB virtual address.
# This output file may be truncated or incomplete.
#
#  Out of Memory Error (./open/src/hotspot/share/memory/arena.cpp:81), pid=29704, tid=31788
#
# JRE version: Java(TM) SE Runtime Environment 18.9 (11.0.21+9) (build 11.0.21+9-LTS-193)
# Java VM: Java HotSpot(TM) 64-Bit Server VM 18.9 (11.0.21+9-LTS-193, mixed mode, tiered, compressed oops, g1 gc, windows-amd64)
# No core dump will be written. Minidumps are not enabled by default on client versions of Windows
#

---------------  S U M M A R Y ------------

Command Line: -XX:MaxMetaspaceSize=512m --add-opens=java.base/java.util=ALL-UNNAMED --add-opens=java.base/java.lang=ALL-UNNAMED --add-opens=java.base/java.lang.invoke=ALL-UNNAMED --add-opens=java.prefs/java.util.prefs=ALL-UNNAMED --add-opens=java.base/java.nio.charset=ALL-UNNAMED --add-opens=java.base/java.net=ALL-UNNAMED --add-opens=java.base/java.util.concurrent.atomic=ALL-UNNAMED -Xmx2048m -Dfile.encoding=windows-1252 -Duser.country=GT -Duser.language=es -Duser.variant org.gradle.launcher.daemon.bootstrap.GradleDaemon 8.0.1

Host: Intel(R) Core(TM) i7-9750H CPU @ 2.60GHz, 12 cores, 15G,  Windows 11 , 64 bit Build 22621 (10.0.22621.3085)
Time: Thu Mar 14 15:50:21 2024 Hora estándar, América Central elapsed time: 368.063878 seconds (0d 0h 6m 8s)

---------------  T H R E A D  ---------------

Current thread (0x000001a65c80c000):  JavaThread "C2 CompilerThread0" daemon [_thread_in_native, id=31788, stack(0x0000003085400000,0x0000003085500000)]


Current CompileTask:
C2: 368064 4190       4       java.util.concurrent.locks.AbstractQueuedSynchronizer$ConditionObject::unlinkCancelledWaiters (67 bytes)

Stack: [0x0000003085400000,0x0000003085500000]
Native frames: (J=compiled Java code, j=interpreted, Vv=VM code, C=native code)
V  [jvm.dll+0x66058a]
V  [jvm.dll+0x7a362f]
V  [jvm.dll+0x7a4cf9]
V  [jvm.dll+0x7a5393]
V  [jvm.dll+0x258f55]
V  [jvm.dll+0xb2c7f]
V  [jvm.dll+0xb2fcc]
V  [jvm.dll+0x5eea62]
V  [jvm.dll+0x5eec0a]
V  [jvm.dll+0x5f35ee]
V  [jvm.dll+0x5f3dda]
V  [jvm.dll+0x5f2a87]
V  [jvm.dll+0x211ab5]
V  [jvm.dll+0x210c08]
V  [jvm.dll+0x18cdb1]
V  [jvm.dll+0x220e99]
V  [jvm.dll+0x21f1bc]
V  [jvm.dll+0x7673c1]
V  [jvm.dll+0x75fc44]
V  [jvm.dll+0x65f435]
C  [ucrtbase.dll+0x29363]
C  [KERNEL32.DLL+0x1257d]
C  [ntdll.dll+0x5aa58]


---------------  P R O C E S S  ---------------

Threads class SMR info:
_java_thread_list=0x000001a6609299b0, length=35, elements={
0x000001a63daee000, 0x000001a65c7f0000, 0x000001a65c7f2000, 0x000001a65c807800,
0x000001a65c809800, 0x000001a65c80a800, 0x000001a65c80c000, 0x000001a65c854800,
0x000001a65c85a000, 0x000001a65c9ce000, 0x000001a65e0f1000, 0x000001a65db01000,
0x000001a65dfd6800, 0x000001a65d65a000, 0x000001a65d65e800, 0x000001a65d2f1800,
0x000001a65db00000, 0x000001a65e25d000, 0x000001a65df9b000, 0x000001a65df98000,
0x000001a65df99800, 0x000001a65df97000, 0x000001a65df9c000, 0x000001a65df98800,
0x000001a65df9d800, 0x000001a65df9a800, 0x000001a65df9d000, 0x000001a65ec12000,
0x000001a65ec10800, 0x000001a65ec11000, 0x000001a65ec0e000, 0x000001a65ec13800,
0x000001a65ec14800, 0x000001a65ec15000, 0x000001a65ec0f800
}

Java Threads: ( => current thread )
  0x000001a63daee000 JavaThread "main" [_thread_blocked, id=26604, stack(0x0000003084800000,0x0000003084900000)]
  0x000001a65c7f0000 JavaThread "Reference Handler" daemon [_thread_blocked, id=47004, stack(0x0000003084f00000,0x0000003085000000)]
  0x000001a65c7f2000 JavaThread "Finalizer" daemon [_thread_blocked, id=35188, stack(0x0000003085000000,0x0000003085100000)]
  0x000001a65c807800 JavaThread "Signal Dispatcher" daemon [_thread_blocked, id=11704, stack(0x0000003085100000,0x0000003085200000)]
  0x000001a65c809800 JavaThread "Attach Listener" daemon [_thread_blocked, id=40332, stack(0x0000003085200000,0x0000003085300000)]
  0x000001a65c80a800 JavaThread "Service Thread" daemon [_thread_blocked, id=30844, stack(0x0000003085300000,0x0000003085400000)]
=>0x000001a65c80c000 JavaThread "C2 CompilerThread0" daemon [_thread_in_native, id=31788, stack(0x0000003085400000,0x0000003085500000)]
  0x000001a65c854800 JavaThread "C1 CompilerThread0" daemon [_thread_blocked, id=24108, stack(0x0000003085500000,0x0000003085600000)]
  0x000001a65c85a000 JavaThread "Sweeper thread" daemon [_thread_blocked, id=34856, stack(0x0000003085600000,0x0000003085700000)]
  0x000001a65c9ce000 JavaThread "Common-Cleaner" daemon [_thread_blocked, id=31560, stack(0x0000003085700000,0x0000003085800000)]
  0x000001a65e0f1000 JavaThread "Daemon health stats" [_thread_blocked, id=3956, stack(0x0000003084600000,0x0000003084700000)]
  0x000001a65db01000 JavaThread "Incoming local TCP Connector on port 64030" [_thread_in_native, id=30928, stack(0x0000003085f00000,0x0000003086000000)]
  0x000001a65dfd6800 JavaThread "Daemon periodic checks" [_thread_blocked, id=49432, stack(0x0000003086000000,0x0000003086100000)]
  0x000001a65d65a000 JavaThread "Daemon" [_thread_blocked, id=51776, stack(0x0000003086100000,0x0000003086200000)]
  0x000001a65d65e800 JavaThread "Handler for socket connection from /127.0.0.1:64030 to /127.0.0.1:64059" [_thread_in_native, id=51784, stack(0x0000003086200000,0x0000003086300000)]
  0x000001a65d2f1800 JavaThread "Cancel handler" [_thread_blocked, id=52020, stack(0x0000003086300000,0x0000003086400000)]
  0x000001a65db00000 JavaThread "Daemon worker" [_thread_in_native, id=54124, stack(0x0000003084700000,0x0000003084800000)]
  0x000001a65e25d000 JavaThread "Asynchronous log dispatcher for DefaultDaemonConnection: socket connection from /127.0.0.1:64030 to /127.0.0.1:64059" [_thread_blocked, id=56564, stack(0x0000003085e00000,0x0000003085f00000)]
  0x000001a65df9b000 JavaThread "Daemon client event forwarder" [_thread_blocked, id=50276, stack(0x0000003086700000,0x0000003086800000)]
  0x000001a65df98000 JavaThread "Cache worker for journal cache (C:\Users\dlara\.gradle\caches\journal-1)" [_thread_blocked, id=28564, stack(0x0000003086400000,0x0000003086500000)]
  0x000001a65df99800 JavaThread "File lock request listener" [_thread_in_native, id=51580, stack(0x0000003086800000,0x0000003086900000)]
  0x000001a65df97000 JavaThread "File lock release action executor" [_thread_blocked, id=19360, stack(0x0000003087000000,0x0000003087100000)]
  0x000001a65df9c000 JavaThread "Cache worker for file hash cache (C:\Users\dlara\.gradle\caches\8.0.1\fileHashes)" [_thread_blocked, id=19736, stack(0x0000003086600000,0x0000003086700000)]
  0x000001a65df98800 JavaThread "File watcher server" daemon [_thread_in_native, id=56604, stack(0x0000003086500000,0x0000003086600000)]
  0x000001a65df9d800 JavaThread "File watcher consumer" daemon [_thread_blocked, id=52804, stack(0x0000003087100000,0x0000003087200000)]
  0x000001a65df9a800 JavaThread "Cache worker for checksums cache (C:\Users\dlara\Documents\PROYECTOS\KINGO\fieldServices\android\.gradle\8.0.1\checksums)" [_thread_blocked, id=54028, stack(0x0000003087200000,0x0000003087300000)]
  0x000001a65df9d000 JavaThread "Cache worker for cache directory md-rule (C:\Users\dlara\.gradle\caches\8.0.1\md-rule)" [_thread_blocked, id=21484, stack(0x0000003087300000,0x0000003087400000)]
  0x000001a65ec12000 JavaThread "Cache worker for file content cache (C:\Users\dlara\.gradle\caches\8.0.1\fileContent)" [_thread_blocked, id=53052, stack(0x0000003087400000,0x0000003087500000)]
  0x000001a65ec10800 JavaThread "Cache worker for file hash cache (C:\Users\dlara\Documents\PROYECTOS\KINGO\fieldServices\android\.gradle\8.0.1\fileHashes)" [_thread_blocked, id=5144, stack(0x0000003087500000,0x0000003087600000)]
  0x000001a65ec11000 JavaThread "Cache worker for cache directory md-supplier (C:\Users\dlara\.gradle\caches\8.0.1\md-supplier)" [_thread_blocked, id=41684, stack(0x0000003087600000,0x0000003087700000)]
  0x000001a65ec0e000 JavaThread "Cache worker for execution history cache (C:\Users\dlara\.gradle\caches\8.0.1\executionHistory)" [_thread_blocked, id=38120, stack(0x0000003087700000,0x0000003087800000)]
  0x000001a65ec13800 JavaThread "jar transforms" [_thread_blocked, id=10184, stack(0x0000003087900000,0x0000003087a00000)]
  0x000001a65ec14800 JavaThread "jar transforms Thread 2" [_thread_blocked, id=18028, stack(0x0000003087a00000,0x0000003087b00000)]
  0x000001a65ec15000 JavaThread "jar transforms Thread 3" [_thread_blocked, id=3676, stack(0x0000003087b00000,0x0000003087c00000)]
  0x000001a65ec0f800 JavaThread "jar transforms Thread 4" [_thread_blocked, id=41076, stack(0x0000003087c00000,0x0000003087d00000)]

Other Threads:
  0x000001a65c7ee000 VMThread "VM Thread" [stack: 0x0000003084e00000,0x0000003084f00000] [id=29220]
  0x000001a65ca2b800 WatcherThread [stack: 0x0000003085800000,0x0000003085900000] [id=20620]
  0x000001a63db05800 GCTaskThread "GC Thread#0" [stack: 0x0000003084900000,0x0000003084a00000] [id=46880]
  0x000001a65d625800 GCTaskThread "GC Thread#1" [stack: 0x0000003085900000,0x0000003085a00000] [id=23736]
  0x000001a65d4cb000 GCTaskThread "GC Thread#2" [stack: 0x0000003085a00000,0x0000003085b00000] [id=35864]
  0x000001a65cb64800 GCTaskThread "GC Thread#3" [stack: 0x0000003085b00000,0x0000003085c00000] [id=34824]
  0x000001a65cb65800 GCTaskThread "GC Thread#4" [stack: 0x0000003085c00000,0x0000003085d00000] [id=24860]
  0x000001a65cd16800 GCTaskThread "GC Thread#5" [stack: 0x0000003085d00000,0x0000003085e00000] [id=33532]
  0x000001a65f027800 GCTaskThread "GC Thread#6" [stack: 0x0000003086900000,0x0000003086a00000] [id=20292]
  0x000001a65e166800 GCTaskThread "GC Thread#7" [stack: 0x0000003086a00000,0x0000003086b00000] [id=12044]
  0x000001a65f363000 GCTaskThread "GC Thread#8" [stack: 0x0000003086b00000,0x0000003086c00000] [id=17272]
  0x000001a65da11800 GCTaskThread "GC Thread#9" [stack: 0x0000003086c00000,0x0000003086d00000] [id=20600]
  0x000001a63db31000 ConcurrentGCThread "G1 Main Marker" [stack: 0x0000003084a00000,0x0000003084b00000] [id=45532]
  0x000001a63db32800 ConcurrentGCThread "G1 Conc#0" [stack: 0x0000003084b00000,0x0000003084c00000] [id=28120]
  0x000001a65df75800 ConcurrentGCThread "G1 Conc#1" [stack: 0x0000003086e00000,0x0000003086f00000] [id=37796]
  0x000001a65cdb6800 ConcurrentGCThread "G1 Conc#2" [stack: 0x0000003086f00000,0x0000003087000000] [id=13756]
  0x000001a65be5a000 ConcurrentGCThread "G1 Refine#0" [stack: 0x0000003084c00000,0x0000003084d00000] [id=26568]
  0x000001a65e29e000 ConcurrentGCThread "G1 Refine#1" [stack: 0x0000003086d00000,0x0000003086e00000] [id=39076]
  0x000001a65be5b000 ConcurrentGCThread "G1 Young RemSet Sampling" [stack: 0x0000003084d00000,0x0000003084e00000] [id=28968]

Threads with active compile tasks:
C2 CompilerThread0   368177 4190       4       java.util.concurrent.locks.AbstractQueuedSynchronizer$ConditionObject::unlinkCancelledWaiters (67 bytes)

VM state:not at safepoint (normal execution)

VM Mutex/Monitor currently owned by a thread: None

Heap address: 0x0000000080000000, size: 2048 MB, Compressed Oops mode: 32-bit
Narrow klass base: 0x0000000000000000, Narrow klass shift: 3
Compressed class space size: 528482304 Address: 0x0000000100000000

Heap:
 garbage-first heap   total 260096K, used 97427K [0x0000000080000000, 0x0000000100000000)
  region size 1024K, 77 young (78848K), 6 survivors (6144K)
 Metaspace       used 40756K, capacity 41814K, committed 41904K, reserved 552960K
  class space    used 5185K, capacity 5590K, committed 5632K, reserved 516096K
Heap Regions: E=young(eden), S=young(survivor), O=old, HS=humongous(starts), HC=humongous(continues), CS=collection set, F=free, A=archive, TAMS=top-at-mark-start (previous, next)
|   0|0x0000000080000000, 0x0000000080100000, 0x0000000080100000|100%|HS|  |TAMS 0x0000000080100000, 0x0000000080000000| Complete 
|   1|0x0000000080100000, 0x0000000080200000, 0x0000000080200000|100%|HC|  |TAMS 0x0000000080200000, 0x0000000080100000| Complete 
|   2|0x0000000080200000, 0x0000000080300000, 0x0000000080300000|100%|HC|  |TAMS 0x0000000080300000, 0x0000000080200000| Complete 
|   3|0x0000000080300000, 0x0000000080400000, 0x0000000080400000|100%|HC|  |TAMS 0x0000000080400000, 0x0000000080300000| Complete 
|   4|0x0000000080400000, 0x0000000080500000, 0x0000000080500000|100%| O|  |TAMS 0x0000000080500000, 0x0000000080400000| Untracked 
|   5|0x0000000080500000, 0x0000000080600000, 0x0000000080600000|100%| O|  |TAMS 0x0000000080600000, 0x0000000080500000| Untracked 
|   6|0x0000000080600000, 0x0000000080700000, 0x0000000080700000|100%| O|  |TAMS 0x0000000080700000, 0x0000000080600000| Untracked 
|   7|0x0000000080700000, 0x0000000080800000, 0x0000000080800000|100%| O|  |TAMS 0x0000000080800000, 0x0000000080700000| Untracked 
|   8|0x0000000080800000, 0x0000000080900000, 0x0000000080900000|100%| O|  |TAMS 0x0000000080900000, 0x0000000080800000| Untracked 
|   9|0x0000000080900000, 0x0000000080a00000, 0x0000000080a00000|100%| O|  |TAMS 0x0000000080a00000, 0x0000000080900000| Untracked 
|  10|0x0000000080a00000, 0x0000000080b00000, 0x0000000080b00000|100%| O|  |TAMS 0x0000000080b00000, 0x0000000080a00000| Untracked 
|  11|0x0000000080b00000, 0x0000000080c00000, 0x0000000080c00000|100%| O|  |TAMS 0x0000000080c00000, 0x0000000080b00000| Untracked 
|  12|0x0000000080c00000, 0x0000000080d00000, 0x0000000080d00000|100%| O|  |TAMS 0x0000000080d00000, 0x0000000080c00000| Untracked 
|  13|0x0000000080d00000, 0x0000000080e00000, 0x0000000080e00000|100%| O|  |TAMS 0x0000000080e00000, 0x0000000080d00000| Untracked 
|  14|0x0000000080e00000, 0x0000000080f00000, 0x0000000080f00000|100%| O|  |TAMS 0x0000000080f00000, 0x0000000080e00000| Untracked 
|  15|0x0000000080f00000, 0x0000000081000000, 0x0000000081000000|100%| O|  |TAMS 0x0000000081000000, 0x0000000080f00000| Untracked 
|  16|0x0000000081000000, 0x0000000081100000, 0x0000000081100000|100%| O|  |TAMS 0x0000000081100000, 0x0000000081000000| Untracked 
|  17|0x0000000081100000, 0x0000000081194000, 0x0000000081200000| 57%| O|  |TAMS 0x0000000081194000, 0x0000000081100000| Untracked 
|  18|0x0000000081200000, 0x0000000081300000, 0x0000000081300000|100%|HS|  |TAMS 0x0000000081200000, 0x0000000081200000| Complete 
|  19|0x0000000081300000, 0x0000000081400000, 0x0000000081400000|100%|HS|  |TAMS 0x0000000081300000, 0x0000000081300000| Complete 
|  20|0x0000000081400000, 0x0000000081500000, 0x0000000081500000|100%|HC|  |TAMS 0x0000000081400000, 0x0000000081400000| Complete 
|  21|0x0000000081500000, 0x0000000081500000, 0x0000000081600000|  0%| F|  |TAMS 0x0000000081500000, 0x0000000081500000| Untracked 
|  22|0x0000000081600000, 0x0000000081600000, 0x0000000081700000|  0%| F|  |TAMS 0x0000000081600000, 0x0000000081600000| Untracked 
|  23|0x0000000081700000, 0x0000000081700000, 0x0000000081800000|  0%| F|  |TAMS 0x0000000081700000, 0x0000000081700000| Untracked 
|  24|0x0000000081800000, 0x0000000081800000, 0x0000000081900000|  0%| F|  |TAMS 0x0000000081800000, 0x0000000081800000| Untracked 
|  25|0x0000000081900000, 0x0000000081900000, 0x0000000081a00000|  0%| F|  |TAMS 0x0000000081900000, 0x0000000081900000| Untracked 
|  26|0x0000000081a00000, 0x0000000081a00000, 0x0000000081b00000|  0%| F|  |TAMS 0x0000000081a00000, 0x0000000081a00000| Untracked 
|  27|0x0000000081b00000, 0x0000000081b00000, 0x0000000081c00000|  0%| F|  |TAMS 0x0000000081b00000, 0x0000000081b00000| Untracked 
|  28|0x0000000081c00000, 0x0000000081c00000, 0x0000000081d00000|  0%| F|  |TAMS 0x0000000081c00000, 0x0000000081c00000| Untracked 
|  29|0x0000000081d00000, 0x0000000081d00000, 0x0000000081e00000|  0%| F|  |TAMS 0x0000000081d00000, 0x0000000081d00000| Untracked 
|  30|0x0000000081e00000, 0x0000000081e00000, 0x0000000081f00000|  0%| F|  |TAMS 0x0000000081e00000, 0x0000000081e00000| Untracked 
|  31|0x0000000081f00000, 0x0000000081f00000, 0x0000000082000000|  0%| F|  |TAMS 0x0000000081f00000, 0x0000000081f00000| Untracked 
|  32|0x0000000082000000, 0x0000000082000000, 0x0000000082100000|  0%| F|  |TAMS 0x0000000082000000, 0x0000000082000000| Untracked 
|  33|0x0000000082100000, 0x0000000082100000, 0x0000000082200000|  0%| F|  |TAMS 0x0000000082100000, 0x0000000082100000| Untracked 
|  34|0x0000000082200000, 0x0000000082200000, 0x0000000082300000|  0%| F|  |TAMS 0x0000000082200000, 0x0000000082200000| Untracked 
|  35|0x0000000082300000, 0x0000000082300000, 0x0000000082400000|  0%| F|  |TAMS 0x0000000082300000, 0x0000000082300000| Untracked 
|  36|0x0000000082400000, 0x0000000082400000, 0x0000000082500000|  0%| F|  |TAMS 0x0000000082400000, 0x0000000082400000| Untracked 
|  37|0x0000000082500000, 0x0000000082500000, 0x0000000082600000|  0%| F|  |TAMS 0x0000000082500000, 0x0000000082500000| Untracked 
|  38|0x0000000082600000, 0x0000000082600000, 0x0000000082700000|  0%| F|  |TAMS 0x0000000082600000, 0x0000000082600000| Untracked 
|  39|0x0000000082700000, 0x0000000082700000, 0x0000000082800000|  0%| F|  |TAMS 0x0000000082700000, 0x0000000082700000| Untracked 
|  40|0x0000000082800000, 0x0000000082800000, 0x0000000082900000|  0%| F|  |TAMS 0x0000000082800000, 0x0000000082800000| Untracked 
|  41|0x0000000082900000, 0x0000000082900000, 0x0000000082a00000|  0%| F|  |TAMS 0x0000000082900000, 0x0000000082900000| Untracked 
|  42|0x0000000082a00000, 0x0000000082a00000, 0x0000000082b00000|  0%| F|  |TAMS 0x0000000082a00000, 0x0000000082a00000| Untracked 
|  43|0x0000000082b00000, 0x0000000082b00000, 0x0000000082c00000|  0%| F|  |TAMS 0x0000000082b00000, 0x0000000082b00000| Untracked 
|  44|0x0000000082c00000, 0x0000000082c00000, 0x0000000082d00000|  0%| F|  |TAMS 0x0000000082c00000, 0x0000000082c00000| Untracked 
|  45|0x0000000082d00000, 0x0000000082d00000, 0x0000000082e00000|  0%| F|  |TAMS 0x0000000082d00000, 0x0000000082d00000| Untracked 
|  46|0x0000000082e00000, 0x0000000082e00000, 0x0000000082f00000|  0%| F|  |TAMS 0x0000000082e00000, 0x0000000082e00000| Untracked 
|  47|0x0000000082f00000, 0x0000000082f00000, 0x0000000083000000|  0%| F|  |TAMS 0x0000000082f00000, 0x0000000082f00000| Untracked 
|  48|0x0000000083000000, 0x0000000083000000, 0x0000000083100000|  0%| F|  |TAMS 0x0000000083000000, 0x0000000083000000| Untracked 
|  49|0x0000000083100000, 0x0000000083100000, 0x0000000083200000|  0%| F|  |TAMS 0x0000000083100000, 0x0000000083100000| Untracked 
|  50|0x0000000083200000, 0x0000000083200000, 0x0000000083300000|  0%| F|  |TAMS 0x0000000083200000, 0x0000000083200000| Untracked 
|  51|0x0000000083300000, 0x0000000083300000, 0x0000000083400000|  0%| F|  |TAMS 0x0000000083300000, 0x0000000083300000| Untracked 
|  52|0x0000000083400000, 0x0000000083400000, 0x0000000083500000|  0%| F|  |TAMS 0x0000000083400000, 0x0000000083400000| Untracked 
|  53|0x0000000083500000, 0x0000000083500000, 0x0000000083600000|  0%| F|  |TAMS 0x0000000083500000, 0x0000000083500000| Untracked 
|  54|0x0000000083600000, 0x0000000083600000, 0x0000000083700000|  0%| F|  |TAMS 0x0000000083600000, 0x0000000083600000| Untracked 
|  55|0x0000000083700000, 0x0000000083700000, 0x0000000083800000|  0%| F|  |TAMS 0x0000000083700000, 0x0000000083700000| Untracked 
|  56|0x0000000083800000, 0x0000000083800000, 0x0000000083900000|  0%| F|  |TAMS 0x0000000083800000, 0x0000000083800000| Untracked 
|  57|0x0000000083900000, 0x0000000083900000, 0x0000000083a00000|  0%| F|  |TAMS 0x0000000083900000, 0x0000000083900000| Untracked 
|  58|0x0000000083a00000, 0x0000000083a00000, 0x0000000083b00000|  0%| F|  |TAMS 0x0000000083a00000, 0x0000000083a00000| Untracked 
|  59|0x0000000083b00000, 0x0000000083b00000, 0x0000000083c00000|  0%| F|  |TAMS 0x0000000083b00000, 0x0000000083b00000| Untracked 
|  60|0x0000000083c00000, 0x0000000083c00000, 0x0000000083d00000|  0%| F|  |TAMS 0x0000000083c00000, 0x0000000083c00000| Untracked 
|  61|0x0000000083d00000, 0x0000000083d00000, 0x0000000083e00000|  0%| F|  |TAMS 0x0000000083d00000, 0x0000000083d00000| Untracked 
|  62|0x0000000083e00000, 0x0000000083e00000, 0x0000000083f00000|  0%| F|  |TAMS 0x0000000083e00000, 0x0000000083e00000| Untracked 
|  63|0x0000000083f00000, 0x0000000083f00000, 0x0000000084000000|  0%| F|  |TAMS 0x0000000083f00000, 0x0000000083f00000| Untracked 
|  64|0x0000000084000000, 0x0000000084000000, 0x0000000084100000|  0%| F|  |TAMS 0x0000000084000000, 0x0000000084000000| Untracked 
|  65|0x0000000084100000, 0x0000000084100000, 0x0000000084200000|  0%| F|  |TAMS 0x0000000084100000, 0x0000000084100000| Untracked 
|  66|0x0000000084200000, 0x0000000084200000, 0x0000000084300000|  0%| F|  |TAMS 0x0000000084200000, 0x0000000084200000| Untracked 
|  67|0x0000000084300000, 0x0000000084300000, 0x0000000084400000|  0%| F|  |TAMS 0x0000000084300000, 0x0000000084300000| Untracked 
|  68|0x0000000084400000, 0x0000000084400000, 0x0000000084500000|  0%| F|  |TAMS 0x0000000084400000, 0x0000000084400000| Untracked 
|  69|0x0000000084500000, 0x0000000084500000, 0x0000000084600000|  0%| F|  |TAMS 0x0000000084500000, 0x0000000084500000| Untracked 
|  70|0x0000000084600000, 0x0000000084600000, 0x0000000084700000|  0%| F|  |TAMS 0x0000000084600000, 0x0000000084600000| Untracked 
|  71|0x0000000084700000, 0x0000000084700000, 0x0000000084800000|  0%| F|  |TAMS 0x0000000084700000, 0x0000000084700000| Untracked 
|  72|0x0000000084800000, 0x0000000084800000, 0x0000000084900000|  0%| F|  |TAMS 0x0000000084800000, 0x0000000084800000| Untracked 
|  73|0x0000000084900000, 0x0000000084900000, 0x0000000084a00000|  0%| F|  |TAMS 0x0000000084900000, 0x0000000084900000| Untracked 
|  74|0x0000000084a00000, 0x0000000084a00000, 0x0000000084b00000|  0%| F|  |TAMS 0x0000000084a00000, 0x0000000084a00000| Untracked 
|  75|0x0000000084b00000, 0x0000000084b00000, 0x0000000084c00000|  0%| F|  |TAMS 0x0000000084b00000, 0x0000000084b00000| Untracked 
|  76|0x0000000084c00000, 0x0000000084c00000, 0x0000000084d00000|  0%| F|  |TAMS 0x0000000084c00000, 0x0000000084c00000| Untracked 
|  77|0x0000000084d00000, 0x0000000084d00000, 0x0000000084e00000|  0%| F|  |TAMS 0x0000000084d00000, 0x0000000084d00000| Untracked 
|  78|0x0000000084e00000, 0x0000000084e00000, 0x0000000084f00000|  0%| F|  |TAMS 0x0000000084e00000, 0x0000000084e00000| Untracked 
|  79|0x0000000084f00000, 0x0000000084f00000, 0x0000000085000000|  0%| F|  |TAMS 0x0000000084f00000, 0x0000000084f00000| Untracked 
|  80|0x0000000085000000, 0x0000000085000000, 0x0000000085100000|  0%| F|  |TAMS 0x0000000085000000, 0x0000000085000000| Untracked 
|  81|0x0000000085100000, 0x0000000085100000, 0x0000000085200000|  0%| F|  |TAMS 0x0000000085100000, 0x0000000085100000| Untracked 
|  82|0x0000000085200000, 0x0000000085200000, 0x0000000085300000|  0%| F|  |TAMS 0x0000000085200000, 0x0000000085200000| Untracked 
|  83|0x0000000085300000, 0x0000000085300000, 0x0000000085400000|  0%| F|  |TAMS 0x0000000085300000, 0x0000000085300000| Untracked 
|  84|0x0000000085400000, 0x0000000085400000, 0x0000000085500000|  0%| F|  |TAMS 0x0000000085400000, 0x0000000085400000| Untracked 
|  85|0x0000000085500000, 0x0000000085500000, 0x0000000085600000|  0%| F|  |TAMS 0x0000000085500000, 0x0000000085500000| Untracked 
|  86|0x0000000085600000, 0x0000000085600000, 0x0000000085700000|  0%| F|  |TAMS 0x0000000085600000, 0x0000000085600000| Untracked 
|  87|0x0000000085700000, 0x0000000085700000, 0x0000000085800000|  0%| F|  |TAMS 0x0000000085700000, 0x0000000085700000| Untracked 
|  88|0x0000000085800000, 0x0000000085800000, 0x0000000085900000|  0%| F|  |TAMS 0x0000000085800000, 0x0000000085800000| Untracked 
|  89|0x0000000085900000, 0x0000000085900000, 0x0000000085a00000|  0%| F|  |TAMS 0x0000000085900000, 0x0000000085900000| Untracked 
|  90|0x0000000085a00000, 0x0000000085a00000, 0x0000000085b00000|  0%| F|  |TAMS 0x0000000085a00000, 0x0000000085a00000| Untracked 
|  91|0x0000000085b00000, 0x0000000085b00000, 0x0000000085c00000|  0%| F|  |TAMS 0x0000000085b00000, 0x0000000085b00000| Untracked 
|  92|0x0000000085c00000, 0x0000000085c00000, 0x0000000085d00000|  0%| F|  |TAMS 0x0000000085c00000, 0x0000000085c00000| Untracked 
|  93|0x0000000085d00000, 0x0000000085d00000, 0x0000000085e00000|  0%| F|  |TAMS 0x0000000085d00000, 0x0000000085d00000| Untracked 
|  94|0x0000000085e00000, 0x0000000085e00000, 0x0000000085f00000|  0%| F|  |TAMS 0x0000000085e00000, 0x0000000085e00000| Untracked 
|  95|0x0000000085f00000, 0x0000000085f00000, 0x0000000086000000|  0%| F|  |TAMS 0x0000000085f00000, 0x0000000085f00000| Untracked 
|  96|0x0000000086000000, 0x0000000086000000, 0x0000000086100000|  0%| F|  |TAMS 0x0000000086000000, 0x0000000086000000| Untracked 
|  97|0x0000000086100000, 0x0000000086100000, 0x0000000086200000|  0%| F|  |TAMS 0x0000000086100000, 0x0000000086100000| Untracked 
|  98|0x0000000086200000, 0x0000000086200000, 0x0000000086300000|  0%| F|  |TAMS 0x0000000086200000, 0x0000000086200000| Untracked 
|  99|0x0000000086300000, 0x0000000086300000, 0x0000000086400000|  0%| F|  |TAMS 0x0000000086300000, 0x0000000086300000| Untracked 
| 100|0x0000000086400000, 0x0000000086400000, 0x0000000086500000|  0%| F|  |TAMS 0x0000000086400000, 0x0000000086400000| Untracked 
| 101|0x0000000086500000, 0x0000000086500000, 0x0000000086600000|  0%| F|  |TAMS 0x0000000086500000, 0x0000000086500000| Untracked 
| 102|0x0000000086600000, 0x0000000086600000, 0x0000000086700000|  0%| F|  |TAMS 0x0000000086600000, 0x0000000086600000| Untracked 
| 103|0x0000000086700000, 0x0000000086700000, 0x0000000086800000|  0%| F|  |TAMS 0x0000000086700000, 0x0000000086700000| Untracked 
| 104|0x0000000086800000, 0x0000000086800000, 0x0000000086900000|  0%| F|  |TAMS 0x0000000086800000, 0x0000000086800000| Untracked 
| 105|0x0000000086900000, 0x0000000086900000, 0x0000000086a00000|  0%| F|  |TAMS 0x0000000086900000, 0x0000000086900000| Untracked 
| 106|0x0000000086a00000, 0x0000000086a00000, 0x0000000086b00000|  0%| F|  |TAMS 0x0000000086a00000, 0x0000000086a00000| Untracked 
| 107|0x0000000086b00000, 0x0000000086b00000, 0x0000000086c00000|  0%| F|  |TAMS 0x0000000086b00000, 0x0000000086b00000| Untracked 
| 108|0x0000000086c00000, 0x0000000086c00000, 0x0000000086d00000|  0%| F|  |TAMS 0x0000000086c00000, 0x0000000086c00000| Untracked 
| 109|0x0000000086d00000, 0x0000000086d00000, 0x0000000086e00000|  0%| F|  |TAMS 0x0000000086d00000, 0x0000000086d00000| Untracked 
| 110|0x0000000086e00000, 0x0000000086e00000, 0x0000000086f00000|  0%| F|  |TAMS 0x0000000086e00000, 0x0000000086e00000| Untracked 
| 111|0x0000000086f00000, 0x0000000086f00000, 0x0000000087000000|  0%| F|  |TAMS 0x0000000086f00000, 0x0000000086f00000| Untracked 
| 112|0x0000000087000000, 0x0000000087000000, 0x0000000087100000|  0%| F|  |TAMS 0x0000000087000000, 0x0000000087000000| Untracked 
| 113|0x0000000087100000, 0x0000000087100000, 0x0000000087200000|  0%| F|  |TAMS 0x0000000087100000, 0x0000000087100000| Untracked 
| 114|0x0000000087200000, 0x0000000087200000, 0x0000000087300000|  0%| F|  |TAMS 0x0000000087200000, 0x0000000087200000| Untracked 
| 115|0x0000000087300000, 0x0000000087300000, 0x0000000087400000|  0%| F|  |TAMS 0x0000000087300000, 0x0000000087300000| Untracked 
| 116|0x0000000087400000, 0x0000000087400000, 0x0000000087500000|  0%| F|  |TAMS 0x0000000087400000, 0x0000000087400000| Untracked 
| 117|0x0000000087500000, 0x0000000087500000, 0x0000000087600000|  0%| F|  |TAMS 0x0000000087500000, 0x0000000087500000| Untracked 
| 118|0x0000000087600000, 0x0000000087600000, 0x0000000087700000|  0%| F|  |TAMS 0x0000000087600000, 0x0000000087600000| Untracked 
| 119|0x0000000087700000, 0x0000000087700000, 0x0000000087800000|  0%| F|  |TAMS 0x0000000087700000, 0x0000000087700000| Untracked 
| 120|0x0000000087800000, 0x0000000087800000, 0x0000000087900000|  0%| F|  |TAMS 0x0000000087800000, 0x0000000087800000| Untracked 
| 121|0x0000000087900000, 0x0000000087900000, 0x0000000087a00000|  0%| F|  |TAMS 0x0000000087900000, 0x0000000087900000| Untracked 
| 122|0x0000000087a00000, 0x0000000087a00000, 0x0000000087b00000|  0%| F|  |TAMS 0x0000000087a00000, 0x0000000087a00000| Untracked 
| 123|0x0000000087b00000, 0x0000000087b00000, 0x0000000087c00000|  0%| F|  |TAMS 0x0000000087b00000, 0x0000000087b00000| Untracked 
| 124|0x0000000087c00000, 0x0000000087c00000, 0x0000000087d00000|  0%| F|  |TAMS 0x0000000087c00000, 0x0000000087c00000| Untracked 
| 125|0x0000000087d00000, 0x0000000087d00000, 0x0000000087e00000|  0%| F|  |TAMS 0x0000000087d00000, 0x0000000087d00000| Untracked 
| 126|0x0000000087e00000, 0x0000000087e00000, 0x0000000087f00000|  0%| F|  |TAMS 0x0000000087e00000, 0x0000000087e00000| Untracked 
| 127|0x0000000087f00000, 0x0000000087f00000, 0x0000000088000000|  0%| F|  |TAMS 0x0000000087f00000, 0x0000000087f00000| Untracked 
| 128|0x0000000088000000, 0x0000000088000000, 0x0000000088100000|  0%| F|  |TAMS 0x0000000088000000, 0x0000000088000000| Untracked 
| 129|0x0000000088100000, 0x0000000088100000, 0x0000000088200000|  0%| F|  |TAMS 0x0000000088100000, 0x0000000088100000| Untracked 
| 130|0x0000000088200000, 0x0000000088200000, 0x0000000088300000|  0%| F|  |TAMS 0x0000000088200000, 0x0000000088200000| Untracked 
| 131|0x0000000088300000, 0x0000000088300000, 0x0000000088400000|  0%| F|  |TAMS 0x0000000088300000, 0x0000000088300000| Untracked 
| 132|0x0000000088400000, 0x0000000088400000, 0x0000000088500000|  0%| F|  |TAMS 0x0000000088400000, 0x0000000088400000| Untracked 
| 133|0x0000000088500000, 0x0000000088500000, 0x0000000088600000|  0%| F|  |TAMS 0x0000000088500000, 0x0000000088500000| Untracked 
| 134|0x0000000088600000, 0x0000000088600000, 0x0000000088700000|  0%| F|  |TAMS 0x0000000088600000, 0x0000000088600000| Untracked 
| 135|0x0000000088700000, 0x0000000088700000, 0x0000000088800000|  0%| F|  |TAMS 0x0000000088700000, 0x0000000088700000| Untracked 
| 136|0x0000000088800000, 0x0000000088800000, 0x0000000088900000|  0%| F|  |TAMS 0x0000000088800000, 0x0000000088800000| Untracked 
| 137|0x0000000088900000, 0x0000000088900000, 0x0000000088a00000|  0%| F|  |TAMS 0x0000000088900000, 0x0000000088900000| Untracked 
| 138|0x0000000088a00000, 0x0000000088a00000, 0x0000000088b00000|  0%| F|  |TAMS 0x0000000088a00000, 0x0000000088a00000| Untracked 
| 139|0x0000000088b00000, 0x0000000088b00000, 0x0000000088c00000|  0%| F|  |TAMS 0x0000000088b00000, 0x0000000088b00000| Untracked 
| 140|0x0000000088c00000, 0x0000000088c00000, 0x0000000088d00000|  0%| F|  |TAMS 0x0000000088c00000, 0x0000000088c00000| Untracked 
| 141|0x0000000088d00000, 0x0000000088d00000, 0x0000000088e00000|  0%| F|  |TAMS 0x0000000088d00000, 0x0000000088d00000| Untracked 
| 142|0x0000000088e00000, 0x0000000088e00000, 0x0000000088f00000|  0%| F|  |TAMS 0x0000000088e00000, 0x0000000088e00000| Untracked 
| 143|0x0000000088f00000, 0x0000000088f00000, 0x0000000089000000|  0%| F|  |TAMS 0x0000000088f00000, 0x0000000088f00000| Untracked 
| 144|0x0000000089000000, 0x0000000089000000, 0x0000000089100000|  0%| F|  |TAMS 0x0000000089000000, 0x0000000089000000| Untracked 
| 145|0x0000000089100000, 0x0000000089100000, 0x0000000089200000|  0%| F|  |TAMS 0x0000000089100000, 0x0000000089100000| Untracked 
| 146|0x0000000089200000, 0x0000000089200000, 0x0000000089300000|  0%| F|  |TAMS 0x0000000089200000, 0x0000000089200000| Untracked 
| 147|0x0000000089300000, 0x0000000089300000, 0x0000000089400000|  0%| F|  |TAMS 0x0000000089300000, 0x0000000089300000| Untracked 
| 148|0x0000000089400000, 0x0000000089400000, 0x0000000089500000|  0%| F|  |TAMS 0x0000000089400000, 0x0000000089400000| Untracked 
| 149|0x0000000089500000, 0x0000000089500000, 0x0000000089600000|  0%| F|  |TAMS 0x0000000089500000, 0x0000000089500000| Untracked 
| 150|0x0000000089600000, 0x0000000089600000, 0x0000000089700000|  0%| F|  |TAMS 0x0000000089600000, 0x0000000089600000| Untracked 
| 151|0x0000000089700000, 0x0000000089700000, 0x0000000089800000|  0%| F|  |TAMS 0x0000000089700000, 0x0000000089700000| Untracked 
| 152|0x0000000089800000, 0x0000000089800000, 0x0000000089900000|  0%| F|  |TAMS 0x0000000089800000, 0x0000000089800000| Untracked 
| 153|0x0000000089900000, 0x0000000089900000, 0x0000000089a00000|  0%| F|  |TAMS 0x0000000089900000, 0x0000000089900000| Untracked 
| 154|0x0000000089a00000, 0x0000000089a00000, 0x0000000089b00000|  0%| F|  |TAMS 0x0000000089a00000, 0x0000000089a00000| Untracked 
| 155|0x0000000089b00000, 0x0000000089b00000, 0x0000000089c00000|  0%| F|  |TAMS 0x0000000089b00000, 0x0000000089b00000| Untracked 
| 156|0x0000000089c00000, 0x0000000089c00000, 0x0000000089d00000|  0%| F|  |TAMS 0x0000000089c00000, 0x0000000089c00000| Untracked 
| 157|0x0000000089d00000, 0x0000000089d00000, 0x0000000089e00000|  0%| F|  |TAMS 0x0000000089d00000, 0x0000000089d00000| Untracked 
| 158|0x0000000089e00000, 0x0000000089e00000, 0x0000000089f00000|  0%| F|  |TAMS 0x0000000089e00000, 0x0000000089e00000| Untracked 
| 159|0x0000000089f00000, 0x0000000089f00000, 0x000000008a000000|  0%| F|  |TAMS 0x0000000089f00000, 0x0000000089f00000| Untracked 
| 160|0x000000008a000000, 0x000000008a000000, 0x000000008a100000|  0%| F|  |TAMS 0x000000008a000000, 0x000000008a000000| Untracked 
| 161|0x000000008a100000, 0x000000008a100000, 0x000000008a200000|  0%| F|  |TAMS 0x000000008a100000, 0x000000008a100000| Untracked 
| 162|0x000000008a200000, 0x000000008a200000, 0x000000008a300000|  0%| F|  |TAMS 0x000000008a200000, 0x000000008a200000| Untracked 
| 163|0x000000008a300000, 0x000000008a300000, 0x000000008a400000|  0%| F|  |TAMS 0x000000008a300000, 0x000000008a300000| Untracked 
| 164|0x000000008a400000, 0x000000008a400000, 0x000000008a500000|  0%| F|  |TAMS 0x000000008a400000, 0x000000008a400000| Untracked 
| 165|0x000000008a500000, 0x000000008a500000, 0x000000008a600000|  0%| F|  |TAMS 0x000000008a500000, 0x000000008a500000| Untracked 
| 166|0x000000008a600000, 0x000000008a600000, 0x000000008a700000|  0%| F|  |TAMS 0x000000008a600000, 0x000000008a600000| Untracked 
| 167|0x000000008a700000, 0x000000008a700000, 0x000000008a800000|  0%| F|  |TAMS 0x000000008a700000, 0x000000008a700000| Untracked 
| 168|0x000000008a800000, 0x000000008a800000, 0x000000008a900000|  0%| F|  |TAMS 0x000000008a800000, 0x000000008a800000| Untracked 
| 169|0x000000008a900000, 0x000000008a900000, 0x000000008aa00000|  0%| F|  |TAMS 0x000000008a900000, 0x000000008a900000| Untracked 
| 170|0x000000008aa00000, 0x000000008aa00000, 0x000000008ab00000|  0%| F|  |TAMS 0x000000008aa00000, 0x000000008aa00000| Untracked 
| 171|0x000000008ab00000, 0x000000008ab00000, 0x000000008ac00000|  0%| F|  |TAMS 0x000000008ab00000, 0x000000008ab00000| Untracked 
| 172|0x000000008ac00000, 0x000000008ac00000, 0x000000008ad00000|  0%| F|  |TAMS 0x000000008ac00000, 0x000000008ac00000| Untracked 
| 173|0x000000008ad00000, 0x000000008ad00000, 0x000000008ae00000|  0%| F|  |TAMS 0x000000008ad00000, 0x000000008ad00000| Untracked 
| 174|0x000000008ae00000, 0x000000008ae00000, 0x000000008af00000|  0%| F|  |TAMS 0x000000008ae00000, 0x000000008ae00000| Untracked 
| 175|0x000000008af00000, 0x000000008af00000, 0x000000008b000000|  0%| F|  |TAMS 0x000000008af00000, 0x000000008af00000| Untracked 
| 176|0x000000008b000000, 0x000000008b000000, 0x000000008b100000|  0%| F|  |TAMS 0x000000008b000000, 0x000000008b000000| Untracked 
| 177|0x000000008b100000, 0x000000008b1d1e78, 0x000000008b200000| 81%| E|  |TAMS 0x000000008b100000, 0x000000008b100000| Complete 
| 178|0x000000008b200000, 0x000000008b300000, 0x000000008b300000|100%| E|CS|TAMS 0x000000008b200000, 0x000000008b200000| Complete 
| 179|0x000000008b300000, 0x000000008b400000, 0x000000008b400000|100%| E|CS|TAMS 0x000000008b300000, 0x000000008b300000| Complete 
| 180|0x000000008b400000, 0x000000008b500000, 0x000000008b500000|100%| E|CS|TAMS 0x000000008b400000, 0x000000008b400000| Complete 
| 181|0x000000008b500000, 0x000000008b600000, 0x000000008b600000|100%| E|CS|TAMS 0x000000008b500000, 0x000000008b500000| Complete 
| 182|0x000000008b600000, 0x000000008b700000, 0x000000008b700000|100%| E|CS|TAMS 0x000000008b600000, 0x000000008b600000| Complete 
| 183|0x000000008b700000, 0x000000008b800000, 0x000000008b800000|100%| E|CS|TAMS 0x000000008b700000, 0x000000008b700000| Complete 
| 184|0x000000008b800000, 0x000000008b900000, 0x000000008b900000|100%| E|CS|TAMS 0x000000008b800000, 0x000000008b800000| Complete 
| 185|0x000000008b900000, 0x000000008ba00000, 0x000000008ba00000|100%| E|CS|TAMS 0x000000008b900000, 0x000000008b900000| Complete 
| 186|0x000000008ba00000, 0x000000008bb00000, 0x000000008bb00000|100%| E|CS|TAMS 0x000000008ba00000, 0x000000008ba00000| Complete 
| 187|0x000000008bb00000, 0x000000008bc00000, 0x000000008bc00000|100%| E|CS|TAMS 0x000000008bb00000, 0x000000008bb00000| Complete 
| 188|0x000000008bc00000, 0x000000008bd00000, 0x000000008bd00000|100%| E|CS|TAMS 0x000000008bc00000, 0x000000008bc00000| Complete 
| 189|0x000000008bd00000, 0x000000008be00000, 0x000000008be00000|100%| E|CS|TAMS 0x000000008bd00000, 0x000000008bd00000| Complete 
| 190|0x000000008be00000, 0x000000008bf00000, 0x000000008bf00000|100%| E|CS|TAMS 0x000000008be00000, 0x000000008be00000| Complete 
| 191|0x000000008bf00000, 0x000000008c000000, 0x000000008c000000|100%| E|CS|TAMS 0x000000008bf00000, 0x000000008bf00000| Complete 
| 192|0x000000008c000000, 0x000000008c100000, 0x000000008c100000|100%| E|CS|TAMS 0x000000008c000000, 0x000000008c000000| Complete 
| 193|0x000000008c100000, 0x000000008c200000, 0x000000008c200000|100%| E|CS|TAMS 0x000000008c100000, 0x000000008c100000| Complete 
| 194|0x000000008c200000, 0x000000008c300000, 0x000000008c300000|100%| E|CS|TAMS 0x000000008c200000, 0x000000008c200000| Complete 
| 195|0x000000008c300000, 0x000000008c400000, 0x000000008c400000|100%| E|CS|TAMS 0x000000008c300000, 0x000000008c300000| Complete 
| 196|0x000000008c400000, 0x000000008c500000, 0x000000008c500000|100%| E|CS|TAMS 0x000000008c400000, 0x000000008c400000| Complete 
| 197|0x000000008c500000, 0x000000008c600000, 0x000000008c600000|100%| E|CS|TAMS 0x000000008c500000, 0x000000008c500000| Complete 
| 198|0x000000008c600000, 0x000000008c700000, 0x000000008c700000|100%| E|CS|TAMS 0x000000008c600000, 0x000000008c600000| Complete 
| 199|0x000000008c700000, 0x000000008c800000, 0x000000008c800000|100%| E|CS|TAMS 0x000000008c700000, 0x000000008c700000| Complete 
| 200|0x000000008c800000, 0x000000008c900000, 0x000000008c900000|100%| E|CS|TAMS 0x000000008c800000, 0x000000008c800000| Complete 
| 201|0x000000008c900000, 0x000000008ca00000, 0x000000008ca00000|100%| E|CS|TAMS 0x000000008c900000, 0x000000008c900000| Complete 
| 202|0x000000008ca00000, 0x000000008cb00000, 0x000000008cb00000|100%| E|  |TAMS 0x000000008ca00000, 0x000000008ca00000| Complete 
| 203|0x000000008cb00000, 0x000000008cc00000, 0x000000008cc00000|100%| E|CS|TAMS 0x000000008cb00000, 0x000000008cb00000| Complete 
| 204|0x000000008cc00000, 0x000000008cd00000, 0x000000008cd00000|100%| E|CS|TAMS 0x000000008cc00000, 0x000000008cc00000| Complete 
| 205|0x000000008cd00000, 0x000000008ce00000, 0x000000008ce00000|100%| E|CS|TAMS 0x000000008cd00000, 0x000000008cd00000| Complete 
| 206|0x000000008ce00000, 0x000000008cf00000, 0x000000008cf00000|100%| E|CS|TAMS 0x000000008ce00000, 0x000000008ce00000| Complete 
| 207|0x000000008cf00000, 0x000000008d000000, 0x000000008d000000|100%| E|CS|TAMS 0x000000008cf00000, 0x000000008cf00000| Complete 
| 208|0x000000008d000000, 0x000000008d100000, 0x000000008d100000|100%| E|CS|TAMS 0x000000008d000000, 0x000000008d000000| Complete 
| 209|0x000000008d100000, 0x000000008d200000, 0x000000008d200000|100%| E|CS|TAMS 0x000000008d100000, 0x000000008d100000| Complete 
| 210|0x000000008d200000, 0x000000008d300000, 0x000000008d300000|100%| E|CS|TAMS 0x000000008d200000, 0x000000008d200000| Complete 
| 211|0x000000008d300000, 0x000000008d400000, 0x000000008d400000|100%| E|CS|TAMS 0x000000008d300000, 0x000000008d300000| Complete 
| 212|0x000000008d400000, 0x000000008d500000, 0x000000008d500000|100%| E|CS|TAMS 0x000000008d400000, 0x000000008d400000| Complete 
| 213|0x000000008d500000, 0x000000008d600000, 0x000000008d600000|100%| E|CS|TAMS 0x000000008d500000, 0x000000008d500000| Complete 
| 214|0x000000008d600000, 0x000000008d700000, 0x000000008d700000|100%| E|CS|TAMS 0x000000008d600000, 0x000000008d600000| Complete 
| 215|0x000000008d700000, 0x000000008d800000, 0x000000008d800000|100%| E|CS|TAMS 0x000000008d700000, 0x000000008d700000| Complete 
| 216|0x000000008d800000, 0x000000008d900000, 0x000000008d900000|100%| E|CS|TAMS 0x000000008d800000, 0x000000008d800000| Complete 
| 217|0x000000008d900000, 0x000000008da00000, 0x000000008da00000|100%| E|CS|TAMS 0x000000008d900000, 0x000000008d900000| Complete 
| 218|0x000000008da00000, 0x000000008db00000, 0x000000008db00000|100%| E|CS|TAMS 0x000000008da00000, 0x000000008da00000| Complete 
| 219|0x000000008db00000, 0x000000008dc00000, 0x000000008dc00000|100%| E|CS|TAMS 0x000000008db00000, 0x000000008db00000| Complete 
| 220|0x000000008dc00000, 0x000000008dd00000, 0x000000008dd00000|100%| E|CS|TAMS 0x000000008dc00000, 0x000000008dc00000| Complete 
| 221|0x000000008dd00000, 0x000000008de00000, 0x000000008de00000|100%| E|CS|TAMS 0x000000008dd00000, 0x000000008dd00000| Complete 
| 222|0x000000008de00000, 0x000000008df00000, 0x000000008df00000|100%| E|CS|TAMS 0x000000008de00000, 0x000000008de00000| Complete 
| 223|0x000000008df00000, 0x000000008e000000, 0x000000008e000000|100%| E|CS|TAMS 0x000000008df00000, 0x000000008df00000| Complete 
| 224|0x000000008e000000, 0x000000008e100000, 0x000000008e100000|100%| E|CS|TAMS 0x000000008e000000, 0x000000008e000000| Complete 
| 225|0x000000008e100000, 0x000000008e200000, 0x000000008e200000|100%| E|CS|TAMS 0x000000008e100000, 0x000000008e100000| Complete 
| 226|0x000000008e200000, 0x000000008e300000, 0x000000008e300000|100%| E|CS|TAMS 0x000000008e200000, 0x000000008e200000| Complete 
| 227|0x000000008e300000, 0x000000008e400000, 0x000000008e400000|100%| E|CS|TAMS 0x000000008e300000, 0x000000008e300000| Complete 
| 228|0x000000008e400000, 0x000000008e500000, 0x000000008e500000|100%| E|CS|TAMS 0x000000008e400000, 0x000000008e400000| Complete 
| 229|0x000000008e500000, 0x000000008e600000, 0x000000008e600000|100%| E|CS|TAMS 0x000000008e500000, 0x000000008e500000| Complete 
| 230|0x000000008e600000, 0x000000008e700000, 0x000000008e700000|100%| E|CS|TAMS 0x000000008e600000, 0x000000008e600000| Complete 
| 231|0x000000008e700000, 0x000000008e800000, 0x000000008e800000|100%| E|CS|TAMS 0x000000008e700000, 0x000000008e700000| Complete 
| 232|0x000000008e800000, 0x000000008e900000, 0x000000008e900000|100%| E|CS|TAMS 0x000000008e800000, 0x000000008e800000| Complete 
| 233|0x000000008e900000, 0x000000008e990f10, 0x000000008ea00000| 56%| S|CS|TAMS 0x000000008e900000, 0x000000008e900000| Complete 
| 234|0x000000008ea00000, 0x000000008eb00000, 0x000000008eb00000|100%| S|CS|TAMS 0x000000008ea00000, 0x000000008ea00000| Complete 
| 235|0x000000008eb00000, 0x000000008ec00000, 0x000000008ec00000|100%| S|CS|TAMS 0x000000008eb00000, 0x000000008eb00000| Complete 
| 236|0x000000008ec00000, 0x000000008ed00000, 0x000000008ed00000|100%| S|CS|TAMS 0x000000008ec00000, 0x000000008ec00000| Complete 
| 237|0x000000008ed00000, 0x000000008ee00000, 0x000000008ee00000|100%| S|CS|TAMS 0x000000008ed00000, 0x000000008ed00000| Complete 
| 238|0x000000008ee00000, 0x000000008ef00000, 0x000000008ef00000|100%| S|CS|TAMS 0x000000008ee00000, 0x000000008ee00000| Complete 
| 239|0x000000008ef00000, 0x000000008f000000, 0x000000008f000000|100%| E|CS|TAMS 0x000000008ef00000, 0x000000008ef00000| Complete 
| 240|0x000000008f000000, 0x000000008f100000, 0x000000008f100000|100%| E|CS|TAMS 0x000000008f000000, 0x000000008f000000| Complete 
| 241|0x000000008f100000, 0x000000008f200000, 0x000000008f200000|100%| E|CS|TAMS 0x000000008f100000, 0x000000008f100000| Complete 
| 242|0x000000008f200000, 0x000000008f300000, 0x000000008f300000|100%| E|CS|TAMS 0x000000008f200000, 0x000000008f200000| Complete 
| 243|0x000000008f300000, 0x000000008f400000, 0x000000008f400000|100%| E|CS|TAMS 0x000000008f300000, 0x000000008f300000| Complete 
| 244|0x000000008f400000, 0x000000008f500000, 0x000000008f500000|100%| E|CS|TAMS 0x000000008f400000, 0x000000008f400000| Complete 
| 245|0x000000008f500000, 0x000000008f600000, 0x000000008f600000|100%| E|CS|TAMS 0x000000008f500000, 0x000000008f500000| Complete 
| 246|0x000000008f600000, 0x000000008f700000, 0x000000008f700000|100%| E|CS|TAMS 0x000000008f600000, 0x000000008f600000| Complete 
| 247|0x000000008f700000, 0x000000008f800000, 0x000000008f800000|100%| E|CS|TAMS 0x000000008f700000, 0x000000008f700000| Complete 
| 248|0x000000008f800000, 0x000000008f900000, 0x000000008f900000|100%| E|CS|TAMS 0x000000008f800000, 0x000000008f800000| Complete 
| 249|0x000000008f900000, 0x000000008fa00000, 0x000000008fa00000|100%| E|CS|TAMS 0x000000008f900000, 0x000000008f900000| Complete 
| 250|0x000000008fa00000, 0x000000008fb00000, 0x000000008fb00000|100%| E|CS|TAMS 0x000000008fa00000, 0x000000008fa00000| Complete 
| 251|0x000000008fb00000, 0x000000008fc00000, 0x000000008fc00000|100%| E|CS|TAMS 0x000000008fb00000, 0x000000008fb00000| Complete 
| 252|0x000000008fc00000, 0x000000008fd00000, 0x000000008fd00000|100%| E|CS|TAMS 0x000000008fc00000, 0x000000008fc00000| Complete 
| 253|0x000000008fd00000, 0x000000008fe00000, 0x000000008fe00000|100%| E|CS|TAMS 0x000000008fd00000, 0x000000008fd00000| Complete 

Card table byte_map: [0x000001a654b10000,0x000001a654f10000] _byte_map_base: 0x000001a654710000

Marking Bits (Prev, Next): (CMBitMap*) 0x000001a63db28618, (CMBitMap*) 0x000001a63db28650
 Prev Bits: [0x000001a655310000, 0x000001a657310000)
 Next Bits: [0x000001a657310000, 0x000001a659310000)

Polling page: 0x000001a63ba30000

Metaspace:

Usage:
  Non-class:     35.38 MB capacity,    34.74 MB ( 98%) used,   548.49 KB (  2%) free+waste,   103.81 KB ( <1%) overhead. 
      Class:      5.46 MB capacity,     5.06 MB ( 93%) used,   352.75 KB (  6%) free+waste,    52.12 KB ( <1%) overhead. 
       Both:     40.83 MB capacity,    39.80 MB ( 97%) used,   901.24 KB (  2%) free+waste,   155.94 KB ( <1%) overhead. 

Virtual space:
  Non-class space:       36.00 MB reserved,      35.42 MB ( 98%) committed 
      Class space:      504.00 MB reserved,       5.50 MB (  1%) committed 
             Both:      540.00 MB reserved,      40.92 MB (  8%) committed 

Chunk freelists:
   Non-Class:  0 bytes
       Class:  1.25 KB
        Both:  1.25 KB

CodeHeap 'non-profiled nmethods': size=120000Kb used=2400Kb max_used=2400Kb free=117600Kb
 bounds [0x000001a64cc90000, 0x000001a64cf00000, 0x000001a6541c0000]
CodeHeap 'profiled nmethods': size=120000Kb used=8657Kb max_used=8657Kb free=111343Kb
 bounds [0x000001a645760000, 0x000001a645fe0000, 0x000001a64cc90000]
CodeHeap 'non-nmethods': size=5760Kb used=2205Kb max_used=2247Kb free=3554Kb
 bounds [0x000001a6451c0000, 0x000001a645430000, 0x000001a645760000]
 total_blobs=4924 nmethods=4154 adapters=681
 compilation: enabled
              stopped_count=0, restarted_count=0
 full_count=0

Compilation events (10 events):
Event: 356.379 Thread 0x000001a65c80c000 nmethod 4185 0x000001a64cee3890 code [0x000001a64cee3a00, 0x000001a64cee3a98]
Event: 356.379 Thread 0x000001a65c80c000 4186       4       java.util.StringJoiner::toString (181 bytes)
Event: 356.380 Thread 0x000001a65c854800 4187       3       java.beans.FeatureDescriptor::<init> (137 bytes)
Event: 356.382 Thread 0x000001a65c854800 nmethod 4187 0x000001a645fcfc90 code [0x000001a645fcff20, 0x000001a645fd0d18]
Event: 356.382 Thread 0x000001a65c854800 4188       3       com.sun.beans.util.Cache::getEntryValue (33 bytes)
Event: 356.383 Thread 0x000001a65c854800 nmethod 4188 0x000001a645fd1090 code [0x000001a645fd1260, 0x000001a645fd1728]
Event: 356.594 Thread 0x000001a65c80c000 nmethod 4186 0x000001a64cee3b10 code [0x000001a64cee3d80, 0x000001a64cee69f8]
Event: 358.223 Thread 0x000001a65c854800 4189   !   3       org.gradle.internal.concurrent.ExecutorPolicy$CatchAndRecordFailures::onExecute (29 bytes)
Event: 358.229 Thread 0x000001a65c854800 nmethod 4189 0x000001a645fd1910 code [0x000001a645fd1d20, 0x000001a645fd3988]
Event: 368.035 Thread 0x000001a65c80c000 4190       4       java.util.concurrent.locks.AbstractQueuedSynchronizer$ConditionObject::unlinkCancelledWaiters (67 bytes)

GC Heap History (10 events):
Event: 39.239 GC heap before
{Heap before GC invocations=0 (full 0):
 garbage-first heap   total 260096K, used 27648K [0x0000000080000000, 0x0000000100000000)
  region size 1024K, 24 young (24576K), 0 survivors (0K)
 Metaspace       used 10017K, capacity 10257K, committed 10368K, reserved 526336K
  class space    used 1040K, capacity 1107K, committed 1152K, reserved 516096K
}
Event: 40.951 GC heap after
{Heap after GC invocations=1 (full 0):
 garbage-first heap   total 260096K, used 10590K [0x0000000080000000, 0x0000000100000000)
  region size 1024K, 3 young (3072K), 3 survivors (3072K)
 Metaspace       used 10017K, capacity 10257K, committed 10368K, reserved 526336K
  class space    used 1040K, capacity 1107K, committed 1152K, reserved 516096K
}
Event: 212.274 GC heap before
{Heap before GC invocations=1 (full 0):
 garbage-first heap   total 260096K, used 104798K [0x0000000080000000, 0x0000000100000000)
  region size 1024K, 95 young (97280K), 3 survivors (3072K)
 Metaspace       used 20813K, capacity 21226K, committed 21296K, reserved 536576K
  class space    used 2522K, capacity 2688K, committed 2688K, reserved 516096K
}
Event: 212.956 GC heap after
{Heap after GC invocations=2 (full 0):
 garbage-first heap   total 260096K, used 17983K [0x0000000080000000, 0x0000000100000000)
  region size 1024K, 11 young (11264K), 11 survivors (11264K)
 Metaspace       used 20813K, capacity 21226K, committed 21296K, reserved 536576K
  class space    used 2522K, capacity 2688K, committed 2688K, reserved 516096K
}
Event: 229.887 GC heap before
{Heap before GC invocations=3 (full 0):
 garbage-first heap   total 260096K, used 31295K [0x0000000080000000, 0x0000000100000000)
  region size 1024K, 24 young (24576K), 11 survivors (11264K)
 Metaspace       used 21977K, capacity 22469K, committed 22576K, reserved 536576K
  class space    used 2713K, capacity 2889K, committed 2944K, reserved 516096K
}
Event: 229.910 GC heap after
{Heap after GC invocations=4 (full 0):
 garbage-first heap   total 260096K, used 18727K [0x0000000080000000, 0x0000000100000000)
  region size 1024K, 1 young (1024K), 1 survivors (1024K)
 Metaspace       used 21977K, capacity 22469K, committed 22576K, reserved 536576K
  class space    used 2713K, capacity 2889K, committed 2944K, reserved 516096K
}
Event: 300.813 GC heap before
{Heap before GC invocations=4 (full 0):
 garbage-first heap   total 260096K, used 118055K [0x0000000080000000, 0x0000000100000000)
  region size 1024K, 98 young (100352K), 1 survivors (1024K)
 Metaspace       used 31119K, capacity 31863K, committed 32048K, reserved 544768K
  class space    used 4159K, capacity 4438K, committed 4480K, reserved 516096K
}
Event: 300.823 GC heap after
{Heap after GC invocations=5 (full 0):
 garbage-first heap   total 260096K, used 21810K [0x0000000080000000, 0x0000000100000000)
  region size 1024K, 4 young (4096K), 4 survivors (4096K)
 Metaspace       used 31119K, capacity 31863K, committed 32048K, reserved 544768K
  class space    used 4159K, capacity 4438K, committed 4480K, reserved 516096K
}
Event: 313.014 GC heap before
{Heap before GC invocations=5 (full 0):
 garbage-first heap   total 260096K, used 36146K [0x0000000080000000, 0x0000000100000000)
  region size 1024K, 19 young (19456K), 4 survivors (4096K)
 Metaspace       used 34956K, capacity 35722K, committed 35888K, reserved 548864K
  class space    used 4534K, capacity 4878K, committed 4992K, reserved 516096K
}
Event: 313.024 GC heap after
{Heap after GC invocations=6 (full 0):
 garbage-first heap   total 260096K, used 23699K [0x0000000080000000, 0x0000000100000000)
  region size 1024K, 6 young (6144K), 6 survivors (6144K)
 Metaspace       used 34956K, capacity 35722K, committed 35888K, reserved 548864K
  class space    used 4534K, capacity 4878K, committed 4992K, reserved 516096K
}

Deoptimization events (10 events):
Event: 343.399 Thread 0x000001a65db00000 Uncommon trap: reason=unstable_if action=reinterpret pc=0x000001a64ce2d3cc method=java.util.stream.StreamOpFlag.fromCharacteristics(Ljava/util/Spliterator;)I @ 10 c2
Event: 344.376 Thread 0x000001a65db00000 Uncommon trap: reason=class_check action=maybe_recompile pc=0x000001a64ce6d840 method=java.util.regex.Pattern$Start.match(Ljava/util/regex/Matcher;ILjava/lang/CharSequence;)Z @ 44 c2
Event: 344.586 Thread 0x000001a65db00000 Uncommon trap: reason=class_check action=maybe_recompile pc=0x000001a64ce6d840 method=java.util.regex.Pattern$Start.match(Ljava/util/regex/Matcher;ILjava/lang/CharSequence;)Z @ 44 c2
Event: 344.898 Thread 0x000001a65db00000 Uncommon trap: reason=profile_predicate action=maybe_recompile pc=0x000001a64cea6190 method=java.lang.PublicMethods$MethodList.filter([Ljava/lang/reflect/Method;Ljava/lang/String;[Ljava/lang/Class;Z)Ljava/lang/PublicMethods$MethodList; @ 21 c2
Event: 344.899 Thread 0x000001a65db00000 Uncommon trap: reason=profile_predicate action=maybe_recompile pc=0x000001a64cea6190 method=java.lang.PublicMethods$MethodList.filter([Ljava/lang/reflect/Method;Ljava/lang/String;[Ljava/lang/Class;Z)Ljava/lang/PublicMethods$MethodList; @ 21 c2
Event: 345.080 Thread 0x000001a65db00000 Uncommon trap: reason=profile_predicate action=maybe_recompile pc=0x000001a64cea6190 method=java.lang.PublicMethods$MethodList.filter([Ljava/lang/reflect/Method;Ljava/lang/String;[Ljava/lang/Class;Z)Ljava/lang/PublicMethods$MethodList; @ 21 c2
Event: 345.081 Thread 0x000001a65db00000 Uncommon trap: reason=profile_predicate action=maybe_recompile pc=0x000001a64cea6190 method=java.lang.PublicMethods$MethodList.filter([Ljava/lang/reflect/Method;Ljava/lang/String;[Ljava/lang/Class;Z)Ljava/lang/PublicMethods$MethodList; @ 21 c2
Event: 347.015 Thread 0x000001a65db00000 Uncommon trap: reason=class_check action=maybe_recompile pc=0x000001a64ce6d840 method=java.util.regex.Pattern$Start.match(Ljava/util/regex/Matcher;ILjava/lang/CharSequence;)Z @ 44 c2
Event: 348.189 Thread 0x000001a65db00000 Uncommon trap: reason=unstable_if action=reinterpret pc=0x000001a64ccd1584 method=java.lang.StringCoding.encodeUTF8(B[BZ)[B @ 2 c2
Event: 355.072 Thread 0x000001a65db00000 Uncommon trap: reason=unstable_if action=reinterpret pc=0x000001a64cd6c288 method=java.util.concurrent.ConcurrentHashMap.putVal(Ljava/lang/Object;Ljava/lang/Object;Z)Ljava/lang/Object; @ 231 c2

Classes redefined (0 events):
No events

Internal exceptions (10 events):
Event: 355.943 Thread 0x000001a65db00000 Exception <a 'java/lang/ClassNotFoundException'{0x000000008b4afaa8}: java/io/InputStreamReaderBeanInfo> (0x000000008b4afaa8) thrown at [./open/src/hotspot/share/classfile/systemDictionary.cpp, line 226]
Event: 355.944 Thread 0x000001a65db00000 Exception <a 'java/lang/ClassNotFoundException'{0x000000008b4b5410}: java/io/ReaderBeanInfo> (0x000000008b4b5410) thrown at [./open/src/hotspot/share/classfile/systemDictionary.cpp, line 226]
Event: 355.944 Thread 0x000001a65db00000 Exception <a 'java/lang/ClassNotFoundException'{0x000000008b4bad90}: java/io/ReaderCustomizer> (0x000000008b4bad90) thrown at [./open/src/hotspot/share/classfile/systemDictionary.cpp, line 226]
Event: 355.946 Thread 0x000001a65db00000 Exception <a 'java/lang/ClassNotFoundException'{0x000000008b4c5b48}: java/io/InputStreamReaderCustomizer> (0x000000008b4c5b48) thrown at [./open/src/hotspot/share/classfile/systemDictionary.cpp, line 226]
Event: 356.193 Thread 0x000001a65db00000 Exception <a 'java/lang/ClassNotFoundException'{0x000000008b4e9bd0}: java/io/BufferedReaderBeanInfo> (0x000000008b4e9bd0) thrown at [./open/src/hotspot/share/classfile/systemDictionary.cpp, line 226]
Event: 356.194 Thread 0x000001a65db00000 Exception <a 'java/lang/ClassNotFoundException'{0x000000008b4ef590}: java/io/BufferedReaderCustomizer> (0x000000008b4ef590) thrown at [./open/src/hotspot/share/classfile/systemDictionary.cpp, line 226]
Event: 356.213 Thread 0x000001a65db00000 Exception <a 'java/lang/ClassNotFoundException'{0x000000008b226d78}: java/lang/StringBufferBeanInfo> (0x000000008b226d78) thrown at [./open/src/hotspot/share/classfile/systemDictionary.cpp, line 226]
Event: 356.213 Thread 0x000001a65db00000 Exception <a 'java/lang/ClassNotFoundException'{0x000000008b22c7b0}: java/lang/AbstractStringBuilderBeanInfo> (0x000000008b22c7b0) thrown at [./open/src/hotspot/share/classfile/systemDictionary.cpp, line 226]
Event: 356.214 Thread 0x000001a65db00000 Exception <a 'java/lang/ClassNotFoundException'{0x000000008b232320}: java/lang/AbstractStringBuilderCustomizer> (0x000000008b232320) thrown at [./open/src/hotspot/share/classfile/systemDictionary.cpp, line 226]
Event: 356.376 Thread 0x000001a65db00000 Exception <a 'java/lang/ClassNotFoundException'{0x000000008b115cf0}: java/lang/StringBufferCustomizer> (0x000000008b115cf0) thrown at [./open/src/hotspot/share/classfile/systemDictionary.cpp, line 226]

Events (10 events):
Event: 356.213 loading class java/lang/AbstractStringBuilderCustomizer
Event: 356.213 loading class java/lang/AbstractStringBuilderCustomizer done
Event: 356.214 loading class java/lang/AbstractStringBuilderCustomizer
Event: 356.214 loading class java/lang/AbstractStringBuilderCustomizer done
Event: 356.375 loading class java/lang/StringBufferCustomizer
Event: 356.375 loading class java/lang/StringBufferCustomizer done
Event: 356.376 loading class java/lang/StringBufferCustomizer
Event: 356.376 loading class java/lang/StringBufferCustomizer done
Event: 356.385 loading class groovy/lang/GroovyRuntimeException
Event: 356.385 loading class groovy/lang/GroovyRuntimeException done


Dynamic libraries:
0x00007ff67d6a0000 - 0x00007ff67d6b0000 	C:\Program Files\Java\jdk-11\bin\java.exe
0x00007ffa33cd0000 - 0x00007ffa33ee7000 	C:\Windows\SYSTEM32\ntdll.dll
0x00007ffa32770000 - 0x00007ffa32834000 	C:\Windows\System32\KERNEL32.DLL
0x00007ffa310c0000 - 0x00007ffa31466000 	C:\Windows\System32\KERNELBASE.dll
0x00007ffa31530000 - 0x00007ffa31641000 	C:\Windows\System32\ucrtbase.dll
0x00007ffa0f8b0000 - 0x00007ffa0f8c9000 	C:\Program Files\Java\jdk-11\bin\jli.dll
0x00007ffa32550000 - 0x00007ffa32603000 	C:\Windows\System32\ADVAPI32.dll
0x00007ffa33600000 - 0x00007ffa336a7000 	C:\Windows\System32\msvcrt.dll
0x00007ffa33710000 - 0x00007ffa337b8000 	C:\Windows\System32\sechost.dll
0x00007ffa31810000 - 0x00007ffa31838000 	C:\Windows\System32\bcrypt.dll
0x00007ffa31ce0000 - 0x00007ffa31df7000 	C:\Windows\System32\RPCRT4.dll
0x00007ffa32840000 - 0x00007ffa329ee000 	C:\Windows\System32\USER32.dll
0x00007ffa31090000 - 0x00007ffa310b6000 	C:\Windows\System32\win32u.dll
0x00007ffa333b0000 - 0x00007ffa333d9000 	C:\Windows\System32\GDI32.dll
0x00007ffa316f0000 - 0x00007ffa31808000 	C:\Windows\System32\gdi32full.dll
0x00007ffa31650000 - 0x00007ffa316ea000 	C:\Windows\System32\msvcp_win.dll
0x00007ffa13230000 - 0x00007ffa1324b000 	C:\Program Files\Java\jdk-11\bin\VCRUNTIME140.dll
0x00007ffa108a0000 - 0x00007ffa10b33000 	C:\Windows\WinSxS\amd64_microsoft.windows.common-controls_6595b64144ccf1df_6.0.22621.2506_none_270c5ae97388e100\COMCTL32.dll
0x00007ffa2d2f0000 - 0x00007ffa2d2fa000 	C:\Windows\SYSTEM32\VERSION.dll
0x00007ffa33c50000 - 0x00007ffa33c81000 	C:\Windows\System32\IMM32.DLL
0x00007ffa24ba0000 - 0x00007ffa24bac000 	C:\Program Files\Java\jdk-11\bin\vcruntime140_1.dll
0x00007ff9ee770000 - 0x00007ff9ee7fe000 	C:\Program Files\Java\jdk-11\bin\msvcp140.dll
0x00007ff989e50000 - 0x00007ff98a9bd000 	C:\Program Files\Java\jdk-11\bin\server\jvm.dll
0x00007ffa333e0000 - 0x00007ffa333e8000 	C:\Windows\System32\PSAPI.DLL
0x00007ffa189a0000 - 0x00007ffa189a9000 	C:\Windows\SYSTEM32\WSOCK32.dll
0x00007ffa337c0000 - 0x00007ffa33831000 	C:\Windows\System32\WS2_32.dll
0x00007ffa24b20000 - 0x00007ffa24b54000 	C:\Windows\SYSTEM32\WINMM.dll
0x00007ffa30110000 - 0x00007ffa30128000 	C:\Windows\SYSTEM32\kernel.appcore.dll
0x00007ffa246a0000 - 0x00007ffa246b0000 	C:\Program Files\Java\jdk-11\bin\verify.dll
0x00007ffa2e920000 - 0x00007ffa2eb53000 	C:\Windows\SYSTEM32\DBGHELP.DLL
0x00007ffa33860000 - 0x00007ffa33be9000 	C:\Windows\System32\combase.dll
0x00007ffa32610000 - 0x00007ffa326e7000 	C:\Windows\System32\OLEAUT32.dll
0x00007ffa23040000 - 0x00007ffa23072000 	C:\Windows\SYSTEM32\dbgcore.DLL
0x00007ffa31010000 - 0x00007ffa3108a000 	C:\Windows\System32\bcryptPrimitives.dll
0x00007ff9fb100000 - 0x00007ff9fb128000 	C:\Program Files\Java\jdk-11\bin\java.dll
0x00007ffa1e4a0000 - 0x00007ffa1e4aa000 	C:\Program Files\Java\jdk-11\bin\jimage.dll
0x00007ffa03fb0000 - 0x00007ffa03fc7000 	C:\Program Files\Java\jdk-11\bin\zip.dll
0x00007ffa32b50000 - 0x00007ffa333ab000 	C:\Windows\System32\SHELL32.dll
0x00007ffa2ef30000 - 0x00007ffa2f826000 	C:\Windows\SYSTEM32\windows.storage.dll
0x00007ffa2edf0000 - 0x00007ffa2ef2e000 	C:\Windows\SYSTEM32\wintypes.dll
0x00007ffa33410000 - 0x00007ffa33503000 	C:\Windows\System32\SHCORE.dll
0x00007ffa335a0000 - 0x00007ffa335fe000 	C:\Windows\System32\shlwapi.dll
0x00007ffa30f40000 - 0x00007ffa30f66000 	C:\Windows\SYSTEM32\profapi.dll
0x00007ff9ff670000 - 0x00007ff9ff689000 	C:\Program Files\Java\jdk-11\bin\net.dll
0x00007ffa26cc0000 - 0x00007ffa26df7000 	C:\Windows\SYSTEM32\WINHTTP.dll
0x00007ffa305c0000 - 0x00007ffa30629000 	C:\Windows\system32\mswsock.dll
0x00007ff9fbb00000 - 0x00007ff9fbb12000 	C:\Program Files\Java\jdk-11\bin\nio.dll
0x00007ff9fb060000 - 0x00007ff9fb087000 	C:\Users\dlara\.gradle\native\68d5fa5c4cc2d200863cafc0d521ce42e7d3e7ee720ec0a83991735586a16f82\windows-amd64\native-platform.dll
0x00007ff9e78c0000 - 0x00007ff9e7a04000 	C:\Users\dlara\.gradle\native\e376f236ea51e6404a007f0833ffe2c6e607c4080706a723a18a27aeea778392\windows-amd64\native-platform-file-events.dll
0x00007ffa1e2e0000 - 0x00007ffa1e2e9000 	C:\Program Files\Java\jdk-11\bin\management.dll
0x00007ffa13220000 - 0x00007ffa1322b000 	C:\Program Files\Java\jdk-11\bin\management_ext.dll
0x00007ffa30810000 - 0x00007ffa3082b000 	C:\Windows\SYSTEM32\CRYPTSP.dll
0x00007ffa30070000 - 0x00007ffa300a5000 	C:\Windows\system32\rsaenh.dll
0x00007ffa306b0000 - 0x00007ffa306dc000 	C:\Windows\SYSTEM32\USERENV.dll
0x00007ffa30830000 - 0x00007ffa3083c000 	C:\Windows\SYSTEM32\CRYPTBASE.dll
0x00007ffa2fb00000 - 0x00007ffa2fb2d000 	C:\Windows\SYSTEM32\IPHLPAPI.DLL
0x00007ffa33400000 - 0x00007ffa33409000 	C:\Windows\System32\NSI.dll
0x00007ffa26b50000 - 0x00007ffa26b69000 	C:\Windows\SYSTEM32\dhcpcsvc6.DLL
0x00007ffa26af0000 - 0x00007ffa26b0f000 	C:\Windows\SYSTEM32\dhcpcsvc.DLL
0x00007ffa2fb70000 - 0x00007ffa2fc69000 	C:\Windows\SYSTEM32\DNSAPI.dll

dbghelp: loaded successfully - version: 4.0.5 - missing functions: none
symbol engine: initialized successfully - sym options: 0x614 - pdb path: .;C:\Program Files\Java\jdk-11\bin;C:\Windows\SYSTEM32;C:\Windows\WinSxS\amd64_microsoft.windows.common-controls_6595b64144ccf1df_6.0.22621.2506_none_270c5ae97388e100;C:\Program Files\Java\jdk-11\bin\server;C:\Users\dlara\.gradle\native\68d5fa5c4cc2d200863cafc0d521ce42e7d3e7ee720ec0a83991735586a16f82\windows-amd64;C:\Users\dlara\.gradle\native\e376f236ea51e6404a007f0833ffe2c6e607c4080706a723a18a27aeea778392\windows-amd64

VM Arguments:
jvm_args: -XX:MaxMetaspaceSize=512m --add-opens=java.base/java.util=ALL-UNNAMED --add-opens=java.base/java.lang=ALL-UNNAMED --add-opens=java.base/java.lang.invoke=ALL-UNNAMED --add-opens=java.prefs/java.util.prefs=ALL-UNNAMED --add-opens=java.base/java.nio.charset=ALL-UNNAMED --add-opens=java.base/java.net=ALL-UNNAMED --add-opens=java.base/java.util.concurrent.atomic=ALL-UNNAMED -Xmx2048m -Dfile.encoding=windows-1252 -Duser.country=GT -Duser.language=es -Duser.variant 
java_command: org.gradle.launcher.daemon.bootstrap.GradleDaemon 8.0.1
java_class_path (initial): C:\Users\dlara\.gradle\wrapper\dists\gradle-8.0.1-all\aro4hu1c3oeioove7l0i4i14o\gradle-8.0.1\lib\gradle-launcher-8.0.1.jar
Launcher Type: SUN_STANDARD

[Global flags]
     intx CICompilerCount                          = 4                                         {product} {ergonomic}
   size_t CompressedClassSpaceSize                 = 528482304                                 {product} {ergonomic}
     uint ConcGCThreads                            = 3                                         {product} {ergonomic}
     uint G1ConcRefinementThreads                  = 10                                        {product} {ergonomic}
   size_t G1HeapRegionSize                         = 1048576                                   {product} {ergonomic}
    uintx GCDrainStackTargetSize                   = 64                                        {product} {ergonomic}
   size_t InitialHeapSize                          = 266338304                                 {product} {ergonomic}
   size_t MarkStackSize                            = 4194304                                   {product} {ergonomic}
   size_t MaxHeapSize                              = 2147483648                                {product} {command line}
   size_t MaxMetaspaceSize                         = 536870912                                 {product} {command line}
   size_t MaxNewSize                               = 1287651328                                {product} {ergonomic}
   size_t MinHeapDeltaBytes                        = 1048576                                   {product} {ergonomic}
    uintx NonNMethodCodeHeapSize                   = 5836300                                {pd product} {ergonomic}
    uintx NonProfiledCodeHeapSize                  = 122910970                              {pd product} {ergonomic}
    uintx ProfiledCodeHeapSize                     = 122910970                              {pd product} {ergonomic}
    uintx ReservedCodeCacheSize                    = 251658240                              {pd product} {ergonomic}
     bool SegmentedCodeCache                       = true                                      {product} {ergonomic}
     bool UseCompressedClassPointers               = true                                 {lp64_product} {ergonomic}
     bool UseCompressedOops                        = true                                 {lp64_product} {ergonomic}
     bool UseG1GC                                  = true                                      {product} {ergonomic}
     bool UseLargePagesIndividualAllocation        = false                                  {pd product} {ergonomic}

Logging:
Log output configuration:
 #0: stdout all=warning uptime,level,tags
 #1: stderr all=off uptime,level,tags

Environment Variables:
JAVA_HOME=C:\Program Files\Java\jdk-11
CLASSPATH=C:\Users\dlara\Documents\PROYECTOS\KINGO\fieldServices\android\\gradle\wrapper\gradle-wrapper.jar
PATH=C:\Users\dlara\Documents\PROYECTOS\KINGO\fieldServices\node_modules\.bin;C:\Users\dlara\Documents\PROYECTOS\KINGO\fieldServices\node_modules\.bin;C:\Users\dlara\Documents\PROYECTOS\KINGO\node_modules\.bin;C:\Users\dlara\Documents\PROYECTOS\node_modules\.bin;C:\Users\dlara\Documents\node_modules\.bin;C:\Users\dlara\node_modules\.bin;C:\Users\node_modules\.bin;C:\node_modules\.bin;C:\Users\dlara\Documents\PROYECTOS\KINGO\fieldServices\node_modules\npm\node_modules\@npmcli\run-script\lib\node-gyp-bin;C:\Users\dlara\Documents\PROYECTOS\KINGO\fieldServices\node_modules\.bin;C:\Users\dlara\Documents\PROYECTOS\KINGO\node_modules\.bin;C:\Users\dlara\Documents\PROYECTOS\node_modules\.bin;C:\Users\dlara\Documents\node_modules\.bin;C:\Users\dlara\node_modules\.bin;C:\Users\node_modules\.bin;C:\node_modules\.bin;C:\Users\dlara\AppData\Roaming\nvm\v20.10.0\node_modules\npm\node_modules\@npmcli\run-script\lib\node-gyp-bin;C:\Users\dlara\bin;C:\Program Files\Git\mingw64\bin;C:\Program Files\Git\usr\local\bin;C:\Program Files\Git\usr\bin;C:\Program Files\Git\usr\bin;C:\Program Files\Git\mingw64\bin;C:\Program Files\Git\usr\bin;C:\Users\dlara\bin;C:\Program Files\Common Files\Oracle\Java\javapath;C:\Windows\system32;C:\Windows;C:\Windows\System32\Wbem;C:\Windows\System32\WindowsPowerShell\v1.0;C:\Windows\System32\OpenSSH;C:\Program Files\Git\cmd;C:\Users\dlara\AppData\Local\Android\Sdk\platform-tools;%NVM_HOME%;%NVM_SYMLINK%;C:\Users\dlara\AppData\Local\Microsoft\WindowsApps;C:\Users\dlara\AppData\Local\Programs\Microsoft VS Code\bin;C:\Program Files\JetBrains\DataGrip 2023.2.3\bin;C:\Users\dlara\AppData\Roaming\nvm;C:\Program Files\nodejs;C:\Program Files\Git\usr\bin\vendor_perl;C:\Program Files\Git\usr\bin\core_perl
USERNAME=dlara
SHELL=C:\Program Files\Git\usr\bin\bash.exe
DISPLAY=needs-to-be-defined
OS=Windows_NT
PROCESSOR_IDENTIFIER=Intel64 Family 6 Model 158 Stepping 10, GenuineIntel



---------------  S Y S T E M  ---------------

OS: Windows 11 , 64 bit Build 22621 (10.0.22621.3085)
Hyper-V role detected

CPU:total 12 (initial active 12) (6 cores per cpu, 2 threads per core) family 6 model 158 stepping 10 microcode 0xde, cmov, cx8, fxsr, mmx, sse, sse2, sse3, ssse3, sse4.1, sse4.2, popcnt, avx, avx2, aes, clmul, erms, 3dnowpref, lzcnt, ht, tsc, tscinvbit, bmi1, bmi2, adx, fma

Memory: 4k page, system-wide physical 16177M (145M free)
TotalPageFile size 65329M (AvailPageFile size 55M)
current process WorkingSet (physical memory assigned to process): 200M, peak: 221M
current process commit charge ("private bytes"): 419M, peak: 441M

vm_info: Java HotSpot(TM) 64-Bit Server VM (11.0.21+9-LTS-193) for windows-amd64 JRE (11.0.21+9-LTS-193), built on Sep 13 2023 11:04:38 by "mach5one" with MS VC++ 17.1 (VS2022)

END.
