#
# There is insufficient memory for the Java Runtime Environment to continue.
# Native memory allocation (malloc) failed to allocate 32744 bytes for ChunkPool::allocate
# Possible reasons:
#   The system is out of physical RAM or swap space
#   The process is running with CompressedOops enabled, and the Java Heap may be blocking the growth of the native heap
# Possible solutions:
#   Reduce memory load on the system
#   Increase physical memory or swap space
#   Check if swap backing store is full
#   Decrease Java heap size (-Xmx/-Xms)
#   Decrease number of Java threads
#   Decrease Java thread stack sizes (-Xss)
#   Set larger code cache with -XX:ReservedCodeCacheSize=
#   JVM is running with Unscaled Compressed Oops mode in which the Java heap is
#     placed in the first 4GB address space. The Java Heap base address is the
#     maximum limit for the native heap growth. Please use -XX:HeapBaseMinAddress
#     to set the Java Heap base and to place the Java Heap above 4GB virtual address.
# This output file may be truncated or incomplete.
#
#  Out of Memory Error (./open/src/hotspot/share/memory/arena.cpp:81), pid=19920, tid=17588
#
# JRE version: Java(TM) SE Runtime Environment 18.9 (11.0.21+9) (build 11.0.21+9-LTS-193)
# Java VM: Java HotSpot(TM) 64-Bit Server VM 18.9 (11.0.21+9-LTS-193, mixed mode, tiered, compressed oops, g1 gc, windows-amd64)
# No core dump will be written. Minidumps are not enabled by default on client versions of Windows
#

---------------  S U M M A R Y ------------

Command Line: -XX:MaxMetaspaceSize=512m --add-opens=java.base/java.util=ALL-UNNAMED --add-opens=java.base/java.lang=ALL-UNNAMED --add-opens=java.base/java.lang.invoke=ALL-UNNAMED --add-opens=java.prefs/java.util.prefs=ALL-UNNAMED --add-opens=java.base/java.nio.charset=ALL-UNNAMED --add-opens=java.base/java.net=ALL-UNNAMED --add-opens=java.base/java.util.concurrent.atomic=ALL-UNNAMED -Xmx2048m -Dfile.encoding=windows-1252 -Duser.country=GT -Duser.language=es -Duser.variant org.gradle.launcher.daemon.bootstrap.GradleDaemon 8.0.1

Host: Intel(R) Core(TM) i7-9750H CPU @ 2.60GHz, 12 cores, 15G,  Windows 11 , 64 bit Build 22621 (10.0.22621.3085)
Time: Thu Mar 14 15:50:21 2024 Hora estándar, América Central elapsed time: 149.660282 seconds (0d 0h 2m 29s)

---------------  T H R E A D  ---------------

Current thread (0x0000029ac3626000):  JavaThread "C2 CompilerThread0" daemon [_thread_in_native, id=17588, stack(0x000000ea9da00000,0x000000ea9db00000)]


Current CompileTask:
C2: 149660 2685       4       jdk.internal.org.objectweb.asm.Type::getArgumentsAndReturnSizes (151 bytes)

Stack: [0x000000ea9da00000,0x000000ea9db00000]
Native frames: (J=compiled Java code, j=interpreted, Vv=VM code, C=native code)
V  [jvm.dll+0x66058a]
V  [jvm.dll+0x7a362f]
V  [jvm.dll+0x7a4cf9]
V  [jvm.dll+0x7a5393]
V  [jvm.dll+0x258f55]
V  [jvm.dll+0xb2c7f]
V  [jvm.dll+0xb2fcc]
V  [jvm.dll+0xb2b24]
V  [jvm.dll+0x63fccf]
V  [jvm.dll+0x690ccb]
V  [jvm.dll+0x1a2c40]
V  [jvm.dll+0x211d8d]
V  [jvm.dll+0x210c08]
V  [jvm.dll+0x18cdb1]
V  [jvm.dll+0x220e99]
V  [jvm.dll+0x21f1bc]
V  [jvm.dll+0x7673c1]
V  [jvm.dll+0x75fc44]
V  [jvm.dll+0x65f435]
C  [ucrtbase.dll+0x29363]
C  [KERNEL32.DLL+0x1257d]
C  [ntdll.dll+0x5aa58]


---------------  P R O C E S S  ---------------

Threads class SMR info:
_java_thread_list=0x0000029ac5915070, length=26, elements={
0x0000029aa48ba800, 0x0000029ac35c1800, 0x0000029ac35c3000, 0x0000029ac35d9800,
0x0000029ac35da800, 0x0000029ac35dc800, 0x0000029ac3626000, 0x0000029ac3685800,
0x0000029ac368d000, 0x0000029ac379a000, 0x0000029ac5974800, 0x0000029ac4a7e000,
0x0000029ac46af800, 0x0000029ac44a6800, 0x0000029ac4c4f000, 0x0000029ac40b3800,
0x0000029ac500e800, 0x0000029ac4e4b800, 0x0000029ac4e4c000, 0x0000029ac41e2000,
0x0000029ac41df800, 0x0000029ac41e1000, 0x0000029ac41e0000, 0x0000029ac57b3800,
0x0000029ac57b3000, 0x0000029ac57b2000
}

Java Threads: ( => current thread )
  0x0000029aa48ba800 JavaThread "main" [_thread_blocked, id=29792, stack(0x000000ea9ce00000,0x000000ea9cf00000)]
  0x0000029ac35c1800 JavaThread "Reference Handler" daemon [_thread_blocked, id=15376, stack(0x000000ea9d500000,0x000000ea9d600000)]
  0x0000029ac35c3000 JavaThread "Finalizer" daemon [_thread_blocked, id=35436, stack(0x000000ea9d600000,0x000000ea9d700000)]
  0x0000029ac35d9800 JavaThread "Signal Dispatcher" daemon [_thread_blocked, id=12736, stack(0x000000ea9d700000,0x000000ea9d800000)]
  0x0000029ac35da800 JavaThread "Attach Listener" daemon [_thread_blocked, id=16756, stack(0x000000ea9d800000,0x000000ea9d900000)]
  0x0000029ac35dc800 JavaThread "Service Thread" daemon [_thread_blocked, id=26520, stack(0x000000ea9d900000,0x000000ea9da00000)]
=>0x0000029ac3626000 JavaThread "C2 CompilerThread0" daemon [_thread_in_native, id=17588, stack(0x000000ea9da00000,0x000000ea9db00000)]
  0x0000029ac3685800 JavaThread "C1 CompilerThread0" daemon [_thread_blocked, id=12108, stack(0x000000ea9db00000,0x000000ea9dc00000)]
  0x0000029ac368d000 JavaThread "Sweeper thread" daemon [_thread_blocked, id=31412, stack(0x000000ea9dc00000,0x000000ea9dd00000)]
  0x0000029ac379a000 JavaThread "Common-Cleaner" daemon [_thread_blocked, id=22732, stack(0x000000ea9dd00000,0x000000ea9de00000)]
  0x0000029ac5974800 JavaThread "Daemon health stats" [_thread_blocked, id=54948, stack(0x000000ea9cc00000,0x000000ea9cd00000)]
  0x0000029ac4a7e000 JavaThread "Incoming local TCP Connector on port 64335" [_thread_in_native, id=3180, stack(0x000000ea9df00000,0x000000ea9e000000)]
  0x0000029ac46af800 JavaThread "Daemon periodic checks" [_thread_blocked, id=39428, stack(0x000000ea9e700000,0x000000ea9e800000)]
  0x0000029ac44a6800 JavaThread "Daemon" [_thread_blocked, id=44920, stack(0x000000ea9e800000,0x000000ea9e900000)]
  0x0000029ac4c4f000 JavaThread "Handler for socket connection from /127.0.0.1:64335 to /127.0.0.1:64379" [_thread_in_native, id=34272, stack(0x000000ea9e900000,0x000000ea9ea00000)]
  0x0000029ac40b3800 JavaThread "Cancel handler" [_thread_blocked, id=38156, stack(0x000000ea9ea00000,0x000000ea9eb00000)]
  0x0000029ac500e800 JavaThread "Daemon worker" [_thread_in_Java, id=28304, stack(0x000000ea9cb00000,0x000000ea9cc00000)]
  0x0000029ac4e4b800 JavaThread "Asynchronous log dispatcher for DefaultDaemonConnection: socket connection from /127.0.0.1:64335 to /127.0.0.1:64379" [_thread_blocked, id=27196, stack(0x000000ea9cd00000,0x000000ea9ce00000)]
  0x0000029ac4e4c000 JavaThread "Stdin handler" [_thread_blocked, id=2224, stack(0x000000ea9eb00000,0x000000ea9ec00000)]
  0x0000029ac41e2000 JavaThread "Daemon client event forwarder" [_thread_blocked, id=21140, stack(0x000000ea9ec00000,0x000000ea9ed00000)]
  0x0000029ac41df800 JavaThread "Cache worker for journal cache (C:\Users\dlara\.gradle\caches\journal-1)" [_thread_blocked, id=5100, stack(0x000000ea9ed00000,0x000000ea9ee00000)]
  0x0000029ac41e1000 JavaThread "File lock request listener" [_thread_in_native, id=56424, stack(0x000000ea9ee00000,0x000000ea9ef00000)]
  0x0000029ac41e0000 JavaThread "File lock release action executor" [_thread_blocked, id=3328, stack(0x000000ea9f500000,0x000000ea9f600000)]
  0x0000029ac57b3800 JavaThread "Cache worker for file hash cache (C:\Users\dlara\.gradle\caches\8.0.1\fileHashes)" [_thread_blocked, id=43772, stack(0x000000ea9f600000,0x000000ea9f700000)]
  0x0000029ac57b3000 JavaThread "File watcher server" daemon [_thread_in_native, id=56160, stack(0x000000ea9f700000,0x000000ea9f800000)]
  0x0000029ac57b2000 JavaThread "File watcher consumer" daemon [_thread_blocked, id=8264, stack(0x000000ea9f800000,0x000000ea9f900000)]

Other Threads:
  0x0000029ac35bf000 VMThread "VM Thread" [stack: 0x000000ea9d400000,0x000000ea9d500000] [id=44000]
  0x0000029ac37d9800 WatcherThread [stack: 0x000000ea9de00000,0x000000ea9df00000] [id=41120]
  0x0000029aa48d1000 GCTaskThread "GC Thread#0" [stack: 0x000000ea9cf00000,0x000000ea9d000000] [id=8396]
  0x0000029ac4d42000 GCTaskThread "GC Thread#1" [stack: 0x000000ea9e000000,0x000000ea9e100000] [id=11024]
  0x0000029ac455a800 GCTaskThread "GC Thread#2" [stack: 0x000000ea9e100000,0x000000ea9e200000] [id=36280]
  0x0000029ac3eae000 GCTaskThread "GC Thread#3" [stack: 0x000000ea9e200000,0x000000ea9e300000] [id=4560]
  0x0000029ac4015000 GCTaskThread "GC Thread#4" [stack: 0x000000ea9e300000,0x000000ea9e400000] [id=30076]
  0x0000029ac3b0c000 GCTaskThread "GC Thread#5" [stack: 0x000000ea9e400000,0x000000ea9e500000] [id=22444]
  0x0000029ac44e4800 GCTaskThread "GC Thread#6" [stack: 0x000000ea9ef00000,0x000000ea9f000000] [id=55340]
  0x0000029ac4bd5800 GCTaskThread "GC Thread#7" [stack: 0x000000ea9f000000,0x000000ea9f100000] [id=47916]
  0x0000029ac594c800 GCTaskThread "GC Thread#8" [stack: 0x000000ea9f100000,0x000000ea9f200000] [id=54436]
  0x0000029ac3958000 GCTaskThread "GC Thread#9" [stack: 0x000000ea9f200000,0x000000ea9f300000] [id=56416]
  0x0000029aa4901800 ConcurrentGCThread "G1 Main Marker" [stack: 0x000000ea9d000000,0x000000ea9d100000] [id=16136]
  0x0000029aa4902800 ConcurrentGCThread "G1 Conc#0" [stack: 0x000000ea9d100000,0x000000ea9d200000] [id=9644]
  0x0000029ac3b8c800 ConcurrentGCThread "G1 Conc#1" [stack: 0x000000ea9f300000,0x000000ea9f400000] [id=25576]
  0x0000029ac43fb800 ConcurrentGCThread "G1 Conc#2" [stack: 0x000000ea9f400000,0x000000ea9f500000] [id=40192]
  0x0000029ac2c2b800 ConcurrentGCThread "G1 Refine#0" [stack: 0x000000ea9d200000,0x000000ea9d300000] [id=24688]
  0x0000029ac2c2c800 ConcurrentGCThread "G1 Young RemSet Sampling" [stack: 0x000000ea9d300000,0x000000ea9d400000] [id=22532]

Threads with active compile tasks:
C2 CompilerThread0   149805 2685       4       jdk.internal.org.objectweb.asm.Type::getArgumentsAndReturnSizes (151 bytes)

VM state:not at safepoint (normal execution)

VM Mutex/Monitor currently owned by a thread: None

Heap address: 0x0000000080000000, size: 2048 MB, Compressed Oops mode: 32-bit
Narrow klass base: 0x0000000000000000, Narrow klass shift: 3
Compressed class space size: 528482304 Address: 0x0000000100000000

Heap:
 garbage-first heap   total 260096K, used 73486K [0x0000000080000000, 0x0000000100000000)
  region size 1024K, 56 young (57344K), 2 survivors (2048K)
 Metaspace       used 27805K, capacity 28555K, committed 28720K, reserved 542720K
  class space    used 3663K, capacity 3951K, committed 3968K, reserved 516096K
Heap Regions: E=young(eden), S=young(survivor), O=old, HS=humongous(starts), HC=humongous(continues), CS=collection set, F=free, A=archive, TAMS=top-at-mark-start (previous, next)
|   0|0x0000000080000000, 0x0000000080100000, 0x0000000080100000|100%|HS|  |TAMS 0x0000000080100000, 0x0000000080000000| Complete 
|   1|0x0000000080100000, 0x0000000080200000, 0x0000000080200000|100%|HC|  |TAMS 0x0000000080200000, 0x0000000080100000| Complete 
|   2|0x0000000080200000, 0x0000000080300000, 0x0000000080300000|100%|HC|  |TAMS 0x0000000080300000, 0x0000000080200000| Complete 
|   3|0x0000000080300000, 0x0000000080400000, 0x0000000080400000|100%|HC|  |TAMS 0x0000000080400000, 0x0000000080300000| Complete 
|   4|0x0000000080400000, 0x0000000080500000, 0x0000000080500000|100%| O|  |TAMS 0x0000000080500000, 0x0000000080400000| Untracked 
|   5|0x0000000080500000, 0x0000000080600000, 0x0000000080600000|100%| O|  |TAMS 0x0000000080600000, 0x0000000080500000| Untracked 
|   6|0x0000000080600000, 0x0000000080700000, 0x0000000080700000|100%| O|  |TAMS 0x0000000080700000, 0x0000000080600000| Untracked 
|   7|0x0000000080700000, 0x0000000080800000, 0x0000000080800000|100%| O|  |TAMS 0x0000000080723e00, 0x0000000080700000| Untracked 
|   8|0x0000000080800000, 0x0000000080900000, 0x0000000080900000|100%| O|  |TAMS 0x0000000080800000, 0x0000000080800000| Untracked 
|   9|0x0000000080900000, 0x0000000080a00000, 0x0000000080a00000|100%| O|  |TAMS 0x0000000080900000, 0x0000000080900000| Untracked 
|  10|0x0000000080a00000, 0x0000000080b00000, 0x0000000080b00000|100%| O|  |TAMS 0x0000000080a00000, 0x0000000080a00000| Untracked 
|  11|0x0000000080b00000, 0x0000000080c00000, 0x0000000080c00000|100%| O|  |TAMS 0x0000000080b00000, 0x0000000080b00000| Untracked 
|  12|0x0000000080c00000, 0x0000000080d00000, 0x0000000080d00000|100%| O|  |TAMS 0x0000000080c00000, 0x0000000080c00000| Untracked 
|  13|0x0000000080d00000, 0x0000000080e00000, 0x0000000080e00000|100%| O|  |TAMS 0x0000000080d00000, 0x0000000080d00000| Untracked 
|  14|0x0000000080e00000, 0x0000000080f00000, 0x0000000080f00000|100%| O|  |TAMS 0x0000000080e00000, 0x0000000080e00000| Untracked 
|  15|0x0000000080f00000, 0x0000000081000000, 0x0000000081000000|100%| O|  |TAMS 0x0000000080f00000, 0x0000000080f00000| Untracked 
|  16|0x0000000081000000, 0x0000000081100000, 0x0000000081100000|100%| O|  |TAMS 0x0000000081000000, 0x0000000081000000| Untracked 
|  17|0x0000000081100000, 0x0000000081186000, 0x0000000081200000| 52%| O|  |TAMS 0x0000000081100000, 0x0000000081100000| Untracked 
|  18|0x0000000081200000, 0x0000000081200000, 0x0000000081300000|  0%| F|  |TAMS 0x0000000081200000, 0x0000000081200000| Untracked 
|  19|0x0000000081300000, 0x0000000081300000, 0x0000000081400000|  0%| F|  |TAMS 0x0000000081300000, 0x0000000081300000| Untracked 
|  20|0x0000000081400000, 0x0000000081400000, 0x0000000081500000|  0%| F|  |TAMS 0x0000000081400000, 0x0000000081400000| Untracked 
|  21|0x0000000081500000, 0x0000000081500000, 0x0000000081600000|  0%| F|  |TAMS 0x0000000081500000, 0x0000000081500000| Untracked 
|  22|0x0000000081600000, 0x0000000081600000, 0x0000000081700000|  0%| F|  |TAMS 0x0000000081600000, 0x0000000081600000| Untracked 
|  23|0x0000000081700000, 0x0000000081700000, 0x0000000081800000|  0%| F|  |TAMS 0x0000000081700000, 0x0000000081700000| Untracked 
|  24|0x0000000081800000, 0x0000000081800000, 0x0000000081900000|  0%| F|  |TAMS 0x0000000081800000, 0x0000000081800000| Untracked 
|  25|0x0000000081900000, 0x0000000081900000, 0x0000000081a00000|  0%| F|  |TAMS 0x0000000081900000, 0x0000000081900000| Untracked 
|  26|0x0000000081a00000, 0x0000000081a00000, 0x0000000081b00000|  0%| F|  |TAMS 0x0000000081a00000, 0x0000000081a00000| Untracked 
|  27|0x0000000081b00000, 0x0000000081b00000, 0x0000000081c00000|  0%| F|  |TAMS 0x0000000081b00000, 0x0000000081b00000| Untracked 
|  28|0x0000000081c00000, 0x0000000081c00000, 0x0000000081d00000|  0%| F|  |TAMS 0x0000000081c00000, 0x0000000081c00000| Untracked 
|  29|0x0000000081d00000, 0x0000000081d00000, 0x0000000081e00000|  0%| F|  |TAMS 0x0000000081d00000, 0x0000000081d00000| Untracked 
|  30|0x0000000081e00000, 0x0000000081e00000, 0x0000000081f00000|  0%| F|  |TAMS 0x0000000081e00000, 0x0000000081e00000| Untracked 
|  31|0x0000000081f00000, 0x0000000081f00000, 0x0000000082000000|  0%| F|  |TAMS 0x0000000081f00000, 0x0000000081f00000| Untracked 
|  32|0x0000000082000000, 0x0000000082000000, 0x0000000082100000|  0%| F|  |TAMS 0x0000000082000000, 0x0000000082000000| Untracked 
|  33|0x0000000082100000, 0x0000000082100000, 0x0000000082200000|  0%| F|  |TAMS 0x0000000082100000, 0x0000000082100000| Untracked 
|  34|0x0000000082200000, 0x0000000082200000, 0x0000000082300000|  0%| F|  |TAMS 0x0000000082200000, 0x0000000082200000| Untracked 
|  35|0x0000000082300000, 0x0000000082300000, 0x0000000082400000|  0%| F|  |TAMS 0x0000000082300000, 0x0000000082300000| Untracked 
|  36|0x0000000082400000, 0x0000000082400000, 0x0000000082500000|  0%| F|  |TAMS 0x0000000082400000, 0x0000000082400000| Untracked 
|  37|0x0000000082500000, 0x0000000082500000, 0x0000000082600000|  0%| F|  |TAMS 0x0000000082500000, 0x0000000082500000| Untracked 
|  38|0x0000000082600000, 0x0000000082600000, 0x0000000082700000|  0%| F|  |TAMS 0x0000000082600000, 0x0000000082600000| Untracked 
|  39|0x0000000082700000, 0x0000000082700000, 0x0000000082800000|  0%| F|  |TAMS 0x0000000082700000, 0x0000000082700000| Untracked 
|  40|0x0000000082800000, 0x0000000082800000, 0x0000000082900000|  0%| F|  |TAMS 0x0000000082800000, 0x0000000082800000| Untracked 
|  41|0x0000000082900000, 0x0000000082900000, 0x0000000082a00000|  0%| F|  |TAMS 0x0000000082900000, 0x0000000082900000| Untracked 
|  42|0x0000000082a00000, 0x0000000082a00000, 0x0000000082b00000|  0%| F|  |TAMS 0x0000000082a00000, 0x0000000082a00000| Untracked 
|  43|0x0000000082b00000, 0x0000000082b00000, 0x0000000082c00000|  0%| F|  |TAMS 0x0000000082b00000, 0x0000000082b00000| Untracked 
|  44|0x0000000082c00000, 0x0000000082c00000, 0x0000000082d00000|  0%| F|  |TAMS 0x0000000082c00000, 0x0000000082c00000| Untracked 
|  45|0x0000000082d00000, 0x0000000082d00000, 0x0000000082e00000|  0%| F|  |TAMS 0x0000000082d00000, 0x0000000082d00000| Untracked 
|  46|0x0000000082e00000, 0x0000000082e00000, 0x0000000082f00000|  0%| F|  |TAMS 0x0000000082e00000, 0x0000000082e00000| Untracked 
|  47|0x0000000082f00000, 0x0000000082f00000, 0x0000000083000000|  0%| F|  |TAMS 0x0000000082f00000, 0x0000000082f00000| Untracked 
|  48|0x0000000083000000, 0x0000000083000000, 0x0000000083100000|  0%| F|  |TAMS 0x0000000083000000, 0x0000000083000000| Untracked 
|  49|0x0000000083100000, 0x0000000083100000, 0x0000000083200000|  0%| F|  |TAMS 0x0000000083100000, 0x0000000083100000| Untracked 
|  50|0x0000000083200000, 0x0000000083200000, 0x0000000083300000|  0%| F|  |TAMS 0x0000000083200000, 0x0000000083200000| Untracked 
|  51|0x0000000083300000, 0x0000000083300000, 0x0000000083400000|  0%| F|  |TAMS 0x0000000083300000, 0x0000000083300000| Untracked 
|  52|0x0000000083400000, 0x0000000083400000, 0x0000000083500000|  0%| F|  |TAMS 0x0000000083400000, 0x0000000083400000| Untracked 
|  53|0x0000000083500000, 0x0000000083500000, 0x0000000083600000|  0%| F|  |TAMS 0x0000000083500000, 0x0000000083500000| Untracked 
|  54|0x0000000083600000, 0x0000000083600000, 0x0000000083700000|  0%| F|  |TAMS 0x0000000083600000, 0x0000000083600000| Untracked 
|  55|0x0000000083700000, 0x0000000083700000, 0x0000000083800000|  0%| F|  |TAMS 0x0000000083700000, 0x0000000083700000| Untracked 
|  56|0x0000000083800000, 0x0000000083800000, 0x0000000083900000|  0%| F|  |TAMS 0x0000000083800000, 0x0000000083800000| Untracked 
|  57|0x0000000083900000, 0x0000000083900000, 0x0000000083a00000|  0%| F|  |TAMS 0x0000000083900000, 0x0000000083900000| Untracked 
|  58|0x0000000083a00000, 0x0000000083a00000, 0x0000000083b00000|  0%| F|  |TAMS 0x0000000083a00000, 0x0000000083a00000| Untracked 
|  59|0x0000000083b00000, 0x0000000083b00000, 0x0000000083c00000|  0%| F|  |TAMS 0x0000000083b00000, 0x0000000083b00000| Untracked 
|  60|0x0000000083c00000, 0x0000000083c00000, 0x0000000083d00000|  0%| F|  |TAMS 0x0000000083c00000, 0x0000000083c00000| Untracked 
|  61|0x0000000083d00000, 0x0000000083d00000, 0x0000000083e00000|  0%| F|  |TAMS 0x0000000083d00000, 0x0000000083d00000| Untracked 
|  62|0x0000000083e00000, 0x0000000083e00000, 0x0000000083f00000|  0%| F|  |TAMS 0x0000000083e00000, 0x0000000083e00000| Untracked 
|  63|0x0000000083f00000, 0x0000000083f00000, 0x0000000084000000|  0%| F|  |TAMS 0x0000000083f00000, 0x0000000083f00000| Untracked 
|  64|0x0000000084000000, 0x0000000084000000, 0x0000000084100000|  0%| F|  |TAMS 0x0000000084000000, 0x0000000084000000| Untracked 
|  65|0x0000000084100000, 0x0000000084100000, 0x0000000084200000|  0%| F|  |TAMS 0x0000000084100000, 0x0000000084100000| Untracked 
|  66|0x0000000084200000, 0x0000000084200000, 0x0000000084300000|  0%| F|  |TAMS 0x0000000084200000, 0x0000000084200000| Untracked 
|  67|0x0000000084300000, 0x0000000084300000, 0x0000000084400000|  0%| F|  |TAMS 0x0000000084300000, 0x0000000084300000| Untracked 
|  68|0x0000000084400000, 0x0000000084400000, 0x0000000084500000|  0%| F|  |TAMS 0x0000000084400000, 0x0000000084400000| Untracked 
|  69|0x0000000084500000, 0x0000000084500000, 0x0000000084600000|  0%| F|  |TAMS 0x0000000084500000, 0x0000000084500000| Untracked 
|  70|0x0000000084600000, 0x0000000084600000, 0x0000000084700000|  0%| F|  |TAMS 0x0000000084600000, 0x0000000084600000| Untracked 
|  71|0x0000000084700000, 0x0000000084700000, 0x0000000084800000|  0%| F|  |TAMS 0x0000000084700000, 0x0000000084700000| Untracked 
|  72|0x0000000084800000, 0x0000000084800000, 0x0000000084900000|  0%| F|  |TAMS 0x0000000084800000, 0x0000000084800000| Untracked 
|  73|0x0000000084900000, 0x0000000084900000, 0x0000000084a00000|  0%| F|  |TAMS 0x0000000084900000, 0x0000000084900000| Untracked 
|  74|0x0000000084a00000, 0x0000000084a00000, 0x0000000084b00000|  0%| F|  |TAMS 0x0000000084a00000, 0x0000000084a00000| Untracked 
|  75|0x0000000084b00000, 0x0000000084b00000, 0x0000000084c00000|  0%| F|  |TAMS 0x0000000084b00000, 0x0000000084b00000| Untracked 
|  76|0x0000000084c00000, 0x0000000084c00000, 0x0000000084d00000|  0%| F|  |TAMS 0x0000000084c00000, 0x0000000084c00000| Untracked 
|  77|0x0000000084d00000, 0x0000000084d00000, 0x0000000084e00000|  0%| F|  |TAMS 0x0000000084d00000, 0x0000000084d00000| Untracked 
|  78|0x0000000084e00000, 0x0000000084e00000, 0x0000000084f00000|  0%| F|  |TAMS 0x0000000084e00000, 0x0000000084e00000| Untracked 
|  79|0x0000000084f00000, 0x0000000084f00000, 0x0000000085000000|  0%| F|  |TAMS 0x0000000084f00000, 0x0000000084f00000| Untracked 
|  80|0x0000000085000000, 0x0000000085000000, 0x0000000085100000|  0%| F|  |TAMS 0x0000000085000000, 0x0000000085000000| Untracked 
|  81|0x0000000085100000, 0x0000000085100000, 0x0000000085200000|  0%| F|  |TAMS 0x0000000085100000, 0x0000000085100000| Untracked 
|  82|0x0000000085200000, 0x0000000085200000, 0x0000000085300000|  0%| F|  |TAMS 0x0000000085200000, 0x0000000085200000| Untracked 
|  83|0x0000000085300000, 0x0000000085300000, 0x0000000085400000|  0%| F|  |TAMS 0x0000000085300000, 0x0000000085300000| Untracked 
|  84|0x0000000085400000, 0x0000000085400000, 0x0000000085500000|  0%| F|  |TAMS 0x0000000085400000, 0x0000000085400000| Untracked 
|  85|0x0000000085500000, 0x0000000085500000, 0x0000000085600000|  0%| F|  |TAMS 0x0000000085500000, 0x0000000085500000| Untracked 
|  86|0x0000000085600000, 0x0000000085600000, 0x0000000085700000|  0%| F|  |TAMS 0x0000000085600000, 0x0000000085600000| Untracked 
|  87|0x0000000085700000, 0x0000000085700000, 0x0000000085800000|  0%| F|  |TAMS 0x0000000085700000, 0x0000000085700000| Untracked 
|  88|0x0000000085800000, 0x0000000085800000, 0x0000000085900000|  0%| F|  |TAMS 0x0000000085800000, 0x0000000085800000| Untracked 
|  89|0x0000000085900000, 0x0000000085900000, 0x0000000085a00000|  0%| F|  |TAMS 0x0000000085900000, 0x0000000085900000| Untracked 
|  90|0x0000000085a00000, 0x0000000085a00000, 0x0000000085b00000|  0%| F|  |TAMS 0x0000000085a00000, 0x0000000085a00000| Untracked 
|  91|0x0000000085b00000, 0x0000000085b00000, 0x0000000085c00000|  0%| F|  |TAMS 0x0000000085b00000, 0x0000000085b00000| Untracked 
|  92|0x0000000085c00000, 0x0000000085c00000, 0x0000000085d00000|  0%| F|  |TAMS 0x0000000085c00000, 0x0000000085c00000| Untracked 
|  93|0x0000000085d00000, 0x0000000085d00000, 0x0000000085e00000|  0%| F|  |TAMS 0x0000000085d00000, 0x0000000085d00000| Untracked 
|  94|0x0000000085e00000, 0x0000000085e00000, 0x0000000085f00000|  0%| F|  |TAMS 0x0000000085e00000, 0x0000000085e00000| Untracked 
|  95|0x0000000085f00000, 0x0000000085f00000, 0x0000000086000000|  0%| F|  |TAMS 0x0000000085f00000, 0x0000000085f00000| Untracked 
|  96|0x0000000086000000, 0x0000000086000000, 0x0000000086100000|  0%| F|  |TAMS 0x0000000086000000, 0x0000000086000000| Untracked 
|  97|0x0000000086100000, 0x0000000086100000, 0x0000000086200000|  0%| F|  |TAMS 0x0000000086100000, 0x0000000086100000| Untracked 
|  98|0x0000000086200000, 0x0000000086200000, 0x0000000086300000|  0%| F|  |TAMS 0x0000000086200000, 0x0000000086200000| Untracked 
|  99|0x0000000086300000, 0x0000000086300000, 0x0000000086400000|  0%| F|  |TAMS 0x0000000086300000, 0x0000000086300000| Untracked 
| 100|0x0000000086400000, 0x0000000086400000, 0x0000000086500000|  0%| F|  |TAMS 0x0000000086400000, 0x0000000086400000| Untracked 
| 101|0x0000000086500000, 0x0000000086500000, 0x0000000086600000|  0%| F|  |TAMS 0x0000000086500000, 0x0000000086500000| Untracked 
| 102|0x0000000086600000, 0x0000000086600000, 0x0000000086700000|  0%| F|  |TAMS 0x0000000086600000, 0x0000000086600000| Untracked 
| 103|0x0000000086700000, 0x0000000086700000, 0x0000000086800000|  0%| F|  |TAMS 0x0000000086700000, 0x0000000086700000| Untracked 
| 104|0x0000000086800000, 0x0000000086800000, 0x0000000086900000|  0%| F|  |TAMS 0x0000000086800000, 0x0000000086800000| Untracked 
| 105|0x0000000086900000, 0x0000000086900000, 0x0000000086a00000|  0%| F|  |TAMS 0x0000000086900000, 0x0000000086900000| Untracked 
| 106|0x0000000086a00000, 0x0000000086a00000, 0x0000000086b00000|  0%| F|  |TAMS 0x0000000086a00000, 0x0000000086a00000| Untracked 
| 107|0x0000000086b00000, 0x0000000086b00000, 0x0000000086c00000|  0%| F|  |TAMS 0x0000000086b00000, 0x0000000086b00000| Untracked 
| 108|0x0000000086c00000, 0x0000000086c00000, 0x0000000086d00000|  0%| F|  |TAMS 0x0000000086c00000, 0x0000000086c00000| Untracked 
| 109|0x0000000086d00000, 0x0000000086d00000, 0x0000000086e00000|  0%| F|  |TAMS 0x0000000086d00000, 0x0000000086d00000| Untracked 
| 110|0x0000000086e00000, 0x0000000086e00000, 0x0000000086f00000|  0%| F|  |TAMS 0x0000000086e00000, 0x0000000086e00000| Untracked 
| 111|0x0000000086f00000, 0x0000000086f00000, 0x0000000087000000|  0%| F|  |TAMS 0x0000000086f00000, 0x0000000086f00000| Untracked 
| 112|0x0000000087000000, 0x0000000087000000, 0x0000000087100000|  0%| F|  |TAMS 0x0000000087000000, 0x0000000087000000| Untracked 
| 113|0x0000000087100000, 0x0000000087100000, 0x0000000087200000|  0%| F|  |TAMS 0x0000000087100000, 0x0000000087100000| Untracked 
| 114|0x0000000087200000, 0x0000000087200000, 0x0000000087300000|  0%| F|  |TAMS 0x0000000087200000, 0x0000000087200000| Untracked 
| 115|0x0000000087300000, 0x0000000087300000, 0x0000000087400000|  0%| F|  |TAMS 0x0000000087300000, 0x0000000087300000| Untracked 
| 116|0x0000000087400000, 0x0000000087400000, 0x0000000087500000|  0%| F|  |TAMS 0x0000000087400000, 0x0000000087400000| Untracked 
| 117|0x0000000087500000, 0x0000000087500000, 0x0000000087600000|  0%| F|  |TAMS 0x0000000087500000, 0x0000000087500000| Untracked 
| 118|0x0000000087600000, 0x0000000087600000, 0x0000000087700000|  0%| F|  |TAMS 0x0000000087600000, 0x0000000087600000| Untracked 
| 119|0x0000000087700000, 0x0000000087700000, 0x0000000087800000|  0%| F|  |TAMS 0x0000000087700000, 0x0000000087700000| Untracked 
| 120|0x0000000087800000, 0x0000000087800000, 0x0000000087900000|  0%| F|  |TAMS 0x0000000087800000, 0x0000000087800000| Untracked 
| 121|0x0000000087900000, 0x0000000087900000, 0x0000000087a00000|  0%| F|  |TAMS 0x0000000087900000, 0x0000000087900000| Untracked 
| 122|0x0000000087a00000, 0x0000000087a00000, 0x0000000087b00000|  0%| F|  |TAMS 0x0000000087a00000, 0x0000000087a00000| Untracked 
| 123|0x0000000087b00000, 0x0000000087b00000, 0x0000000087c00000|  0%| F|  |TAMS 0x0000000087b00000, 0x0000000087b00000| Untracked 
| 124|0x0000000087c00000, 0x0000000087c00000, 0x0000000087d00000|  0%| F|  |TAMS 0x0000000087c00000, 0x0000000087c00000| Untracked 
| 125|0x0000000087d00000, 0x0000000087d00000, 0x0000000087e00000|  0%| F|  |TAMS 0x0000000087d00000, 0x0000000087d00000| Untracked 
| 126|0x0000000087e00000, 0x0000000087e00000, 0x0000000087f00000|  0%| F|  |TAMS 0x0000000087e00000, 0x0000000087e00000| Untracked 
| 127|0x0000000087f00000, 0x0000000087f00000, 0x0000000088000000|  0%| F|  |TAMS 0x0000000087f00000, 0x0000000087f00000| Untracked 
| 128|0x0000000088000000, 0x0000000088000000, 0x0000000088100000|  0%| F|  |TAMS 0x0000000088000000, 0x0000000088000000| Untracked 
| 129|0x0000000088100000, 0x0000000088100000, 0x0000000088200000|  0%| F|  |TAMS 0x0000000088100000, 0x0000000088100000| Untracked 
| 130|0x0000000088200000, 0x0000000088200000, 0x0000000088300000|  0%| F|  |TAMS 0x0000000088200000, 0x0000000088200000| Untracked 
| 131|0x0000000088300000, 0x0000000088300000, 0x0000000088400000|  0%| F|  |TAMS 0x0000000088300000, 0x0000000088300000| Untracked 
| 132|0x0000000088400000, 0x0000000088400000, 0x0000000088500000|  0%| F|  |TAMS 0x0000000088400000, 0x0000000088400000| Untracked 
| 133|0x0000000088500000, 0x0000000088500000, 0x0000000088600000|  0%| F|  |TAMS 0x0000000088500000, 0x0000000088500000| Untracked 
| 134|0x0000000088600000, 0x0000000088600000, 0x0000000088700000|  0%| F|  |TAMS 0x0000000088600000, 0x0000000088600000| Untracked 
| 135|0x0000000088700000, 0x0000000088700000, 0x0000000088800000|  0%| F|  |TAMS 0x0000000088700000, 0x0000000088700000| Untracked 
| 136|0x0000000088800000, 0x0000000088800000, 0x0000000088900000|  0%| F|  |TAMS 0x0000000088800000, 0x0000000088800000| Untracked 
| 137|0x0000000088900000, 0x0000000088900000, 0x0000000088a00000|  0%| F|  |TAMS 0x0000000088900000, 0x0000000088900000| Untracked 
| 138|0x0000000088a00000, 0x0000000088a00000, 0x0000000088b00000|  0%| F|  |TAMS 0x0000000088a00000, 0x0000000088a00000| Untracked 
| 139|0x0000000088b00000, 0x0000000088b00000, 0x0000000088c00000|  0%| F|  |TAMS 0x0000000088b00000, 0x0000000088b00000| Untracked 
| 140|0x0000000088c00000, 0x0000000088c00000, 0x0000000088d00000|  0%| F|  |TAMS 0x0000000088c00000, 0x0000000088c00000| Untracked 
| 141|0x0000000088d00000, 0x0000000088d00000, 0x0000000088e00000|  0%| F|  |TAMS 0x0000000088d00000, 0x0000000088d00000| Untracked 
| 142|0x0000000088e00000, 0x0000000088e00000, 0x0000000088f00000|  0%| F|  |TAMS 0x0000000088e00000, 0x0000000088e00000| Untracked 
| 143|0x0000000088f00000, 0x0000000088f00000, 0x0000000089000000|  0%| F|  |TAMS 0x0000000088f00000, 0x0000000088f00000| Untracked 
| 144|0x0000000089000000, 0x0000000089000000, 0x0000000089100000|  0%| F|  |TAMS 0x0000000089000000, 0x0000000089000000| Untracked 
| 145|0x0000000089100000, 0x0000000089100000, 0x0000000089200000|  0%| F|  |TAMS 0x0000000089100000, 0x0000000089100000| Untracked 
| 146|0x0000000089200000, 0x0000000089200000, 0x0000000089300000|  0%| F|  |TAMS 0x0000000089200000, 0x0000000089200000| Untracked 
| 147|0x0000000089300000, 0x0000000089300000, 0x0000000089400000|  0%| F|  |TAMS 0x0000000089300000, 0x0000000089300000| Untracked 
| 148|0x0000000089400000, 0x0000000089400000, 0x0000000089500000|  0%| F|  |TAMS 0x0000000089400000, 0x0000000089400000| Untracked 
| 149|0x0000000089500000, 0x0000000089500000, 0x0000000089600000|  0%| F|  |TAMS 0x0000000089500000, 0x0000000089500000| Untracked 
| 150|0x0000000089600000, 0x0000000089600000, 0x0000000089700000|  0%| F|  |TAMS 0x0000000089600000, 0x0000000089600000| Untracked 
| 151|0x0000000089700000, 0x0000000089700000, 0x0000000089800000|  0%| F|  |TAMS 0x0000000089700000, 0x0000000089700000| Untracked 
| 152|0x0000000089800000, 0x0000000089800000, 0x0000000089900000|  0%| F|  |TAMS 0x0000000089800000, 0x0000000089800000| Untracked 
| 153|0x0000000089900000, 0x0000000089900000, 0x0000000089a00000|  0%| F|  |TAMS 0x0000000089900000, 0x0000000089900000| Untracked 
| 154|0x0000000089a00000, 0x0000000089a00000, 0x0000000089b00000|  0%| F|  |TAMS 0x0000000089a00000, 0x0000000089a00000| Untracked 
| 155|0x0000000089b00000, 0x0000000089b00000, 0x0000000089c00000|  0%| F|  |TAMS 0x0000000089b00000, 0x0000000089b00000| Untracked 
| 156|0x0000000089c00000, 0x0000000089c00000, 0x0000000089d00000|  0%| F|  |TAMS 0x0000000089c00000, 0x0000000089c00000| Untracked 
| 157|0x0000000089d00000, 0x0000000089d00000, 0x0000000089e00000|  0%| F|  |TAMS 0x0000000089d00000, 0x0000000089d00000| Untracked 
| 158|0x0000000089e00000, 0x0000000089e00000, 0x0000000089f00000|  0%| F|  |TAMS 0x0000000089e00000, 0x0000000089e00000| Untracked 
| 159|0x0000000089f00000, 0x0000000089f00000, 0x000000008a000000|  0%| F|  |TAMS 0x0000000089f00000, 0x0000000089f00000| Untracked 
| 160|0x000000008a000000, 0x000000008a000000, 0x000000008a100000|  0%| F|  |TAMS 0x000000008a000000, 0x000000008a000000| Untracked 
| 161|0x000000008a100000, 0x000000008a100000, 0x000000008a200000|  0%| F|  |TAMS 0x000000008a100000, 0x000000008a100000| Untracked 
| 162|0x000000008a200000, 0x000000008a200000, 0x000000008a300000|  0%| F|  |TAMS 0x000000008a200000, 0x000000008a200000| Untracked 
| 163|0x000000008a300000, 0x000000008a300000, 0x000000008a400000|  0%| F|  |TAMS 0x000000008a300000, 0x000000008a300000| Untracked 
| 164|0x000000008a400000, 0x000000008a400000, 0x000000008a500000|  0%| F|  |TAMS 0x000000008a400000, 0x000000008a400000| Untracked 
| 165|0x000000008a500000, 0x000000008a500000, 0x000000008a600000|  0%| F|  |TAMS 0x000000008a500000, 0x000000008a500000| Untracked 
| 166|0x000000008a600000, 0x000000008a600000, 0x000000008a700000|  0%| F|  |TAMS 0x000000008a600000, 0x000000008a600000| Untracked 
| 167|0x000000008a700000, 0x000000008a700000, 0x000000008a800000|  0%| F|  |TAMS 0x000000008a700000, 0x000000008a700000| Untracked 
| 168|0x000000008a800000, 0x000000008a800000, 0x000000008a900000|  0%| F|  |TAMS 0x000000008a800000, 0x000000008a800000| Untracked 
| 169|0x000000008a900000, 0x000000008a900000, 0x000000008aa00000|  0%| F|  |TAMS 0x000000008a900000, 0x000000008a900000| Untracked 
| 170|0x000000008aa00000, 0x000000008aa00000, 0x000000008ab00000|  0%| F|  |TAMS 0x000000008aa00000, 0x000000008aa00000| Untracked 
| 171|0x000000008ab00000, 0x000000008ab00000, 0x000000008ac00000|  0%| F|  |TAMS 0x000000008ab00000, 0x000000008ab00000| Untracked 
| 172|0x000000008ac00000, 0x000000008ac00000, 0x000000008ad00000|  0%| F|  |TAMS 0x000000008ac00000, 0x000000008ac00000| Untracked 
| 173|0x000000008ad00000, 0x000000008ad00000, 0x000000008ae00000|  0%| F|  |TAMS 0x000000008ad00000, 0x000000008ad00000| Untracked 
| 174|0x000000008ae00000, 0x000000008ae00000, 0x000000008af00000|  0%| F|  |TAMS 0x000000008ae00000, 0x000000008ae00000| Untracked 
| 175|0x000000008af00000, 0x000000008af00000, 0x000000008b000000|  0%| F|  |TAMS 0x000000008af00000, 0x000000008af00000| Untracked 
| 176|0x000000008b000000, 0x000000008b000000, 0x000000008b100000|  0%| F|  |TAMS 0x000000008b000000, 0x000000008b000000| Untracked 
| 177|0x000000008b100000, 0x000000008b100000, 0x000000008b200000|  0%| F|  |TAMS 0x000000008b100000, 0x000000008b100000| Untracked 
| 178|0x000000008b200000, 0x000000008b200000, 0x000000008b300000|  0%| F|  |TAMS 0x000000008b200000, 0x000000008b200000| Untracked 
| 179|0x000000008b300000, 0x000000008b300000, 0x000000008b400000|  0%| F|  |TAMS 0x000000008b300000, 0x000000008b300000| Untracked 
| 180|0x000000008b400000, 0x000000008b400000, 0x000000008b500000|  0%| F|  |TAMS 0x000000008b400000, 0x000000008b400000| Untracked 
| 181|0x000000008b500000, 0x000000008b500000, 0x000000008b600000|  0%| F|  |TAMS 0x000000008b500000, 0x000000008b500000| Untracked 
| 182|0x000000008b600000, 0x000000008b600000, 0x000000008b700000|  0%| F|  |TAMS 0x000000008b600000, 0x000000008b600000| Untracked 
| 183|0x000000008b700000, 0x000000008b700000, 0x000000008b800000|  0%| F|  |TAMS 0x000000008b700000, 0x000000008b700000| Untracked 
| 184|0x000000008b800000, 0x000000008b800000, 0x000000008b900000|  0%| F|  |TAMS 0x000000008b800000, 0x000000008b800000| Untracked 
| 185|0x000000008b900000, 0x000000008b900000, 0x000000008ba00000|  0%| F|  |TAMS 0x000000008b900000, 0x000000008b900000| Untracked 
| 186|0x000000008ba00000, 0x000000008ba00000, 0x000000008bb00000|  0%| F|  |TAMS 0x000000008ba00000, 0x000000008ba00000| Untracked 
| 187|0x000000008bb00000, 0x000000008bb00000, 0x000000008bc00000|  0%| F|  |TAMS 0x000000008bb00000, 0x000000008bb00000| Untracked 
| 188|0x000000008bc00000, 0x000000008bc00000, 0x000000008bd00000|  0%| F|  |TAMS 0x000000008bc00000, 0x000000008bc00000| Untracked 
| 189|0x000000008bd00000, 0x000000008bd00000, 0x000000008be00000|  0%| F|  |TAMS 0x000000008bd00000, 0x000000008bd00000| Untracked 
| 190|0x000000008be00000, 0x000000008be00000, 0x000000008bf00000|  0%| F|  |TAMS 0x000000008be00000, 0x000000008be00000| Untracked 
| 191|0x000000008bf00000, 0x000000008bf00000, 0x000000008c000000|  0%| F|  |TAMS 0x000000008bf00000, 0x000000008bf00000| Untracked 
| 192|0x000000008c000000, 0x000000008c000000, 0x000000008c100000|  0%| F|  |TAMS 0x000000008c000000, 0x000000008c000000| Untracked 
| 193|0x000000008c100000, 0x000000008c100000, 0x000000008c200000|  0%| F|  |TAMS 0x000000008c100000, 0x000000008c100000| Untracked 
| 194|0x000000008c200000, 0x000000008c200000, 0x000000008c300000|  0%| F|  |TAMS 0x000000008c200000, 0x000000008c200000| Untracked 
| 195|0x000000008c300000, 0x000000008c300000, 0x000000008c400000|  0%| F|  |TAMS 0x000000008c300000, 0x000000008c300000| Untracked 
| 196|0x000000008c400000, 0x000000008c400000, 0x000000008c500000|  0%| F|  |TAMS 0x000000008c400000, 0x000000008c400000| Untracked 
| 197|0x000000008c500000, 0x000000008c500000, 0x000000008c600000|  0%| F|  |TAMS 0x000000008c500000, 0x000000008c500000| Untracked 
| 198|0x000000008c600000, 0x000000008c680800, 0x000000008c700000| 50%| E|  |TAMS 0x000000008c600000, 0x000000008c600000| Complete 
| 199|0x000000008c700000, 0x000000008c800000, 0x000000008c800000|100%| E|CS|TAMS 0x000000008c700000, 0x000000008c700000| Complete 
| 200|0x000000008c800000, 0x000000008c900000, 0x000000008c900000|100%| E|CS|TAMS 0x000000008c800000, 0x000000008c800000| Complete 
| 201|0x000000008c900000, 0x000000008ca00000, 0x000000008ca00000|100%| E|CS|TAMS 0x000000008c900000, 0x000000008c900000| Complete 
| 202|0x000000008ca00000, 0x000000008cb00000, 0x000000008cb00000|100%| E|CS|TAMS 0x000000008ca00000, 0x000000008ca00000| Complete 
| 203|0x000000008cb00000, 0x000000008cc00000, 0x000000008cc00000|100%| E|CS|TAMS 0x000000008cb00000, 0x000000008cb00000| Complete 
| 204|0x000000008cc00000, 0x000000008cd00000, 0x000000008cd00000|100%| E|CS|TAMS 0x000000008cc00000, 0x000000008cc00000| Complete 
| 205|0x000000008cd00000, 0x000000008ce00000, 0x000000008ce00000|100%| E|CS|TAMS 0x000000008cd00000, 0x000000008cd00000| Complete 
| 206|0x000000008ce00000, 0x000000008cf00000, 0x000000008cf00000|100%| E|CS|TAMS 0x000000008ce00000, 0x000000008ce00000| Complete 
| 207|0x000000008cf00000, 0x000000008d000000, 0x000000008d000000|100%| E|CS|TAMS 0x000000008cf00000, 0x000000008cf00000| Complete 
| 208|0x000000008d000000, 0x000000008d100000, 0x000000008d100000|100%| E|CS|TAMS 0x000000008d000000, 0x000000008d000000| Complete 
| 209|0x000000008d100000, 0x000000008d200000, 0x000000008d200000|100%| E|CS|TAMS 0x000000008d100000, 0x000000008d100000| Complete 
| 210|0x000000008d200000, 0x000000008d300000, 0x000000008d300000|100%| E|CS|TAMS 0x000000008d200000, 0x000000008d200000| Complete 
| 211|0x000000008d300000, 0x000000008d400000, 0x000000008d400000|100%| E|CS|TAMS 0x000000008d300000, 0x000000008d300000| Complete 
| 212|0x000000008d400000, 0x000000008d500000, 0x000000008d500000|100%| E|CS|TAMS 0x000000008d400000, 0x000000008d400000| Complete 
| 213|0x000000008d500000, 0x000000008d600000, 0x000000008d600000|100%| E|CS|TAMS 0x000000008d500000, 0x000000008d500000| Complete 
| 214|0x000000008d600000, 0x000000008d700000, 0x000000008d700000|100%| E|CS|TAMS 0x000000008d600000, 0x000000008d600000| Complete 
| 215|0x000000008d700000, 0x000000008d800000, 0x000000008d800000|100%| E|CS|TAMS 0x000000008d700000, 0x000000008d700000| Complete 
| 216|0x000000008d800000, 0x000000008d900000, 0x000000008d900000|100%| E|CS|TAMS 0x000000008d800000, 0x000000008d800000| Complete 
| 217|0x000000008d900000, 0x000000008da00000, 0x000000008da00000|100%| E|CS|TAMS 0x000000008d900000, 0x000000008d900000| Complete 
| 218|0x000000008da00000, 0x000000008db00000, 0x000000008db00000|100%| E|CS|TAMS 0x000000008da00000, 0x000000008da00000| Complete 
| 219|0x000000008db00000, 0x000000008dc00000, 0x000000008dc00000|100%| E|CS|TAMS 0x000000008db00000, 0x000000008db00000| Complete 
| 220|0x000000008dc00000, 0x000000008dd00000, 0x000000008dd00000|100%| E|CS|TAMS 0x000000008dc00000, 0x000000008dc00000| Complete 
| 221|0x000000008dd00000, 0x000000008de00000, 0x000000008de00000|100%| E|CS|TAMS 0x000000008dd00000, 0x000000008dd00000| Complete 
| 222|0x000000008de00000, 0x000000008df00000, 0x000000008df00000|100%| E|CS|TAMS 0x000000008de00000, 0x000000008de00000| Complete 
| 223|0x000000008df00000, 0x000000008e000000, 0x000000008e000000|100%| E|CS|TAMS 0x000000008df00000, 0x000000008df00000| Complete 
| 224|0x000000008e000000, 0x000000008e100000, 0x000000008e100000|100%| E|CS|TAMS 0x000000008e000000, 0x000000008e000000| Complete 
| 225|0x000000008e100000, 0x000000008e200000, 0x000000008e200000|100%| E|CS|TAMS 0x000000008e100000, 0x000000008e100000| Complete 
| 226|0x000000008e200000, 0x000000008e300000, 0x000000008e300000|100%| E|CS|TAMS 0x000000008e200000, 0x000000008e200000| Complete 
| 227|0x000000008e300000, 0x000000008e400000, 0x000000008e400000|100%| E|CS|TAMS 0x000000008e300000, 0x000000008e300000| Complete 
| 228|0x000000008e400000, 0x000000008e500000, 0x000000008e500000|100%| E|CS|TAMS 0x000000008e400000, 0x000000008e400000| Complete 
| 229|0x000000008e500000, 0x000000008e600000, 0x000000008e600000|100%| E|CS|TAMS 0x000000008e500000, 0x000000008e500000| Complete 
| 230|0x000000008e600000, 0x000000008e700000, 0x000000008e700000|100%| E|CS|TAMS 0x000000008e600000, 0x000000008e600000| Complete 
| 231|0x000000008e700000, 0x000000008e73d9e8, 0x000000008e800000| 24%| S|CS|TAMS 0x000000008e700000, 0x000000008e700000| Complete 
| 232|0x000000008e800000, 0x000000008e900000, 0x000000008e900000|100%| S|CS|TAMS 0x000000008e800000, 0x000000008e800000| Complete 
| 233|0x000000008e900000, 0x000000008ea00000, 0x000000008ea00000|100%| E|CS|TAMS 0x000000008e900000, 0x000000008e900000| Complete 
| 234|0x000000008ea00000, 0x000000008eb00000, 0x000000008eb00000|100%| E|CS|TAMS 0x000000008ea00000, 0x000000008ea00000| Complete 
| 235|0x000000008eb00000, 0x000000008ec00000, 0x000000008ec00000|100%| E|CS|TAMS 0x000000008eb00000, 0x000000008eb00000| Complete 
| 236|0x000000008ec00000, 0x000000008ed00000, 0x000000008ed00000|100%| E|CS|TAMS 0x000000008ec00000, 0x000000008ec00000| Complete 
| 237|0x000000008ed00000, 0x000000008ee00000, 0x000000008ee00000|100%| E|CS|TAMS 0x000000008ed00000, 0x000000008ed00000| Complete 
| 238|0x000000008ee00000, 0x000000008ef00000, 0x000000008ef00000|100%| E|CS|TAMS 0x000000008ee00000, 0x000000008ee00000| Complete 
| 239|0x000000008ef00000, 0x000000008f000000, 0x000000008f000000|100%| E|CS|TAMS 0x000000008ef00000, 0x000000008ef00000| Complete 
| 240|0x000000008f000000, 0x000000008f100000, 0x000000008f100000|100%| E|CS|TAMS 0x000000008f000000, 0x000000008f000000| Complete 
| 241|0x000000008f100000, 0x000000008f200000, 0x000000008f200000|100%| E|CS|TAMS 0x000000008f100000, 0x000000008f100000| Complete 
| 242|0x000000008f200000, 0x000000008f300000, 0x000000008f300000|100%| E|CS|TAMS 0x000000008f200000, 0x000000008f200000| Complete 
| 243|0x000000008f300000, 0x000000008f400000, 0x000000008f400000|100%| E|CS|TAMS 0x000000008f300000, 0x000000008f300000| Complete 
| 244|0x000000008f400000, 0x000000008f500000, 0x000000008f500000|100%| E|CS|TAMS 0x000000008f400000, 0x000000008f400000| Complete 
| 245|0x000000008f500000, 0x000000008f600000, 0x000000008f600000|100%| E|CS|TAMS 0x000000008f500000, 0x000000008f500000| Complete 
| 246|0x000000008f600000, 0x000000008f700000, 0x000000008f700000|100%| E|CS|TAMS 0x000000008f600000, 0x000000008f600000| Complete 
| 247|0x000000008f700000, 0x000000008f800000, 0x000000008f800000|100%| E|CS|TAMS 0x000000008f700000, 0x000000008f700000| Complete 
| 248|0x000000008f800000, 0x000000008f900000, 0x000000008f900000|100%| E|CS|TAMS 0x000000008f800000, 0x000000008f800000| Complete 
| 249|0x000000008f900000, 0x000000008fa00000, 0x000000008fa00000|100%| E|CS|TAMS 0x000000008f900000, 0x000000008f900000| Complete 
| 250|0x000000008fa00000, 0x000000008fb00000, 0x000000008fb00000|100%| E|CS|TAMS 0x000000008fa00000, 0x000000008fa00000| Complete 
| 251|0x000000008fb00000, 0x000000008fc00000, 0x000000008fc00000|100%| E|CS|TAMS 0x000000008fb00000, 0x000000008fb00000| Complete 
| 252|0x000000008fc00000, 0x000000008fd00000, 0x000000008fd00000|100%| E|CS|TAMS 0x000000008fc00000, 0x000000008fc00000| Complete 
| 253|0x000000008fd00000, 0x000000008fe00000, 0x000000008fe00000|100%| E|CS|TAMS 0x000000008fd00000, 0x000000008fd00000| Complete 

Card table byte_map: [0x0000029abb8e0000,0x0000029abbce0000] _byte_map_base: 0x0000029abb4e0000

Marking Bits (Prev, Next): (CMBitMap*) 0x0000029aa48f87f0, (CMBitMap*) 0x0000029aa48f87b8
 Prev Bits: [0x0000029abe0e0000, 0x0000029ac00e0000)
 Next Bits: [0x0000029abc0e0000, 0x0000029abe0e0000)

Polling page: 0x0000029aa2800000

Metaspace:

Usage:
  Non-class:     24.03 MB capacity,    23.58 MB ( 98%) used,   400.94 KB (  2%) free+waste,    61.00 KB ( <1%) overhead. 
      Class:      3.86 MB capacity,     3.58 MB ( 93%) used,   255.68 KB (  6%) free+waste,    31.75 KB ( <1%) overhead. 
       Both:     27.89 MB capacity,    27.15 MB ( 97%) used,   656.62 KB (  2%) free+waste,    92.75 KB ( <1%) overhead. 

Virtual space:
  Non-class space:       26.00 MB reserved,      24.17 MB ( 93%) committed 
      Class space:      504.00 MB reserved,       3.88 MB ( <1%) committed 
             Both:      530.00 MB reserved,      28.05 MB (  5%) committed 

Chunk freelists:
   Non-Class:  2.50 KB
       Class:  2.12 KB
        Both:  4.62 KB

CodeHeap 'non-profiled nmethods': size=120000Kb used=1334Kb max_used=1334Kb free=118665Kb
 bounds [0x0000029ab3a60000, 0x0000029ab3cd0000, 0x0000029abaf90000]
CodeHeap 'profiled nmethods': size=120000Kb used=5713Kb max_used=5713Kb free=114286Kb
 bounds [0x0000029aac530000, 0x0000029aacad0000, 0x0000029ab3a60000]
CodeHeap 'non-nmethods': size=5760Kb used=1166Kb max_used=1202Kb free=4593Kb
 bounds [0x0000029aabf90000, 0x0000029aac200000, 0x0000029aac530000]
 total_blobs=3186 nmethods=2675 adapters=422
 compilation: enabled
              stopped_count=0, restarted_count=0
 full_count=0

Compilation events (10 events):
Event: 146.902 Thread 0x0000029ac3685800 nmethod 2684 0x0000029aacac2290 code [0x0000029aacac2440, 0x0000029aacac2628]
Event: 149.624 Thread 0x0000029ac3626000 2685       4       jdk.internal.org.objectweb.asm.Type::getArgumentsAndReturnSizes (151 bytes)
Event: 149.629 Thread 0x0000029ac3685800 2686       3       jdk.internal.org.objectweb.asm.MethodVisitor::visitMethodInsn (68 bytes)
Event: 149.630 Thread 0x0000029ac3685800 nmethod 2686 0x0000029aacac2710 code [0x0000029aacac28e0, 0x0000029aacac2d28]
Event: 149.638 Thread 0x0000029ac3685800 2687       3       com.google.common.cache.LocalCache::evictsBySize (15 bytes)
Event: 149.639 Thread 0x0000029ac3685800 nmethod 2687 0x0000029aacac2e90 code [0x0000029aacac3020, 0x0000029aacac3198]
Event: 149.639 Thread 0x0000029ac3685800 2688       3       org.objectweb.asm.Frame::accept (264 bytes)
Event: 149.641 Thread 0x0000029ac3685800 nmethod 2688 0x0000029aacac3210 code [0x0000029aacac3440, 0x0000029aacac3d58]
Event: 149.641 Thread 0x0000029ac3685800 2689       3       org.objectweb.asm.MethodWriter::visitFrameStart (55 bytes)
Event: 149.642 Thread 0x0000029ac3685800 nmethod 2689 0x0000029aacac4110 code [0x0000029aacac42c0, 0x0000029aacac45b8]

GC Heap History (6 events):
Event: 28.091 GC heap before
{Heap before GC invocations=0 (full 0):
 garbage-first heap   total 260096K, used 27648K [0x0000000080000000, 0x0000000100000000)
  region size 1024K, 24 young (24576K), 0 survivors (0K)
 Metaspace       used 9973K, capacity 10193K, committed 10368K, reserved 526336K
  class space    used 1040K, capacity 1107K, committed 1152K, reserved 516096K
}
Event: 28.871 GC heap after
{Heap after GC invocations=1 (full 0):
 garbage-first heap   total 260096K, used 10383K [0x0000000080000000, 0x0000000100000000)
  region size 1024K, 3 young (3072K), 3 survivors (3072K)
 Metaspace       used 9973K, capacity 10193K, committed 10368K, reserved 526336K
  class space    used 1040K, capacity 1107K, committed 1152K, reserved 516096K
}
Event: 114.326 GC heap before
{Heap before GC invocations=1 (full 0):
 garbage-first heap   total 260096K, used 104591K [0x0000000080000000, 0x0000000100000000)
  region size 1024K, 95 young (97280K), 3 survivors (3072K)
 Metaspace       used 20783K, capacity 21225K, committed 21296K, reserved 536576K
  class space    used 2520K, capacity 2688K, committed 2688K, reserved 516096K
}
Event: 114.647 GC heap after
{Heap after GC invocations=2 (full 0):
 garbage-first heap   total 260096K, used 18402K [0x0000000080000000, 0x0000000100000000)
  region size 1024K, 11 young (11264K), 11 survivors (11264K)
 Metaspace       used 20783K, capacity 21225K, committed 21296K, reserved 536576K
  class space    used 2520K, capacity 2688K, committed 2688K, reserved 516096K
}
Event: 126.507 GC heap before
{Heap before GC invocations=3 (full 0):
 garbage-first heap   total 260096K, used 39906K [0x0000000080000000, 0x0000000100000000)
  region size 1024K, 32 young (32768K), 11 survivors (11264K)
 Metaspace       used 23240K, capacity 23854K, committed 24112K, reserved 538624K
  class space    used 2914K, capacity 3142K, committed 3200K, reserved 516096K
}
Event: 126.533 GC heap after
{Heap after GC invocations=4 (full 0):
 garbage-first heap   total 260096K, used 19214K [0x0000000080000000, 0x0000000100000000)
  region size 1024K, 2 young (2048K), 2 survivors (2048K)
 Metaspace       used 23240K, capacity 23854K, committed 24112K, reserved 538624K
  class space    used 2914K, capacity 3142K, committed 3200K, reserved 516096K
}

Deoptimization events (10 events):
Event: 114.091 Thread 0x0000029ac500e800 Uncommon trap: reason=unstable_if action=reinterpret pc=0x0000029ab3ad7980 method=java.util.regex.Matcher.reset()Ljava/util/regex/Matcher; @ 71 c2
Event: 114.091 Thread 0x0000029ac500e800 Uncommon trap: reason=unstable_if action=reinterpret pc=0x0000029ab3a76af4 method=java.util.regex.Matcher.match(II)Z @ 76 c2
Event: 114.094 Thread 0x0000029ac500e800 Uncommon trap: reason=unstable_if action=reinterpret pc=0x0000029ab3accb94 method=java.util.regex.Matcher.reset()Ljava/util/regex/Matcher; @ 71 c2
Event: 116.252 Thread 0x0000029ac500e800 Uncommon trap: reason=unstable_if action=reinterpret pc=0x0000029ab3a7a130 method=java.io.WinNTFileSystem.resolve(Ljava/lang/String;Ljava/lang/String;)Ljava/lang/String; @ 19 c2
Event: 116.253 Thread 0x0000029ac500e800 Uncommon trap: reason=bimorphic_or_optimized_type_check action=maybe_recompile pc=0x0000029ab3ada4a4 method=java.util.AbstractList$Itr.hasNext()Z @ 8 c2
Event: 116.253 Thread 0x0000029ac500e800 Uncommon trap: reason=bimorphic_or_optimized_type_check action=maybe_recompile pc=0x0000029ab3ada834 method=java.util.AbstractList$Itr.next()Ljava/lang/Object; @ 14 c2
Event: 116.256 Thread 0x0000029ac500e800 Uncommon trap: reason=unstable_if action=reinterpret pc=0x0000029ab3ad5cdc method=java.io.File.getName()Ljava/lang/String; @ 16 c2
Event: 116.256 Thread 0x0000029ac500e800 Uncommon trap: reason=unstable_if action=reinterpret pc=0x0000029ab3ad0b94 method=java.lang.String.substring(I)Ljava/lang/String; @ 34 c2
Event: 131.551 Thread 0x0000029ac500e800 Uncommon trap: reason=unstable_if action=reinterpret pc=0x0000029ab3a82174 method=java.util.HashMap.hash(Ljava/lang/Object;)I @ 1 c2
Event: 136.271 Thread 0x0000029ac500e800 Uncommon trap: reason=predicate action=maybe_recompile pc=0x0000029ab3b908f0 method=com.google.common.base.CharMatcher.indexIn(Ljava/lang/CharSequence;I)I @ 19 c2

Classes redefined (0 events):
No events

Internal exceptions (10 events):
Event: 123.947 Thread 0x0000029ac500e800 Exception <a 'java/lang/NoSuchMethodError'{0x000000008ee31590}: java.lang.invoke.DirectMethodHandle$Holder.invokeInterface(Ljava/lang/Object;Ljava/lang/Object;Ljava/lang/Object;)Ljava/lang/Object;> (0x000000008ee31590) thrown at [./open/src/hotspot/share/
Event: 123.948 Thread 0x0000029ac500e800 Exception <a 'java/lang/IncompatibleClassChangeError'{0x000000008ee34a68}: Found class java.lang.Object, but interface was expected> (0x000000008ee34a68) thrown at [./open/src/hotspot/share/interpreter/linkResolver.cpp, line 838]
Event: 128.760 Thread 0x0000029ac500e800 Exception <a 'java/lang/NoSuchMethodError'{0x000000008f2e92d8}: java.lang.invoke.DirectMethodHandle$Holder.invokeVirtual(Ljava/lang/Object;Ljava/lang/Object;Ljava/lang/Object;Ljava/lang/Object;)Ljava/lang/Object;> (0x000000008f2e92d8) thrown at [./open/sr
Event: 129.458 Thread 0x0000029ac500e800 Exception <a 'java/lang/NoSuchMethodError'{0x000000008efb5a98}: java.lang.invoke.Invokers$Holder.linkToTargetMethod(Ljava/lang/Object;Ljava/lang/Object;Ljava/lang/Object;Ljava/lang/Object;Ljava/lang/Object;Ljava/lang/Object;Ljava/lang/Object;)Ljava/lang/O
Event: 129.982 Thread 0x0000029ac500e800 Exception <a 'java/lang/NoSuchMethodError'{0x000000008ed46420}: java.lang.invoke.DirectMethodHandle$Holder.invokeVirtual(Ljava/lang/Object;Ljava/lang/Object;Ljava/lang/Object;Ljava/lang/Object;Ljava/lang/Object;Ljava/lang/Object;Ljava/lang/Object;Ljava/la
Event: 131.522 Thread 0x0000029ac500e800 Exception <a 'java/lang/NoSuchMethodError'{0x000000008e409e08}: java.lang.invoke.DirectMethodHandle$Holder.invokeStatic(Ljava/lang/Object;Ljava/lang/Object;Ljava/lang/Object;Ljava/lang/Object;Ljava/lang/Object;)V> (0x000000008e409e08) thrown at [./open/sr
Event: 131.551 Thread 0x0000029ac500e800 Implicit null exception at 0x0000029ab3a820d8 to 0x0000029ab3a8216a
Event: 138.213 Thread 0x0000029ac500e800 Exception <a 'java/lang/NoSuchMethodError'{0x000000008d602508}: java.lang.invoke.DirectMethodHandle$Holder.invokeStatic(Ljava/lang/Object;Ljava/lang/Object;Ljava/lang/Object;Ljava/lang/Object;)V> (0x000000008d602508) thrown at [./open/src/hotspot/share/in
Event: 138.219 Thread 0x0000029ac500e800 Exception <a 'java/lang/NoSuchMethodError'{0x000000008d620e00}: java.lang.invoke.DirectMethodHandle$Holder.invokeVirtual(Ljava/lang/Object;Ljava/lang/Object;)I> (0x000000008d620e00) thrown at [./open/src/hotspot/share/interpreter/linkResolver.cpp, line 77
Event: 138.309 Thread 0x0000029ac500e800 Exception <a 'java/lang/NoSuchMethodError'{0x000000008d65e170}: java.lang.invoke.DirectMethodHandle$Holder.invokeVirtual(Ljava/lang/Object;Ljava/lang/Object;Ljava/lang/Object;)I> (0x000000008d65e170) thrown at [./open/src/hotspot/share/interpreter/linkRes

Events (10 events):
Event: 149.630 loading class org/objectweb/asm/Type
Event: 149.630 loading class org/objectweb/asm/Type done
Event: 149.631 loading class org/gradle/api/internal/model/NamedObjectInstantiator$2
Event: 149.631 loading class org/gradle/api/internal/model/NamedObjectInstantiator$2 done
Event: 149.631 loading class org/gradle/api/internal/model/NamedObjectInstantiator$2$2
Event: 149.631 loading class org/gradle/api/internal/model/NamedObjectInstantiator$2$2 done
Event: 149.641 loading class org/gradle/internal/component/external/model/PreferJavaRuntimeVariant$PreferRuntimeVariantUsageDisambiguationRule
Event: 149.641 loading class org/gradle/internal/component/external/model/PreferJavaRuntimeVariant$PreferRuntimeVariantUsageDisambiguationRule done
Event: 149.645 loading class org/gradle/internal/component/external/model/PreferJavaRuntimeVariant$PreferJarVariantUsageDisambiguationRule
Event: 149.645 loading class org/gradle/internal/component/external/model/PreferJavaRuntimeVariant$PreferJarVariantUsageDisambiguationRule done


Dynamic libraries:
0x00007ff67d6a0000 - 0x00007ff67d6b0000 	C:\Program Files\Java\jdk-11\bin\java.exe
0x00007ffa33cd0000 - 0x00007ffa33ee7000 	C:\Windows\SYSTEM32\ntdll.dll
0x00007ffa32770000 - 0x00007ffa32834000 	C:\Windows\System32\KERNEL32.DLL
0x00007ffa310c0000 - 0x00007ffa31466000 	C:\Windows\System32\KERNELBASE.dll
0x00007ffa0f8b0000 - 0x00007ffa0f8c9000 	C:\Program Files\Java\jdk-11\bin\jli.dll
0x00007ffa32550000 - 0x00007ffa32603000 	C:\Windows\System32\ADVAPI32.dll
0x00007ffa33600000 - 0x00007ffa336a7000 	C:\Windows\System32\msvcrt.dll
0x00007ffa33710000 - 0x00007ffa337b8000 	C:\Windows\System32\sechost.dll
0x00007ffa31810000 - 0x00007ffa31838000 	C:\Windows\System32\bcrypt.dll
0x00007ffa31ce0000 - 0x00007ffa31df7000 	C:\Windows\System32\RPCRT4.dll
0x00007ffa32840000 - 0x00007ffa329ee000 	C:\Windows\System32\USER32.dll
0x00007ffa31090000 - 0x00007ffa310b6000 	C:\Windows\System32\win32u.dll
0x00007ffa333b0000 - 0x00007ffa333d9000 	C:\Windows\System32\GDI32.dll
0x00007ffa316f0000 - 0x00007ffa31808000 	C:\Windows\System32\gdi32full.dll
0x00007ffa31530000 - 0x00007ffa31641000 	C:\Windows\System32\ucrtbase.dll
0x00007ffa31650000 - 0x00007ffa316ea000 	C:\Windows\System32\msvcp_win.dll
0x00007ffa13230000 - 0x00007ffa1324b000 	C:\Program Files\Java\jdk-11\bin\VCRUNTIME140.dll
0x00007ffa2d2f0000 - 0x00007ffa2d2fa000 	C:\Windows\SYSTEM32\VERSION.dll
0x00007ffa108a0000 - 0x00007ffa10b33000 	C:\Windows\WinSxS\amd64_microsoft.windows.common-controls_6595b64144ccf1df_6.0.22621.2506_none_270c5ae97388e100\COMCTL32.dll
0x00007ffa33c50000 - 0x00007ffa33c81000 	C:\Windows\System32\IMM32.DLL
0x00007ffa24ba0000 - 0x00007ffa24bac000 	C:\Program Files\Java\jdk-11\bin\vcruntime140_1.dll
0x00007ff9ee770000 - 0x00007ff9ee7fe000 	C:\Program Files\Java\jdk-11\bin\msvcp140.dll
0x00007ff989e50000 - 0x00007ff98a9bd000 	C:\Program Files\Java\jdk-11\bin\server\jvm.dll
0x00007ffa333e0000 - 0x00007ffa333e8000 	C:\Windows\System32\PSAPI.DLL
0x00007ffa189a0000 - 0x00007ffa189a9000 	C:\Windows\SYSTEM32\WSOCK32.dll
0x00007ffa337c0000 - 0x00007ffa33831000 	C:\Windows\System32\WS2_32.dll
0x00007ffa24b20000 - 0x00007ffa24b54000 	C:\Windows\SYSTEM32\WINMM.dll
0x00007ffa30110000 - 0x00007ffa30128000 	C:\Windows\SYSTEM32\kernel.appcore.dll
0x00007ffa246a0000 - 0x00007ffa246b0000 	C:\Program Files\Java\jdk-11\bin\verify.dll
0x00007ffa2e920000 - 0x00007ffa2eb53000 	C:\Windows\SYSTEM32\DBGHELP.DLL
0x00007ffa33860000 - 0x00007ffa33be9000 	C:\Windows\System32\combase.dll
0x00007ffa32610000 - 0x00007ffa326e7000 	C:\Windows\System32\OLEAUT32.dll
0x00007ffa23040000 - 0x00007ffa23072000 	C:\Windows\SYSTEM32\dbgcore.DLL
0x00007ffa31010000 - 0x00007ffa3108a000 	C:\Windows\System32\bcryptPrimitives.dll
0x00007ff9fb100000 - 0x00007ff9fb128000 	C:\Program Files\Java\jdk-11\bin\java.dll
0x00007ffa1e4a0000 - 0x00007ffa1e4aa000 	C:\Program Files\Java\jdk-11\bin\jimage.dll
0x00007ffa03fb0000 - 0x00007ffa03fc7000 	C:\Program Files\Java\jdk-11\bin\zip.dll
0x00007ffa32b50000 - 0x00007ffa333ab000 	C:\Windows\System32\SHELL32.dll
0x00007ffa2ef30000 - 0x00007ffa2f826000 	C:\Windows\SYSTEM32\windows.storage.dll
0x00007ffa2edf0000 - 0x00007ffa2ef2e000 	C:\Windows\SYSTEM32\wintypes.dll
0x00007ffa33410000 - 0x00007ffa33503000 	C:\Windows\System32\SHCORE.dll
0x00007ffa335a0000 - 0x00007ffa335fe000 	C:\Windows\System32\shlwapi.dll
0x00007ffa30f40000 - 0x00007ffa30f66000 	C:\Windows\SYSTEM32\profapi.dll
0x00007ff9ff670000 - 0x00007ff9ff689000 	C:\Program Files\Java\jdk-11\bin\net.dll
0x00007ffa26cc0000 - 0x00007ffa26df7000 	C:\Windows\SYSTEM32\WINHTTP.dll
0x00007ffa305c0000 - 0x00007ffa30629000 	C:\Windows\system32\mswsock.dll
0x00007ff9fbb00000 - 0x00007ff9fbb12000 	C:\Program Files\Java\jdk-11\bin\nio.dll
0x00007ff9fb060000 - 0x00007ff9fb087000 	C:\Users\dlara\.gradle\native\68d5fa5c4cc2d200863cafc0d521ce42e7d3e7ee720ec0a83991735586a16f82\windows-amd64\native-platform.dll
0x00007ff9e78c0000 - 0x00007ff9e7a04000 	C:\Users\dlara\.gradle\native\e376f236ea51e6404a007f0833ffe2c6e607c4080706a723a18a27aeea778392\windows-amd64\native-platform-file-events.dll
0x00007ffa1e2e0000 - 0x00007ffa1e2e9000 	C:\Program Files\Java\jdk-11\bin\management.dll
0x00007ffa13220000 - 0x00007ffa1322b000 	C:\Program Files\Java\jdk-11\bin\management_ext.dll
0x00007ffa30810000 - 0x00007ffa3082b000 	C:\Windows\SYSTEM32\CRYPTSP.dll
0x00007ffa30070000 - 0x00007ffa300a5000 	C:\Windows\system32\rsaenh.dll
0x00007ffa306b0000 - 0x00007ffa306dc000 	C:\Windows\SYSTEM32\USERENV.dll
0x00007ffa30830000 - 0x00007ffa3083c000 	C:\Windows\SYSTEM32\CRYPTBASE.dll
0x00007ffa2fb00000 - 0x00007ffa2fb2d000 	C:\Windows\SYSTEM32\IPHLPAPI.DLL
0x00007ffa33400000 - 0x00007ffa33409000 	C:\Windows\System32\NSI.dll
0x00007ffa26b50000 - 0x00007ffa26b69000 	C:\Windows\SYSTEM32\dhcpcsvc6.DLL
0x00007ffa26af0000 - 0x00007ffa26b0f000 	C:\Windows\SYSTEM32\dhcpcsvc.DLL
0x00007ffa2fb70000 - 0x00007ffa2fc69000 	C:\Windows\SYSTEM32\DNSAPI.dll

dbghelp: loaded successfully - version: 4.0.5 - missing functions: none
symbol engine: initialized successfully - sym options: 0x614 - pdb path: .;C:\Program Files\Java\jdk-11\bin;C:\Windows\SYSTEM32;C:\Windows\WinSxS\amd64_microsoft.windows.common-controls_6595b64144ccf1df_6.0.22621.2506_none_270c5ae97388e100;C:\Program Files\Java\jdk-11\bin\server;C:\Users\dlara\.gradle\native\68d5fa5c4cc2d200863cafc0d521ce42e7d3e7ee720ec0a83991735586a16f82\windows-amd64;C:\Users\dlara\.gradle\native\e376f236ea51e6404a007f0833ffe2c6e607c4080706a723a18a27aeea778392\windows-amd64

VM Arguments:
jvm_args: -XX:MaxMetaspaceSize=512m --add-opens=java.base/java.util=ALL-UNNAMED --add-opens=java.base/java.lang=ALL-UNNAMED --add-opens=java.base/java.lang.invoke=ALL-UNNAMED --add-opens=java.prefs/java.util.prefs=ALL-UNNAMED --add-opens=java.base/java.nio.charset=ALL-UNNAMED --add-opens=java.base/java.net=ALL-UNNAMED --add-opens=java.base/java.util.concurrent.atomic=ALL-UNNAMED -Xmx2048m -Dfile.encoding=windows-1252 -Duser.country=GT -Duser.language=es -Duser.variant 
java_command: org.gradle.launcher.daemon.bootstrap.GradleDaemon 8.0.1
java_class_path (initial): C:\Users\dlara\.gradle\wrapper\dists\gradle-8.0.1-all\aro4hu1c3oeioove7l0i4i14o\gradle-8.0.1\lib\gradle-launcher-8.0.1.jar
Launcher Type: SUN_STANDARD

[Global flags]
     bool UseCompressedOops                        = true                                 {lp64_product} {ergonomic}
     bool UseCompressedClassPointers               = true                                 {lp64_product} {ergonomic}
     bool UseLargePagesIndividualAllocation        = false                                  {pd product} {ergonomic}
     intx CICompilerCount                          = 4                                         {product} {ergonomic}
   size_t MaxMetaspaceSize                         = 536870912                                 {product} {command line}
   size_t CompressedClassSpaceSize                 = 528482304                                 {product} {ergonomic}
   size_t MinHeapDeltaBytes                        = 1048576                                   {product} {ergonomic}
     bool SegmentedCodeCache                       = true                                      {product} {ergonomic}
    uintx ReservedCodeCacheSize                    = 251658240                              {pd product} {ergonomic}
    uintx NonProfiledCodeHeapSize                  = 122910970                              {pd product} {ergonomic}
    uintx ProfiledCodeHeapSize                     = 122910970                              {pd product} {ergonomic}
    uintx NonNMethodCodeHeapSize                   = 5836300                                {pd product} {ergonomic}
   size_t G1HeapRegionSize                         = 1048576                                   {product} {ergonomic}
     uint G1ConcRefinementThreads                  = 10                                        {product} {ergonomic}
     bool UseG1GC                                  = true                                      {product} {ergonomic}
     uint ConcGCThreads                            = 3                                         {product} {ergonomic}
   size_t MarkStackSize                            = 4194304                                   {product} {ergonomic}
   size_t InitialHeapSize                          = 266338304                                 {product} {ergonomic}
   size_t MaxHeapSize                              = 2147483648                                {product} {command line}
   size_t MaxNewSize                               = 1287651328                                {product} {ergonomic}
    uintx GCDrainStackTargetSize                   = 64                                        {product} {ergonomic}

Logging:
Log output configuration:
 #0: stdout all=warning uptime,level,tags
 #1: stderr all=off uptime,level,tags

Environment Variables:
JAVA_HOME=C:\Program Files\Java\jdk-11
CLASSPATH=C:\Users\dlara\Documents\PROYECTOS\KINGO\fieldServices\android\\gradle\wrapper\gradle-wrapper.jar
PATH=C:\Users\dlara\Documents\PROYECTOS\KINGO\fieldServices\node_modules\.bin;C:\Users\dlara\Documents\PROYECTOS\KINGO\fieldServices\node_modules\.bin;C:\Users\dlara\Documents\PROYECTOS\KINGO\node_modules\.bin;C:\Users\dlara\Documents\PROYECTOS\node_modules\.bin;C:\Users\dlara\Documents\node_modules\.bin;C:\Users\dlara\node_modules\.bin;C:\Users\node_modules\.bin;C:\node_modules\.bin;C:\Users\dlara\Documents\PROYECTOS\KINGO\fieldServices\node_modules\npm\node_modules\@npmcli\run-script\lib\node-gyp-bin;C:\Users\dlara\Documents\PROYECTOS\KINGO\fieldServices\node_modules\.bin;C:\Users\dlara\Documents\PROYECTOS\KINGO\node_modules\.bin;C:\Users\dlara\Documents\PROYECTOS\node_modules\.bin;C:\Users\dlara\Documents\node_modules\.bin;C:\Users\dlara\node_modules\.bin;C:\Users\node_modules\.bin;C:\node_modules\.bin;C:\Users\dlara\AppData\Roaming\nvm\v20.10.0\node_modules\npm\node_modules\@npmcli\run-script\lib\node-gyp-bin;C:\Users\dlara\bin;C:\Program Files\Git\mingw64\bin;C:\Program Files\Git\usr\local\bin;C:\Program Files\Git\usr\bin;C:\Program Files\Git\usr\bin;C:\Program Files\Git\mingw64\bin;C:\Program Files\Git\usr\bin;C:\Users\dlara\bin;C:\Program Files\Common Files\Oracle\Java\javapath;C:\Windows\system32;C:\Windows;C:\Windows\System32\Wbem;C:\Windows\System32\WindowsPowerShell\v1.0;C:\Windows\System32\OpenSSH;C:\Program Files\Git\cmd;C:\Users\dlara\AppData\Local\Android\Sdk\platform-tools;%NVM_HOME%;%NVM_SYMLINK%;C:\Users\dlara\AppData\Local\Microsoft\WindowsApps;C:\Users\dlara\AppData\Local\Programs\Microsoft VS Code\bin;C:\Program Files\JetBrains\DataGrip 2023.2.3\bin;C:\Users\dlara\AppData\Roaming\nvm;C:\Program Files\nodejs;C:\Program Files\Git\usr\bin\vendor_perl;C:\Program Files\Git\usr\bin\core_perl
USERNAME=dlara
SHELL=C:\Program Files\Git\usr\bin\bash.exe
DISPLAY=needs-to-be-defined
OS=Windows_NT
PROCESSOR_IDENTIFIER=Intel64 Family 6 Model 158 Stepping 10, GenuineIntel



---------------  S Y S T E M  ---------------

OS: Windows 11 , 64 bit Build 22621 (10.0.22621.3085)
Hyper-V role detected

CPU:total 12 (initial active 12) (6 cores per cpu, 2 threads per core) family 6 model 158 stepping 10 microcode 0xde, cmov, cx8, fxsr, mmx, sse, sse2, sse3, ssse3, sse4.1, sse4.2, popcnt, avx, avx2, aes, clmul, erms, 3dnowpref, lzcnt, ht, tsc, tscinvbit, bmi1, bmi2, adx, fma

Memory: 4k page, system-wide physical 16177M (65M free)
TotalPageFile size 65329M (AvailPageFile size 0M)
current process WorkingSet (physical memory assigned to process): 177M, peak: 193M
current process commit charge ("private bytes"): 398M, peak: 416M

vm_info: Java HotSpot(TM) 64-Bit Server VM (11.0.21+9-LTS-193) for windows-amd64 JRE (11.0.21+9-LTS-193), built on Sep 13 2023 11:04:38 by "mach5one" with MS VC++ 17.1 (VS2022)

END.
