#
# There is insufficient memory for the Java Runtime Environment to continue.
# Native memory allocation (malloc) failed to allocate 132496 bytes for Chunk::new
# Possible reasons:
#   The system is out of physical RAM or swap space
#   The process is running with CompressedOops enabled, and the Java Heap may be blocking the growth of the native heap
# Possible solutions:
#   Reduce memory load on the system
#   Increase physical memory or swap space
#   Check if swap backing store is full
#   Decrease Java heap size (-Xmx/-Xms)
#   Decrease number of Java threads
#   Decrease Java thread stack sizes (-Xss)
#   Set larger code cache with -XX:ReservedCodeCacheSize=
#   JVM is running with Unscaled Compressed Oops mode in which the Java heap is
#     placed in the first 4GB address space. The Java Heap base address is the
#     maximum limit for the native heap growth. Please use -XX:HeapBaseMinAddress
#     to set the Java Heap base and to place the Java Heap above 4GB virtual address.
# This output file may be truncated or incomplete.
#
#  Out of Memory Error (./open/src/hotspot/share/memory/arena.cpp:197), pid=23272, tid=8432
#
# JRE version: Java(TM) SE Runtime Environment 18.9 (11.0.21+9) (build 11.0.21+9-LTS-193)
# Java VM: Java HotSpot(TM) 64-Bit Server VM 18.9 (11.0.21+9-LTS-193, mixed mode, tiered, compressed oops, g1 gc, windows-amd64)
# No core dump will be written. Minidumps are not enabled by default on client versions of Windows
#

---------------  S U M M A R Y ------------

Command Line: -XX:MaxMetaspaceSize=512m --add-opens=java.base/java.util=ALL-UNNAMED --add-opens=java.base/java.lang=ALL-UNNAMED --add-opens=java.base/java.lang.invoke=ALL-UNNAMED --add-opens=java.prefs/java.util.prefs=ALL-UNNAMED --add-opens=java.base/java.nio.charset=ALL-UNNAMED --add-opens=java.base/java.net=ALL-UNNAMED --add-opens=java.base/java.util.concurrent.atomic=ALL-UNNAMED -Xmx2048m -Dfile.encoding=windows-1252 -Duser.country=GT -Duser.language=es -Duser.variant org.gradle.launcher.daemon.bootstrap.GradleDaemon 8.0.1

Host: Intel(R) Core(TM) i7-9750H CPU @ 2.60GHz, 12 cores, 15G,  Windows 11 , 64 bit Build 22621 (10.0.22621.3085)
Time: Thu Mar 14 15:50:21 2024 Hora estándar, América Central elapsed time: 123.348852 seconds (0d 0h 2m 3s)

---------------  T H R E A D  ---------------

Current thread (0x0000018f64027800):  JavaThread "C2 CompilerThread0" daemon [_thread_in_native, id=8432, stack(0x0000002482500000,0x0000002482600000)]


Current CompileTask:
C2: 123349 3243       4       java.util.HashMap::putVal (300 bytes)

Stack: [0x0000002482500000,0x0000002482600000]
Native frames: (J=compiled Java code, j=interpreted, Vv=VM code, C=native code)
V  [jvm.dll+0x66058a]
V  [jvm.dll+0x7a362f]
V  [jvm.dll+0x7a4cf9]
V  [jvm.dll+0x7a5393]
V  [jvm.dll+0x258f55]
V  [jvm.dll+0xb2a0c]
V  [jvm.dll+0xb2fcc]
V  [jvm.dll+0x36772f]
V  [jvm.dll+0x330445]
V  [jvm.dll+0x32f82a]
V  [jvm.dll+0x211c3d]
V  [jvm.dll+0x210c08]
V  [jvm.dll+0x18cdb1]
V  [jvm.dll+0x220e99]
V  [jvm.dll+0x21f1bc]
V  [jvm.dll+0x7673c1]
V  [jvm.dll+0x75fc44]
V  [jvm.dll+0x65f435]
C  [ucrtbase.dll+0x29363]
C  [KERNEL32.DLL+0x1257d]
C  [ntdll.dll+0x5aa58]


---------------  P R O C E S S  ---------------

Threads class SMR info:
_java_thread_list=0x0000018f662eaee0, length=32, elements={
0x0000018f4528a800, 0x0000018f63fc5800, 0x0000018f63fce800, 0x0000018f63fdd800,
0x0000018f63fdf800, 0x0000018f64024800, 0x0000018f64027800, 0x0000018f64028800,
0x0000018f64029800, 0x0000018f641de000, 0x0000018f653f0000, 0x0000018f66311800,
0x0000018f657f2000, 0x0000018f65892800, 0x0000018f6584a800, 0x0000018f6584b800,
0x0000018f64d91800, 0x0000018f650e8800, 0x0000018f657ec000, 0x0000018f64774000,
0x0000018f64774800, 0x0000018f64772000, 0x0000018f6476f800, 0x0000018f64773000,
0x0000018f64775800, 0x0000018f64776000, 0x0000018f64770800, 0x0000018f64771800,
0x0000018f66470800, 0x0000018f66471800, 0x0000018f6646f800, 0x0000018f6646e000
}

Java Threads: ( => current thread )
  0x0000018f4528a800 JavaThread "main" [_thread_blocked, id=50252, stack(0x0000002481900000,0x0000002481a00000)]
  0x0000018f63fc5800 JavaThread "Reference Handler" daemon [_thread_blocked, id=46008, stack(0x0000002482000000,0x0000002482100000)]
  0x0000018f63fce800 JavaThread "Finalizer" daemon [_thread_blocked, id=35512, stack(0x0000002482100000,0x0000002482200000)]
  0x0000018f63fdd800 JavaThread "Signal Dispatcher" daemon [_thread_blocked, id=19948, stack(0x0000002482200000,0x0000002482300000)]
  0x0000018f63fdf800 JavaThread "Attach Listener" daemon [_thread_blocked, id=40912, stack(0x0000002482300000,0x0000002482400000)]
  0x0000018f64024800 JavaThread "Service Thread" daemon [_thread_blocked, id=54772, stack(0x0000002482400000,0x0000002482500000)]
=>0x0000018f64027800 JavaThread "C2 CompilerThread0" daemon [_thread_in_native, id=8432, stack(0x0000002482500000,0x0000002482600000)]
  0x0000018f64028800 JavaThread "C1 CompilerThread0" daemon [_thread_blocked, id=53952, stack(0x0000002482600000,0x0000002482700000)]
  0x0000018f64029800 JavaThread "Sweeper thread" daemon [_thread_blocked, id=48876, stack(0x0000002482700000,0x0000002482800000)]
  0x0000018f641de000 JavaThread "Common-Cleaner" daemon [_thread_blocked, id=34552, stack(0x0000002482800000,0x0000002482900000)]
  0x0000018f653f0000 JavaThread "Daemon health stats" [_thread_blocked, id=41568, stack(0x0000002482f00000,0x0000002483000000)]
  0x0000018f66311800 JavaThread "Incoming local TCP Connector on port 64342" [_thread_in_native, id=47124, stack(0x0000002483000000,0x0000002483100000)]
  0x0000018f657f2000 JavaThread "Daemon periodic checks" [_thread_blocked, id=29260, stack(0x0000002483100000,0x0000002483200000)]
  0x0000018f65892800 JavaThread "Daemon" [_thread_blocked, id=40240, stack(0x0000002483200000,0x0000002483300000)]
  0x0000018f6584a800 JavaThread "Handler for socket connection from /127.0.0.1:64342 to /127.0.0.1:64371" [_thread_in_native, id=50244, stack(0x0000002483300000,0x0000002483400000)]
  0x0000018f6584b800 JavaThread "Cancel handler" [_thread_blocked, id=23536, stack(0x0000002483400000,0x0000002483500000)]
  0x0000018f64d91800 JavaThread "Daemon worker" [_thread_in_Java, id=29188, stack(0x0000002483500000,0x0000002483600000)]
  0x0000018f650e8800 JavaThread "Asynchronous log dispatcher for DefaultDaemonConnection: socket connection from /127.0.0.1:64342 to /127.0.0.1:64371" [_thread_blocked, id=55632, stack(0x0000002483600000,0x0000002483700000)]
  0x0000018f657ec000 JavaThread "Stdin handler" [_thread_blocked, id=52004, stack(0x0000002483700000,0x0000002483800000)]
  0x0000018f64774000 JavaThread "Daemon client event forwarder" [_thread_blocked, id=4884, stack(0x0000002483800000,0x0000002483900000)]
  0x0000018f64774800 JavaThread "Cache worker for journal cache (C:\Users\dlara\.gradle\caches\journal-1)" [_thread_blocked, id=48520, stack(0x0000002483900000,0x0000002483a00000)]
  0x0000018f64772000 JavaThread "File lock request listener" [_thread_in_native, id=45464, stack(0x0000002483a00000,0x0000002483b00000)]
  0x0000018f6476f800 JavaThread "File lock release action executor" [_thread_blocked, id=6556, stack(0x0000002484100000,0x0000002484200000)]
  0x0000018f64773000 JavaThread "Cache worker for file hash cache (C:\Users\dlara\.gradle\caches\8.0.1\fileHashes)" [_thread_blocked, id=52624, stack(0x0000002481600000,0x0000002481700000)]
  0x0000018f64775800 JavaThread "File watcher server" daemon [_thread_in_native, id=3884, stack(0x0000002484200000,0x0000002484300000)]
  0x0000018f64776000 JavaThread "File watcher consumer" daemon [_thread_blocked, id=45600, stack(0x0000002484300000,0x0000002484400000)]
  0x0000018f64770800 JavaThread "Cache worker for checksums cache (C:\Users\dlara\Documents\PROYECTOS\KINGO\fieldServices\android\.gradle\8.0.1\checksums)" [_thread_blocked, id=22968, stack(0x0000002484400000,0x0000002484500000)]
  0x0000018f64771800 JavaThread "Cache worker for cache directory md-rule (C:\Users\dlara\.gradle\caches\8.0.1\md-rule)" [_thread_blocked, id=49216, stack(0x0000002484500000,0x0000002484600000)]
  0x0000018f66470800 JavaThread "Cache worker for file content cache (C:\Users\dlara\.gradle\caches\8.0.1\fileContent)" [_thread_blocked, id=45956, stack(0x0000002484600000,0x0000002484700000)]
  0x0000018f66471800 JavaThread "Cache worker for file hash cache (C:\Users\dlara\Documents\PROYECTOS\KINGO\fieldServices\android\.gradle\8.0.1\fileHashes)" [_thread_blocked, id=37840, stack(0x0000002484700000,0x0000002484800000)]
  0x0000018f6646f800 JavaThread "Cache worker for cache directory md-supplier (C:\Users\dlara\.gradle\caches\8.0.1\md-supplier)" [_thread_blocked, id=5228, stack(0x0000002484800000,0x0000002484900000)]
  0x0000018f6646e000 JavaThread "Cache worker for execution history cache (C:\Users\dlara\.gradle\caches\8.0.1\executionHistory)" [_thread_blocked, id=32008, stack(0x0000002484900000,0x0000002484a00000)]

Other Threads:
  0x0000018f63fc0000 VMThread "VM Thread" [stack: 0x0000002481f00000,0x0000002482000000] [id=33720]
  0x0000018f641e4800 WatcherThread [stack: 0x0000002482900000,0x0000002482a00000] [id=47808]
  0x0000018f452a1000 GCTaskThread "GC Thread#0" [stack: 0x0000002481a00000,0x0000002481b00000] [id=52260]
  0x0000018f64e81000 GCTaskThread "GC Thread#1" [stack: 0x0000002482a00000,0x0000002482b00000] [id=39056]
  0x0000018f64e5b800 GCTaskThread "GC Thread#2" [stack: 0x0000002482b00000,0x0000002482c00000] [id=38248]
  0x0000018f64a7e800 GCTaskThread "GC Thread#3" [stack: 0x0000002482c00000,0x0000002482d00000] [id=53696]
  0x0000018f64a7f000 GCTaskThread "GC Thread#4" [stack: 0x0000002482d00000,0x0000002482e00000] [id=53700]
  0x0000018f64755800 GCTaskThread "GC Thread#5" [stack: 0x0000002482e00000,0x0000002482f00000] [id=53704]
  0x0000018f64117000 GCTaskThread "GC Thread#6" [stack: 0x0000002483b00000,0x0000002483c00000] [id=21660]
  0x0000018f640e4000 GCTaskThread "GC Thread#7" [stack: 0x0000002483c00000,0x0000002483d00000] [id=22248]
  0x0000018f65882800 GCTaskThread "GC Thread#8" [stack: 0x0000002483d00000,0x0000002483e00000] [id=51584]
  0x0000018f64d3f800 GCTaskThread "GC Thread#9" [stack: 0x0000002483e00000,0x0000002483f00000] [id=43472]
  0x0000018f452d1800 ConcurrentGCThread "G1 Main Marker" [stack: 0x0000002481b00000,0x0000002481c00000] [id=34320]
  0x0000018f452d3000 ConcurrentGCThread "G1 Conc#0" [stack: 0x0000002481c00000,0x0000002481d00000] [id=53084]
  0x0000018f64de2800 ConcurrentGCThread "G1 Conc#1" [stack: 0x0000002483f00000,0x0000002484000000] [id=55344]
  0x0000018f65354800 ConcurrentGCThread "G1 Conc#2" [stack: 0x0000002484000000,0x0000002484100000] [id=11112]
  0x0000018f6362c000 ConcurrentGCThread "G1 Refine#0" [stack: 0x0000002481d00000,0x0000002481e00000] [id=43500]
  0x0000018f6362d000 ConcurrentGCThread "G1 Young RemSet Sampling" [stack: 0x0000002481e00000,0x0000002481f00000] [id=31544]

Threads with active compile tasks:
C2 CompilerThread0   123492 3243       4       java.util.HashMap::putVal (300 bytes)

VM state:not at safepoint (normal execution)

VM Mutex/Monitor currently owned by a thread: None

Heap address: 0x0000000080000000, size: 2048 MB, Compressed Oops mode: 32-bit
Narrow klass base: 0x0000000000000000, Narrow klass shift: 3
Compressed class space size: 528482304 Address: 0x0000000100000000

Heap:
 garbage-first heap   total 260096K, used 78134K [0x0000000080000000, 0x0000000100000000)
  region size 1024K, 60 young (61440K), 3 survivors (3072K)
 Metaspace       used 35656K, capacity 36540K, committed 36680K, reserved 548864K
  class space    used 4630K, capacity 4982K, committed 5016K, reserved 516096K
Heap Regions: E=young(eden), S=young(survivor), O=old, HS=humongous(starts), HC=humongous(continues), CS=collection set, F=free, A=archive, TAMS=top-at-mark-start (previous, next)
|   0|0x0000000080000000, 0x0000000080100000, 0x0000000080100000|100%|HS|  |TAMS 0x0000000080100000, 0x0000000080000000| Complete 
|   1|0x0000000080100000, 0x0000000080200000, 0x0000000080200000|100%|HC|  |TAMS 0x0000000080200000, 0x0000000080100000| Complete 
|   2|0x0000000080200000, 0x0000000080300000, 0x0000000080300000|100%|HC|  |TAMS 0x0000000080300000, 0x0000000080200000| Complete 
|   3|0x0000000080300000, 0x0000000080400000, 0x0000000080400000|100%|HC|  |TAMS 0x0000000080400000, 0x0000000080300000| Complete 
|   4|0x0000000080400000, 0x0000000080500000, 0x0000000080500000|100%| O|  |TAMS 0x0000000080500000, 0x0000000080400000| Untracked 
|   5|0x0000000080500000, 0x0000000080600000, 0x0000000080600000|100%| O|  |TAMS 0x0000000080600000, 0x0000000080500000| Untracked 
|   6|0x0000000080600000, 0x0000000080700000, 0x0000000080700000|100%| O|  |TAMS 0x0000000080700000, 0x0000000080600000| Untracked 
|   7|0x0000000080700000, 0x0000000080800000, 0x0000000080800000|100%| O|  |TAMS 0x0000000080800000, 0x0000000080700000| Untracked 
|   8|0x0000000080800000, 0x0000000080900000, 0x0000000080900000|100%| O|  |TAMS 0x0000000080900000, 0x0000000080800000| Untracked 
|   9|0x0000000080900000, 0x0000000080a00000, 0x0000000080a00000|100%| O|  |TAMS 0x0000000080a00000, 0x0000000080900000| Untracked 
|  10|0x0000000080a00000, 0x0000000080b00000, 0x0000000080b00000|100%| O|  |TAMS 0x0000000080b00000, 0x0000000080a00000| Untracked 
|  11|0x0000000080b00000, 0x0000000080c00000, 0x0000000080c00000|100%| O|  |TAMS 0x0000000080c00000, 0x0000000080b00000| Untracked 
|  12|0x0000000080c00000, 0x0000000080d00000, 0x0000000080d00000|100%| O|  |TAMS 0x0000000080d00000, 0x0000000080c00000| Untracked 
|  13|0x0000000080d00000, 0x0000000080e00000, 0x0000000080e00000|100%| O|  |TAMS 0x0000000080e00000, 0x0000000080d00000| Untracked 
|  14|0x0000000080e00000, 0x0000000080f00000, 0x0000000080f00000|100%| O|  |TAMS 0x0000000080f00000, 0x0000000080e00000| Untracked 
|  15|0x0000000080f00000, 0x0000000081000000, 0x0000000081000000|100%| O|  |TAMS 0x0000000081000000, 0x0000000080f00000| Untracked 
|  16|0x0000000081000000, 0x0000000081100000, 0x0000000081100000|100%| O|  |TAMS 0x0000000081100000, 0x0000000081000000| Untracked 
|  17|0x0000000081100000, 0x00000000811b0600, 0x0000000081200000| 68%| O|  |TAMS 0x00000000811b0600, 0x0000000081100000| Untracked 
|  18|0x0000000081200000, 0x0000000081200000, 0x0000000081300000|  0%| F|  |TAMS 0x0000000081200000, 0x0000000081200000| Untracked 
|  19|0x0000000081300000, 0x0000000081300000, 0x0000000081400000|  0%| F|  |TAMS 0x0000000081300000, 0x0000000081300000| Untracked 
|  20|0x0000000081400000, 0x0000000081400000, 0x0000000081500000|  0%| F|  |TAMS 0x0000000081400000, 0x0000000081400000| Untracked 
|  21|0x0000000081500000, 0x0000000081500000, 0x0000000081600000|  0%| F|  |TAMS 0x0000000081500000, 0x0000000081500000| Untracked 
|  22|0x0000000081600000, 0x0000000081600000, 0x0000000081700000|  0%| F|  |TAMS 0x0000000081600000, 0x0000000081600000| Untracked 
|  23|0x0000000081700000, 0x0000000081700000, 0x0000000081800000|  0%| F|  |TAMS 0x0000000081700000, 0x0000000081700000| Untracked 
|  24|0x0000000081800000, 0x0000000081800000, 0x0000000081900000|  0%| F|  |TAMS 0x0000000081800000, 0x0000000081800000| Untracked 
|  25|0x0000000081900000, 0x0000000081900000, 0x0000000081a00000|  0%| F|  |TAMS 0x0000000081900000, 0x0000000081900000| Untracked 
|  26|0x0000000081a00000, 0x0000000081a00000, 0x0000000081b00000|  0%| F|  |TAMS 0x0000000081a00000, 0x0000000081a00000| Untracked 
|  27|0x0000000081b00000, 0x0000000081b00000, 0x0000000081c00000|  0%| F|  |TAMS 0x0000000081b00000, 0x0000000081b00000| Untracked 
|  28|0x0000000081c00000, 0x0000000081c00000, 0x0000000081d00000|  0%| F|  |TAMS 0x0000000081c00000, 0x0000000081c00000| Untracked 
|  29|0x0000000081d00000, 0x0000000081d00000, 0x0000000081e00000|  0%| F|  |TAMS 0x0000000081d00000, 0x0000000081d00000| Untracked 
|  30|0x0000000081e00000, 0x0000000081e00000, 0x0000000081f00000|  0%| F|  |TAMS 0x0000000081e00000, 0x0000000081e00000| Untracked 
|  31|0x0000000081f00000, 0x0000000081f00000, 0x0000000082000000|  0%| F|  |TAMS 0x0000000081f00000, 0x0000000081f00000| Untracked 
|  32|0x0000000082000000, 0x0000000082000000, 0x0000000082100000|  0%| F|  |TAMS 0x0000000082000000, 0x0000000082000000| Untracked 
|  33|0x0000000082100000, 0x0000000082100000, 0x0000000082200000|  0%| F|  |TAMS 0x0000000082100000, 0x0000000082100000| Untracked 
|  34|0x0000000082200000, 0x0000000082200000, 0x0000000082300000|  0%| F|  |TAMS 0x0000000082200000, 0x0000000082200000| Untracked 
|  35|0x0000000082300000, 0x0000000082300000, 0x0000000082400000|  0%| F|  |TAMS 0x0000000082300000, 0x0000000082300000| Untracked 
|  36|0x0000000082400000, 0x0000000082400000, 0x0000000082500000|  0%| F|  |TAMS 0x0000000082400000, 0x0000000082400000| Untracked 
|  37|0x0000000082500000, 0x0000000082500000, 0x0000000082600000|  0%| F|  |TAMS 0x0000000082500000, 0x0000000082500000| Untracked 
|  38|0x0000000082600000, 0x0000000082600000, 0x0000000082700000|  0%| F|  |TAMS 0x0000000082600000, 0x0000000082600000| Untracked 
|  39|0x0000000082700000, 0x0000000082700000, 0x0000000082800000|  0%| F|  |TAMS 0x0000000082700000, 0x0000000082700000| Untracked 
|  40|0x0000000082800000, 0x0000000082800000, 0x0000000082900000|  0%| F|  |TAMS 0x0000000082800000, 0x0000000082800000| Untracked 
|  41|0x0000000082900000, 0x0000000082900000, 0x0000000082a00000|  0%| F|  |TAMS 0x0000000082900000, 0x0000000082900000| Untracked 
|  42|0x0000000082a00000, 0x0000000082a00000, 0x0000000082b00000|  0%| F|  |TAMS 0x0000000082a00000, 0x0000000082a00000| Untracked 
|  43|0x0000000082b00000, 0x0000000082b00000, 0x0000000082c00000|  0%| F|  |TAMS 0x0000000082b00000, 0x0000000082b00000| Untracked 
|  44|0x0000000082c00000, 0x0000000082c00000, 0x0000000082d00000|  0%| F|  |TAMS 0x0000000082c00000, 0x0000000082c00000| Untracked 
|  45|0x0000000082d00000, 0x0000000082d00000, 0x0000000082e00000|  0%| F|  |TAMS 0x0000000082d00000, 0x0000000082d00000| Untracked 
|  46|0x0000000082e00000, 0x0000000082e00000, 0x0000000082f00000|  0%| F|  |TAMS 0x0000000082e00000, 0x0000000082e00000| Untracked 
|  47|0x0000000082f00000, 0x0000000082f00000, 0x0000000083000000|  0%| F|  |TAMS 0x0000000082f00000, 0x0000000082f00000| Untracked 
|  48|0x0000000083000000, 0x0000000083000000, 0x0000000083100000|  0%| F|  |TAMS 0x0000000083000000, 0x0000000083000000| Untracked 
|  49|0x0000000083100000, 0x0000000083100000, 0x0000000083200000|  0%| F|  |TAMS 0x0000000083100000, 0x0000000083100000| Untracked 
|  50|0x0000000083200000, 0x0000000083200000, 0x0000000083300000|  0%| F|  |TAMS 0x0000000083200000, 0x0000000083200000| Untracked 
|  51|0x0000000083300000, 0x0000000083300000, 0x0000000083400000|  0%| F|  |TAMS 0x0000000083300000, 0x0000000083300000| Untracked 
|  52|0x0000000083400000, 0x0000000083400000, 0x0000000083500000|  0%| F|  |TAMS 0x0000000083400000, 0x0000000083400000| Untracked 
|  53|0x0000000083500000, 0x0000000083500000, 0x0000000083600000|  0%| F|  |TAMS 0x0000000083500000, 0x0000000083500000| Untracked 
|  54|0x0000000083600000, 0x0000000083600000, 0x0000000083700000|  0%| F|  |TAMS 0x0000000083600000, 0x0000000083600000| Untracked 
|  55|0x0000000083700000, 0x0000000083700000, 0x0000000083800000|  0%| F|  |TAMS 0x0000000083700000, 0x0000000083700000| Untracked 
|  56|0x0000000083800000, 0x0000000083800000, 0x0000000083900000|  0%| F|  |TAMS 0x0000000083800000, 0x0000000083800000| Untracked 
|  57|0x0000000083900000, 0x0000000083900000, 0x0000000083a00000|  0%| F|  |TAMS 0x0000000083900000, 0x0000000083900000| Untracked 
|  58|0x0000000083a00000, 0x0000000083a00000, 0x0000000083b00000|  0%| F|  |TAMS 0x0000000083a00000, 0x0000000083a00000| Untracked 
|  59|0x0000000083b00000, 0x0000000083b00000, 0x0000000083c00000|  0%| F|  |TAMS 0x0000000083b00000, 0x0000000083b00000| Untracked 
|  60|0x0000000083c00000, 0x0000000083c00000, 0x0000000083d00000|  0%| F|  |TAMS 0x0000000083c00000, 0x0000000083c00000| Untracked 
|  61|0x0000000083d00000, 0x0000000083d00000, 0x0000000083e00000|  0%| F|  |TAMS 0x0000000083d00000, 0x0000000083d00000| Untracked 
|  62|0x0000000083e00000, 0x0000000083e00000, 0x0000000083f00000|  0%| F|  |TAMS 0x0000000083e00000, 0x0000000083e00000| Untracked 
|  63|0x0000000083f00000, 0x0000000083f00000, 0x0000000084000000|  0%| F|  |TAMS 0x0000000083f00000, 0x0000000083f00000| Untracked 
|  64|0x0000000084000000, 0x0000000084000000, 0x0000000084100000|  0%| F|  |TAMS 0x0000000084000000, 0x0000000084000000| Untracked 
|  65|0x0000000084100000, 0x0000000084100000, 0x0000000084200000|  0%| F|  |TAMS 0x0000000084100000, 0x0000000084100000| Untracked 
|  66|0x0000000084200000, 0x0000000084200000, 0x0000000084300000|  0%| F|  |TAMS 0x0000000084200000, 0x0000000084200000| Untracked 
|  67|0x0000000084300000, 0x0000000084300000, 0x0000000084400000|  0%| F|  |TAMS 0x0000000084300000, 0x0000000084300000| Untracked 
|  68|0x0000000084400000, 0x0000000084400000, 0x0000000084500000|  0%| F|  |TAMS 0x0000000084400000, 0x0000000084400000| Untracked 
|  69|0x0000000084500000, 0x0000000084500000, 0x0000000084600000|  0%| F|  |TAMS 0x0000000084500000, 0x0000000084500000| Untracked 
|  70|0x0000000084600000, 0x0000000084600000, 0x0000000084700000|  0%| F|  |TAMS 0x0000000084600000, 0x0000000084600000| Untracked 
|  71|0x0000000084700000, 0x0000000084700000, 0x0000000084800000|  0%| F|  |TAMS 0x0000000084700000, 0x0000000084700000| Untracked 
|  72|0x0000000084800000, 0x0000000084800000, 0x0000000084900000|  0%| F|  |TAMS 0x0000000084800000, 0x0000000084800000| Untracked 
|  73|0x0000000084900000, 0x0000000084900000, 0x0000000084a00000|  0%| F|  |TAMS 0x0000000084900000, 0x0000000084900000| Untracked 
|  74|0x0000000084a00000, 0x0000000084a00000, 0x0000000084b00000|  0%| F|  |TAMS 0x0000000084a00000, 0x0000000084a00000| Untracked 
|  75|0x0000000084b00000, 0x0000000084b00000, 0x0000000084c00000|  0%| F|  |TAMS 0x0000000084b00000, 0x0000000084b00000| Untracked 
|  76|0x0000000084c00000, 0x0000000084c00000, 0x0000000084d00000|  0%| F|  |TAMS 0x0000000084c00000, 0x0000000084c00000| Untracked 
|  77|0x0000000084d00000, 0x0000000084d00000, 0x0000000084e00000|  0%| F|  |TAMS 0x0000000084d00000, 0x0000000084d00000| Untracked 
|  78|0x0000000084e00000, 0x0000000084e00000, 0x0000000084f00000|  0%| F|  |TAMS 0x0000000084e00000, 0x0000000084e00000| Untracked 
|  79|0x0000000084f00000, 0x0000000084f00000, 0x0000000085000000|  0%| F|  |TAMS 0x0000000084f00000, 0x0000000084f00000| Untracked 
|  80|0x0000000085000000, 0x0000000085000000, 0x0000000085100000|  0%| F|  |TAMS 0x0000000085000000, 0x0000000085000000| Untracked 
|  81|0x0000000085100000, 0x0000000085100000, 0x0000000085200000|  0%| F|  |TAMS 0x0000000085100000, 0x0000000085100000| Untracked 
|  82|0x0000000085200000, 0x0000000085200000, 0x0000000085300000|  0%| F|  |TAMS 0x0000000085200000, 0x0000000085200000| Untracked 
|  83|0x0000000085300000, 0x0000000085300000, 0x0000000085400000|  0%| F|  |TAMS 0x0000000085300000, 0x0000000085300000| Untracked 
|  84|0x0000000085400000, 0x0000000085400000, 0x0000000085500000|  0%| F|  |TAMS 0x0000000085400000, 0x0000000085400000| Untracked 
|  85|0x0000000085500000, 0x0000000085500000, 0x0000000085600000|  0%| F|  |TAMS 0x0000000085500000, 0x0000000085500000| Untracked 
|  86|0x0000000085600000, 0x0000000085600000, 0x0000000085700000|  0%| F|  |TAMS 0x0000000085600000, 0x0000000085600000| Untracked 
|  87|0x0000000085700000, 0x0000000085700000, 0x0000000085800000|  0%| F|  |TAMS 0x0000000085700000, 0x0000000085700000| Untracked 
|  88|0x0000000085800000, 0x0000000085800000, 0x0000000085900000|  0%| F|  |TAMS 0x0000000085800000, 0x0000000085800000| Untracked 
|  89|0x0000000085900000, 0x0000000085900000, 0x0000000085a00000|  0%| F|  |TAMS 0x0000000085900000, 0x0000000085900000| Untracked 
|  90|0x0000000085a00000, 0x0000000085a00000, 0x0000000085b00000|  0%| F|  |TAMS 0x0000000085a00000, 0x0000000085a00000| Untracked 
|  91|0x0000000085b00000, 0x0000000085b00000, 0x0000000085c00000|  0%| F|  |TAMS 0x0000000085b00000, 0x0000000085b00000| Untracked 
|  92|0x0000000085c00000, 0x0000000085c00000, 0x0000000085d00000|  0%| F|  |TAMS 0x0000000085c00000, 0x0000000085c00000| Untracked 
|  93|0x0000000085d00000, 0x0000000085d00000, 0x0000000085e00000|  0%| F|  |TAMS 0x0000000085d00000, 0x0000000085d00000| Untracked 
|  94|0x0000000085e00000, 0x0000000085e00000, 0x0000000085f00000|  0%| F|  |TAMS 0x0000000085e00000, 0x0000000085e00000| Untracked 
|  95|0x0000000085f00000, 0x0000000085f00000, 0x0000000086000000|  0%| F|  |TAMS 0x0000000085f00000, 0x0000000085f00000| Untracked 
|  96|0x0000000086000000, 0x0000000086000000, 0x0000000086100000|  0%| F|  |TAMS 0x0000000086000000, 0x0000000086000000| Untracked 
|  97|0x0000000086100000, 0x0000000086100000, 0x0000000086200000|  0%| F|  |TAMS 0x0000000086100000, 0x0000000086100000| Untracked 
|  98|0x0000000086200000, 0x0000000086200000, 0x0000000086300000|  0%| F|  |TAMS 0x0000000086200000, 0x0000000086200000| Untracked 
|  99|0x0000000086300000, 0x0000000086300000, 0x0000000086400000|  0%| F|  |TAMS 0x0000000086300000, 0x0000000086300000| Untracked 
| 100|0x0000000086400000, 0x0000000086400000, 0x0000000086500000|  0%| F|  |TAMS 0x0000000086400000, 0x0000000086400000| Untracked 
| 101|0x0000000086500000, 0x0000000086500000, 0x0000000086600000|  0%| F|  |TAMS 0x0000000086500000, 0x0000000086500000| Untracked 
| 102|0x0000000086600000, 0x0000000086600000, 0x0000000086700000|  0%| F|  |TAMS 0x0000000086600000, 0x0000000086600000| Untracked 
| 103|0x0000000086700000, 0x0000000086700000, 0x0000000086800000|  0%| F|  |TAMS 0x0000000086700000, 0x0000000086700000| Untracked 
| 104|0x0000000086800000, 0x0000000086800000, 0x0000000086900000|  0%| F|  |TAMS 0x0000000086800000, 0x0000000086800000| Untracked 
| 105|0x0000000086900000, 0x0000000086900000, 0x0000000086a00000|  0%| F|  |TAMS 0x0000000086900000, 0x0000000086900000| Untracked 
| 106|0x0000000086a00000, 0x0000000086a00000, 0x0000000086b00000|  0%| F|  |TAMS 0x0000000086a00000, 0x0000000086a00000| Untracked 
| 107|0x0000000086b00000, 0x0000000086b00000, 0x0000000086c00000|  0%| F|  |TAMS 0x0000000086b00000, 0x0000000086b00000| Untracked 
| 108|0x0000000086c00000, 0x0000000086c00000, 0x0000000086d00000|  0%| F|  |TAMS 0x0000000086c00000, 0x0000000086c00000| Untracked 
| 109|0x0000000086d00000, 0x0000000086d00000, 0x0000000086e00000|  0%| F|  |TAMS 0x0000000086d00000, 0x0000000086d00000| Untracked 
| 110|0x0000000086e00000, 0x0000000086e00000, 0x0000000086f00000|  0%| F|  |TAMS 0x0000000086e00000, 0x0000000086e00000| Untracked 
| 111|0x0000000086f00000, 0x0000000086f00000, 0x0000000087000000|  0%| F|  |TAMS 0x0000000086f00000, 0x0000000086f00000| Untracked 
| 112|0x0000000087000000, 0x0000000087000000, 0x0000000087100000|  0%| F|  |TAMS 0x0000000087000000, 0x0000000087000000| Untracked 
| 113|0x0000000087100000, 0x0000000087100000, 0x0000000087200000|  0%| F|  |TAMS 0x0000000087100000, 0x0000000087100000| Untracked 
| 114|0x0000000087200000, 0x0000000087200000, 0x0000000087300000|  0%| F|  |TAMS 0x0000000087200000, 0x0000000087200000| Untracked 
| 115|0x0000000087300000, 0x0000000087300000, 0x0000000087400000|  0%| F|  |TAMS 0x0000000087300000, 0x0000000087300000| Untracked 
| 116|0x0000000087400000, 0x0000000087400000, 0x0000000087500000|  0%| F|  |TAMS 0x0000000087400000, 0x0000000087400000| Untracked 
| 117|0x0000000087500000, 0x0000000087500000, 0x0000000087600000|  0%| F|  |TAMS 0x0000000087500000, 0x0000000087500000| Untracked 
| 118|0x0000000087600000, 0x0000000087600000, 0x0000000087700000|  0%| F|  |TAMS 0x0000000087600000, 0x0000000087600000| Untracked 
| 119|0x0000000087700000, 0x0000000087700000, 0x0000000087800000|  0%| F|  |TAMS 0x0000000087700000, 0x0000000087700000| Untracked 
| 120|0x0000000087800000, 0x0000000087800000, 0x0000000087900000|  0%| F|  |TAMS 0x0000000087800000, 0x0000000087800000| Untracked 
| 121|0x0000000087900000, 0x0000000087900000, 0x0000000087a00000|  0%| F|  |TAMS 0x0000000087900000, 0x0000000087900000| Untracked 
| 122|0x0000000087a00000, 0x0000000087a00000, 0x0000000087b00000|  0%| F|  |TAMS 0x0000000087a00000, 0x0000000087a00000| Untracked 
| 123|0x0000000087b00000, 0x0000000087b00000, 0x0000000087c00000|  0%| F|  |TAMS 0x0000000087b00000, 0x0000000087b00000| Untracked 
| 124|0x0000000087c00000, 0x0000000087c00000, 0x0000000087d00000|  0%| F|  |TAMS 0x0000000087c00000, 0x0000000087c00000| Untracked 
| 125|0x0000000087d00000, 0x0000000087d00000, 0x0000000087e00000|  0%| F|  |TAMS 0x0000000087d00000, 0x0000000087d00000| Untracked 
| 126|0x0000000087e00000, 0x0000000087e00000, 0x0000000087f00000|  0%| F|  |TAMS 0x0000000087e00000, 0x0000000087e00000| Untracked 
| 127|0x0000000087f00000, 0x0000000087f00000, 0x0000000088000000|  0%| F|  |TAMS 0x0000000087f00000, 0x0000000087f00000| Untracked 
| 128|0x0000000088000000, 0x0000000088000000, 0x0000000088100000|  0%| F|  |TAMS 0x0000000088000000, 0x0000000088000000| Untracked 
| 129|0x0000000088100000, 0x0000000088100000, 0x0000000088200000|  0%| F|  |TAMS 0x0000000088100000, 0x0000000088100000| Untracked 
| 130|0x0000000088200000, 0x0000000088200000, 0x0000000088300000|  0%| F|  |TAMS 0x0000000088200000, 0x0000000088200000| Untracked 
| 131|0x0000000088300000, 0x0000000088300000, 0x0000000088400000|  0%| F|  |TAMS 0x0000000088300000, 0x0000000088300000| Untracked 
| 132|0x0000000088400000, 0x0000000088400000, 0x0000000088500000|  0%| F|  |TAMS 0x0000000088400000, 0x0000000088400000| Untracked 
| 133|0x0000000088500000, 0x0000000088500000, 0x0000000088600000|  0%| F|  |TAMS 0x0000000088500000, 0x0000000088500000| Untracked 
| 134|0x0000000088600000, 0x0000000088600000, 0x0000000088700000|  0%| F|  |TAMS 0x0000000088600000, 0x0000000088600000| Untracked 
| 135|0x0000000088700000, 0x0000000088700000, 0x0000000088800000|  0%| F|  |TAMS 0x0000000088700000, 0x0000000088700000| Untracked 
| 136|0x0000000088800000, 0x0000000088800000, 0x0000000088900000|  0%| F|  |TAMS 0x0000000088800000, 0x0000000088800000| Untracked 
| 137|0x0000000088900000, 0x0000000088900000, 0x0000000088a00000|  0%| F|  |TAMS 0x0000000088900000, 0x0000000088900000| Untracked 
| 138|0x0000000088a00000, 0x0000000088a00000, 0x0000000088b00000|  0%| F|  |TAMS 0x0000000088a00000, 0x0000000088a00000| Untracked 
| 139|0x0000000088b00000, 0x0000000088b00000, 0x0000000088c00000|  0%| F|  |TAMS 0x0000000088b00000, 0x0000000088b00000| Untracked 
| 140|0x0000000088c00000, 0x0000000088c00000, 0x0000000088d00000|  0%| F|  |TAMS 0x0000000088c00000, 0x0000000088c00000| Untracked 
| 141|0x0000000088d00000, 0x0000000088d00000, 0x0000000088e00000|  0%| F|  |TAMS 0x0000000088d00000, 0x0000000088d00000| Untracked 
| 142|0x0000000088e00000, 0x0000000088e00000, 0x0000000088f00000|  0%| F|  |TAMS 0x0000000088e00000, 0x0000000088e00000| Untracked 
| 143|0x0000000088f00000, 0x0000000088f00000, 0x0000000089000000|  0%| F|  |TAMS 0x0000000088f00000, 0x0000000088f00000| Untracked 
| 144|0x0000000089000000, 0x0000000089000000, 0x0000000089100000|  0%| F|  |TAMS 0x0000000089000000, 0x0000000089000000| Untracked 
| 145|0x0000000089100000, 0x0000000089100000, 0x0000000089200000|  0%| F|  |TAMS 0x0000000089100000, 0x0000000089100000| Untracked 
| 146|0x0000000089200000, 0x0000000089200000, 0x0000000089300000|  0%| F|  |TAMS 0x0000000089200000, 0x0000000089200000| Untracked 
| 147|0x0000000089300000, 0x0000000089300000, 0x0000000089400000|  0%| F|  |TAMS 0x0000000089300000, 0x0000000089300000| Untracked 
| 148|0x0000000089400000, 0x0000000089400000, 0x0000000089500000|  0%| F|  |TAMS 0x0000000089400000, 0x0000000089400000| Untracked 
| 149|0x0000000089500000, 0x0000000089500000, 0x0000000089600000|  0%| F|  |TAMS 0x0000000089500000, 0x0000000089500000| Untracked 
| 150|0x0000000089600000, 0x0000000089600000, 0x0000000089700000|  0%| F|  |TAMS 0x0000000089600000, 0x0000000089600000| Untracked 
| 151|0x0000000089700000, 0x0000000089700000, 0x0000000089800000|  0%| F|  |TAMS 0x0000000089700000, 0x0000000089700000| Untracked 
| 152|0x0000000089800000, 0x0000000089800000, 0x0000000089900000|  0%| F|  |TAMS 0x0000000089800000, 0x0000000089800000| Untracked 
| 153|0x0000000089900000, 0x0000000089900000, 0x0000000089a00000|  0%| F|  |TAMS 0x0000000089900000, 0x0000000089900000| Untracked 
| 154|0x0000000089a00000, 0x0000000089a00000, 0x0000000089b00000|  0%| F|  |TAMS 0x0000000089a00000, 0x0000000089a00000| Untracked 
| 155|0x0000000089b00000, 0x0000000089b00000, 0x0000000089c00000|  0%| F|  |TAMS 0x0000000089b00000, 0x0000000089b00000| Untracked 
| 156|0x0000000089c00000, 0x0000000089c00000, 0x0000000089d00000|  0%| F|  |TAMS 0x0000000089c00000, 0x0000000089c00000| Untracked 
| 157|0x0000000089d00000, 0x0000000089d00000, 0x0000000089e00000|  0%| F|  |TAMS 0x0000000089d00000, 0x0000000089d00000| Untracked 
| 158|0x0000000089e00000, 0x0000000089e00000, 0x0000000089f00000|  0%| F|  |TAMS 0x0000000089e00000, 0x0000000089e00000| Untracked 
| 159|0x0000000089f00000, 0x0000000089f00000, 0x000000008a000000|  0%| F|  |TAMS 0x0000000089f00000, 0x0000000089f00000| Untracked 
| 160|0x000000008a000000, 0x000000008a000000, 0x000000008a100000|  0%| F|  |TAMS 0x000000008a000000, 0x000000008a000000| Untracked 
| 161|0x000000008a100000, 0x000000008a100000, 0x000000008a200000|  0%| F|  |TAMS 0x000000008a100000, 0x000000008a100000| Untracked 
| 162|0x000000008a200000, 0x000000008a200000, 0x000000008a300000|  0%| F|  |TAMS 0x000000008a200000, 0x000000008a200000| Untracked 
| 163|0x000000008a300000, 0x000000008a300000, 0x000000008a400000|  0%| F|  |TAMS 0x000000008a300000, 0x000000008a300000| Untracked 
| 164|0x000000008a400000, 0x000000008a400000, 0x000000008a500000|  0%| F|  |TAMS 0x000000008a400000, 0x000000008a400000| Untracked 
| 165|0x000000008a500000, 0x000000008a500000, 0x000000008a600000|  0%| F|  |TAMS 0x000000008a500000, 0x000000008a500000| Untracked 
| 166|0x000000008a600000, 0x000000008a600000, 0x000000008a700000|  0%| F|  |TAMS 0x000000008a600000, 0x000000008a600000| Untracked 
| 167|0x000000008a700000, 0x000000008a700000, 0x000000008a800000|  0%| F|  |TAMS 0x000000008a700000, 0x000000008a700000| Untracked 
| 168|0x000000008a800000, 0x000000008a800000, 0x000000008a900000|  0%| F|  |TAMS 0x000000008a800000, 0x000000008a800000| Untracked 
| 169|0x000000008a900000, 0x000000008a900000, 0x000000008aa00000|  0%| F|  |TAMS 0x000000008a900000, 0x000000008a900000| Untracked 
| 170|0x000000008aa00000, 0x000000008aa00000, 0x000000008ab00000|  0%| F|  |TAMS 0x000000008aa00000, 0x000000008aa00000| Untracked 
| 171|0x000000008ab00000, 0x000000008ab00000, 0x000000008ac00000|  0%| F|  |TAMS 0x000000008ab00000, 0x000000008ab00000| Untracked 
| 172|0x000000008ac00000, 0x000000008ac00000, 0x000000008ad00000|  0%| F|  |TAMS 0x000000008ac00000, 0x000000008ac00000| Untracked 
| 173|0x000000008ad00000, 0x000000008ad00000, 0x000000008ae00000|  0%| F|  |TAMS 0x000000008ad00000, 0x000000008ad00000| Untracked 
| 174|0x000000008ae00000, 0x000000008ae00000, 0x000000008af00000|  0%| F|  |TAMS 0x000000008ae00000, 0x000000008ae00000| Untracked 
| 175|0x000000008af00000, 0x000000008af00000, 0x000000008b000000|  0%| F|  |TAMS 0x000000008af00000, 0x000000008af00000| Untracked 
| 176|0x000000008b000000, 0x000000008b000000, 0x000000008b100000|  0%| F|  |TAMS 0x000000008b000000, 0x000000008b000000| Untracked 
| 177|0x000000008b100000, 0x000000008b100000, 0x000000008b200000|  0%| F|  |TAMS 0x000000008b100000, 0x000000008b100000| Untracked 
| 178|0x000000008b200000, 0x000000008b200000, 0x000000008b300000|  0%| F|  |TAMS 0x000000008b200000, 0x000000008b200000| Untracked 
| 179|0x000000008b300000, 0x000000008b300000, 0x000000008b400000|  0%| F|  |TAMS 0x000000008b300000, 0x000000008b300000| Untracked 
| 180|0x000000008b400000, 0x000000008b400000, 0x000000008b500000|  0%| F|  |TAMS 0x000000008b400000, 0x000000008b400000| Untracked 
| 181|0x000000008b500000, 0x000000008b500000, 0x000000008b600000|  0%| F|  |TAMS 0x000000008b500000, 0x000000008b500000| Untracked 
| 182|0x000000008b600000, 0x000000008b600000, 0x000000008b700000|  0%| F|  |TAMS 0x000000008b600000, 0x000000008b600000| Untracked 
| 183|0x000000008b700000, 0x000000008b700000, 0x000000008b800000|  0%| F|  |TAMS 0x000000008b700000, 0x000000008b700000| Untracked 
| 184|0x000000008b800000, 0x000000008b800000, 0x000000008b900000|  0%| F|  |TAMS 0x000000008b800000, 0x000000008b800000| Untracked 
| 185|0x000000008b900000, 0x000000008b900000, 0x000000008ba00000|  0%| F|  |TAMS 0x000000008b900000, 0x000000008b900000| Untracked 
| 186|0x000000008ba00000, 0x000000008ba00000, 0x000000008bb00000|  0%| F|  |TAMS 0x000000008ba00000, 0x000000008ba00000| Untracked 
| 187|0x000000008bb00000, 0x000000008bb00000, 0x000000008bc00000|  0%| F|  |TAMS 0x000000008bb00000, 0x000000008bb00000| Untracked 
| 188|0x000000008bc00000, 0x000000008bc00000, 0x000000008bd00000|  0%| F|  |TAMS 0x000000008bc00000, 0x000000008bc00000| Untracked 
| 189|0x000000008bd00000, 0x000000008bd00000, 0x000000008be00000|  0%| F|  |TAMS 0x000000008bd00000, 0x000000008bd00000| Untracked 
| 190|0x000000008be00000, 0x000000008be00000, 0x000000008bf00000|  0%| F|  |TAMS 0x000000008be00000, 0x000000008be00000| Untracked 
| 191|0x000000008bf00000, 0x000000008bf00000, 0x000000008c000000|  0%| F|  |TAMS 0x000000008bf00000, 0x000000008bf00000| Untracked 
| 192|0x000000008c000000, 0x000000008c09d310, 0x000000008c100000| 61%| S|CS|TAMS 0x000000008c000000, 0x000000008c000000| Complete 
| 193|0x000000008c100000, 0x000000008c200000, 0x000000008c200000|100%| S|CS|TAMS 0x000000008c100000, 0x000000008c100000| Complete 
| 194|0x000000008c200000, 0x000000008c300000, 0x000000008c300000|100%| S|CS|TAMS 0x000000008c200000, 0x000000008c200000| Complete 
| 195|0x000000008c300000, 0x000000008c300000, 0x000000008c400000|  0%| F|  |TAMS 0x000000008c300000, 0x000000008c300000| Untracked 
| 196|0x000000008c400000, 0x000000008c400000, 0x000000008c500000|  0%| F|  |TAMS 0x000000008c400000, 0x000000008c400000| Untracked 
| 197|0x000000008c500000, 0x000000008c580800, 0x000000008c600000| 50%| E|  |TAMS 0x000000008c500000, 0x000000008c500000| Complete 
| 198|0x000000008c600000, 0x000000008c700000, 0x000000008c700000|100%| E|CS|TAMS 0x000000008c600000, 0x000000008c600000| Complete 
| 199|0x000000008c700000, 0x000000008c800000, 0x000000008c800000|100%| E|CS|TAMS 0x000000008c700000, 0x000000008c700000| Complete 
| 200|0x000000008c800000, 0x000000008c900000, 0x000000008c900000|100%| E|CS|TAMS 0x000000008c800000, 0x000000008c800000| Complete 
| 201|0x000000008c900000, 0x000000008ca00000, 0x000000008ca00000|100%| E|CS|TAMS 0x000000008c900000, 0x000000008c900000| Complete 
| 202|0x000000008ca00000, 0x000000008cb00000, 0x000000008cb00000|100%| E|CS|TAMS 0x000000008ca00000, 0x000000008ca00000| Complete 
| 203|0x000000008cb00000, 0x000000008cc00000, 0x000000008cc00000|100%| E|CS|TAMS 0x000000008cb00000, 0x000000008cb00000| Complete 
| 204|0x000000008cc00000, 0x000000008cd00000, 0x000000008cd00000|100%| E|CS|TAMS 0x000000008cc00000, 0x000000008cc00000| Complete 
| 205|0x000000008cd00000, 0x000000008ce00000, 0x000000008ce00000|100%| E|CS|TAMS 0x000000008cd00000, 0x000000008cd00000| Complete 
| 206|0x000000008ce00000, 0x000000008cf00000, 0x000000008cf00000|100%| E|CS|TAMS 0x000000008ce00000, 0x000000008ce00000| Complete 
| 207|0x000000008cf00000, 0x000000008d000000, 0x000000008d000000|100%| E|CS|TAMS 0x000000008cf00000, 0x000000008cf00000| Complete 
| 208|0x000000008d000000, 0x000000008d100000, 0x000000008d100000|100%| E|CS|TAMS 0x000000008d000000, 0x000000008d000000| Complete 
| 209|0x000000008d100000, 0x000000008d200000, 0x000000008d200000|100%| E|CS|TAMS 0x000000008d100000, 0x000000008d100000| Complete 
| 210|0x000000008d200000, 0x000000008d300000, 0x000000008d300000|100%| E|CS|TAMS 0x000000008d200000, 0x000000008d200000| Complete 
| 211|0x000000008d300000, 0x000000008d400000, 0x000000008d400000|100%| E|CS|TAMS 0x000000008d300000, 0x000000008d300000| Complete 
| 212|0x000000008d400000, 0x000000008d500000, 0x000000008d500000|100%| E|CS|TAMS 0x000000008d400000, 0x000000008d400000| Complete 
| 213|0x000000008d500000, 0x000000008d600000, 0x000000008d600000|100%| E|CS|TAMS 0x000000008d500000, 0x000000008d500000| Complete 
| 214|0x000000008d600000, 0x000000008d700000, 0x000000008d700000|100%| E|CS|TAMS 0x000000008d600000, 0x000000008d600000| Complete 
| 215|0x000000008d700000, 0x000000008d800000, 0x000000008d800000|100%| E|CS|TAMS 0x000000008d700000, 0x000000008d700000| Complete 
| 216|0x000000008d800000, 0x000000008d900000, 0x000000008d900000|100%| E|CS|TAMS 0x000000008d800000, 0x000000008d800000| Complete 
| 217|0x000000008d900000, 0x000000008da00000, 0x000000008da00000|100%| E|CS|TAMS 0x000000008d900000, 0x000000008d900000| Complete 
| 218|0x000000008da00000, 0x000000008db00000, 0x000000008db00000|100%| E|CS|TAMS 0x000000008da00000, 0x000000008da00000| Complete 
| 219|0x000000008db00000, 0x000000008dc00000, 0x000000008dc00000|100%| E|CS|TAMS 0x000000008db00000, 0x000000008db00000| Complete 
| 220|0x000000008dc00000, 0x000000008dd00000, 0x000000008dd00000|100%| E|CS|TAMS 0x000000008dc00000, 0x000000008dc00000| Complete 
| 221|0x000000008dd00000, 0x000000008de00000, 0x000000008de00000|100%| E|CS|TAMS 0x000000008dd00000, 0x000000008dd00000| Complete 
| 222|0x000000008de00000, 0x000000008df00000, 0x000000008df00000|100%| E|CS|TAMS 0x000000008de00000, 0x000000008de00000| Complete 
| 223|0x000000008df00000, 0x000000008e000000, 0x000000008e000000|100%| E|CS|TAMS 0x000000008df00000, 0x000000008df00000| Complete 
| 224|0x000000008e000000, 0x000000008e100000, 0x000000008e100000|100%| E|CS|TAMS 0x000000008e000000, 0x000000008e000000| Complete 
| 225|0x000000008e100000, 0x000000008e200000, 0x000000008e200000|100%| E|CS|TAMS 0x000000008e100000, 0x000000008e100000| Complete 
| 226|0x000000008e200000, 0x000000008e300000, 0x000000008e300000|100%| E|CS|TAMS 0x000000008e200000, 0x000000008e200000| Complete 
| 227|0x000000008e300000, 0x000000008e400000, 0x000000008e400000|100%| E|CS|TAMS 0x000000008e300000, 0x000000008e300000| Complete 
| 228|0x000000008e400000, 0x000000008e500000, 0x000000008e500000|100%| E|CS|TAMS 0x000000008e400000, 0x000000008e400000| Complete 
| 229|0x000000008e500000, 0x000000008e600000, 0x000000008e600000|100%| E|CS|TAMS 0x000000008e500000, 0x000000008e500000| Complete 
| 230|0x000000008e600000, 0x000000008e700000, 0x000000008e700000|100%| E|CS|TAMS 0x000000008e600000, 0x000000008e600000| Complete 
| 231|0x000000008e700000, 0x000000008e800000, 0x000000008e800000|100%| E|CS|TAMS 0x000000008e700000, 0x000000008e700000| Complete 
| 232|0x000000008e800000, 0x000000008e900000, 0x000000008e900000|100%| E|CS|TAMS 0x000000008e800000, 0x000000008e800000| Complete 
| 233|0x000000008e900000, 0x000000008ea00000, 0x000000008ea00000|100%| E|CS|TAMS 0x000000008e900000, 0x000000008e900000| Complete 
| 234|0x000000008ea00000, 0x000000008eb00000, 0x000000008eb00000|100%| E|CS|TAMS 0x000000008ea00000, 0x000000008ea00000| Complete 
| 235|0x000000008eb00000, 0x000000008ec00000, 0x000000008ec00000|100%| E|CS|TAMS 0x000000008eb00000, 0x000000008eb00000| Complete 
| 236|0x000000008ec00000, 0x000000008ed00000, 0x000000008ed00000|100%| E|CS|TAMS 0x000000008ec00000, 0x000000008ec00000| Complete 
| 237|0x000000008ed00000, 0x000000008ee00000, 0x000000008ee00000|100%| E|CS|TAMS 0x000000008ed00000, 0x000000008ed00000| Complete 
| 238|0x000000008ee00000, 0x000000008ef00000, 0x000000008ef00000|100%| E|CS|TAMS 0x000000008ee00000, 0x000000008ee00000| Complete 
| 239|0x000000008ef00000, 0x000000008f000000, 0x000000008f000000|100%| E|CS|TAMS 0x000000008ef00000, 0x000000008ef00000| Complete 
| 240|0x000000008f000000, 0x000000008f100000, 0x000000008f100000|100%| E|CS|TAMS 0x000000008f000000, 0x000000008f000000| Complete 
| 241|0x000000008f100000, 0x000000008f200000, 0x000000008f200000|100%| E|CS|TAMS 0x000000008f100000, 0x000000008f100000| Complete 
| 242|0x000000008f200000, 0x000000008f300000, 0x000000008f300000|100%| E|CS|TAMS 0x000000008f200000, 0x000000008f200000| Complete 
| 243|0x000000008f300000, 0x000000008f400000, 0x000000008f400000|100%| E|CS|TAMS 0x000000008f300000, 0x000000008f300000| Complete 
| 244|0x000000008f400000, 0x000000008f500000, 0x000000008f500000|100%| E|CS|TAMS 0x000000008f400000, 0x000000008f400000| Complete 
| 245|0x000000008f500000, 0x000000008f600000, 0x000000008f600000|100%| E|CS|TAMS 0x000000008f500000, 0x000000008f500000| Complete 
| 246|0x000000008f600000, 0x000000008f700000, 0x000000008f700000|100%| E|CS|TAMS 0x000000008f600000, 0x000000008f600000| Complete 
| 247|0x000000008f700000, 0x000000008f800000, 0x000000008f800000|100%| E|CS|TAMS 0x000000008f700000, 0x000000008f700000| Complete 
| 248|0x000000008f800000, 0x000000008f900000, 0x000000008f900000|100%| E|CS|TAMS 0x000000008f800000, 0x000000008f800000| Complete 
| 249|0x000000008f900000, 0x000000008fa00000, 0x000000008fa00000|100%| E|CS|TAMS 0x000000008f900000, 0x000000008f900000| Complete 
| 250|0x000000008fa00000, 0x000000008fb00000, 0x000000008fb00000|100%| E|CS|TAMS 0x000000008fa00000, 0x000000008fa00000| Complete 
| 251|0x000000008fb00000, 0x000000008fc00000, 0x000000008fc00000|100%| E|CS|TAMS 0x000000008fb00000, 0x000000008fb00000| Complete 
| 252|0x000000008fc00000, 0x000000008fd00000, 0x000000008fd00000|100%| E|CS|TAMS 0x000000008fc00000, 0x000000008fc00000| Complete 
| 253|0x000000008fd00000, 0x000000008fe00000, 0x000000008fe00000|100%| E|CS|TAMS 0x000000008fd00000, 0x000000008fd00000| Complete 

Card table byte_map: [0x0000018f5c2c0000,0x0000018f5c6c0000] _byte_map_base: 0x0000018f5bec0000

Marking Bits (Prev, Next): (CMBitMap*) 0x0000018f452c8928, (CMBitMap*) 0x0000018f452c8960
 Prev Bits: [0x0000018f5cac0000, 0x0000018f5eac0000)
 Next Bits: [0x0000018f5eac0000, 0x0000018f60ac0000)

Polling page: 0x0000018f431d0000

Metaspace:

Usage:
  Non-class:     30.82 MB capacity,    30.30 MB ( 98%) used,   450.34 KB (  1%) free+waste,    82.00 KB ( <1%) overhead. 
      Class:      4.87 MB capacity,     4.52 MB ( 93%) used,   309.62 KB (  6%) free+waste,    41.81 KB ( <1%) overhead. 
       Both:     35.68 MB capacity,    34.82 MB ( 98%) used,   759.96 KB (  2%) free+waste,   123.81 KB ( <1%) overhead. 

Virtual space:
  Non-class space:       32.00 MB reserved,      30.92 MB ( 97%) committed 
      Class space:      504.00 MB reserved,       4.90 MB ( <1%) committed 
             Both:      536.00 MB reserved,      35.82 MB (  7%) committed 

Chunk freelists:
   Non-Class:  5.25 KB
       Class:  1.25 KB
        Both:  6.50 KB

CodeHeap 'non-profiled nmethods': size=120000Kb used=1634Kb max_used=1634Kb free=118365Kb
 bounds [0x0000018f54430000, 0x0000018f546a0000, 0x0000018f5b960000]
CodeHeap 'profiled nmethods': size=120000Kb used=6786Kb max_used=6786Kb free=113213Kb
 bounds [0x0000018f4cf00000, 0x0000018f4d5b0000, 0x0000018f54430000]
CodeHeap 'non-nmethods': size=5760Kb used=1177Kb max_used=1212Kb free=4582Kb
 bounds [0x0000018f4c960000, 0x0000018f4cbd0000, 0x0000018f4cf00000]
 total_blobs=3755 nmethods=3230 adapters=436
 compilation: enabled
              stopped_count=0, restarted_count=0
 full_count=0

Compilation events (10 events):
Event: 123.299 Thread 0x0000018f64028800 nmethod 3241 0x0000018f4d59e790 code [0x0000018f4d59e960, 0x0000018f4d59ecd8]
Event: 123.299 Thread 0x0000018f64028800 3242       3       org.codehaus.groovy.runtime.metaclass.MetaMethodIndex::isMatchingMethod (61 bytes)
Event: 123.300 Thread 0x0000018f64027800 3243       4       java.util.HashMap::putVal (300 bytes)
Event: 123.300 Thread 0x0000018f64028800 nmethod 3242 0x0000018f4d59ee10 code [0x0000018f4d59f000, 0x0000018f4d59f578]
Event: 123.300 Thread 0x0000018f64028800 3244       3       org.codehaus.groovy.runtime.metaclass.MetaMethodIndex::getOrPutMethods (184 bytes)
Event: 123.303 Thread 0x0000018f64028800 nmethod 3244 0x0000018f4d59f790 code [0x0000018f4d59f9e0, 0x0000018f4d5a04d8]
Event: 123.303 Thread 0x0000018f64028800 3245       1       org.codehaus.groovy.util.FastArray::size (5 bytes)
Event: 123.303 Thread 0x0000018f64028800 nmethod 3245 0x0000018f545c8390 code [0x0000018f545c8520, 0x0000018f545c85d8]
Event: 123.303 Thread 0x0000018f64028800 3246       1       org.codehaus.groovy.util.FastArray::getArray (5 bytes)
Event: 123.303 Thread 0x0000018f64028800 nmethod 3246 0x0000018f545c8690 code [0x0000018f545c8820, 0x0000018f545c88d8]

GC Heap History (8 events):
Event: 11.169 GC heap before
{Heap before GC invocations=0 (full 0):
 garbage-first heap   total 260096K, used 27648K [0x0000000080000000, 0x0000000100000000)
  region size 1024K, 24 young (24576K), 0 survivors (0K)
 Metaspace       used 9988K, capacity 10257K, committed 10368K, reserved 526336K
  class space    used 1039K, capacity 1107K, committed 1152K, reserved 516096K
}
Event: 12.676 GC heap after
{Heap after GC invocations=1 (full 0):
 garbage-first heap   total 260096K, used 10588K [0x0000000080000000, 0x0000000100000000)
  region size 1024K, 3 young (3072K), 3 survivors (3072K)
 Metaspace       used 9988K, capacity 10257K, committed 10368K, reserved 526336K
  class space    used 1039K, capacity 1107K, committed 1152K, reserved 516096K
}
Event: 85.065 GC heap before
{Heap before GC invocations=1 (full 0):
 garbage-first heap   total 260096K, used 104796K [0x0000000080000000, 0x0000000100000000)
  region size 1024K, 96 young (98304K), 3 survivors (3072K)
 Metaspace       used 20770K, capacity 21225K, committed 21296K, reserved 536576K
  class space    used 2521K, capacity 2688K, committed 2688K, reserved 516096K
}
Event: 85.249 GC heap after
{Heap after GC invocations=2 (full 0):
 garbage-first heap   total 260096K, used 18740K [0x0000000080000000, 0x0000000100000000)
  region size 1024K, 11 young (11264K), 11 survivors (11264K)
 Metaspace       used 20770K, capacity 21225K, committed 21296K, reserved 536576K
  class space    used 2521K, capacity 2688K, committed 2688K, reserved 516096K
}
Event: 87.201 GC heap before
{Heap before GC invocations=3 (full 0):
 garbage-first heap   total 260096K, used 32052K [0x0000000080000000, 0x0000000100000000)
  region size 1024K, 24 young (24576K), 11 survivors (11264K)
 Metaspace       used 21964K, capacity 22468K, committed 22600K, reserved 536576K
  class space    used 2714K, capacity 2889K, committed 2968K, reserved 516096K
}
Event: 87.219 GC heap after
{Heap after GC invocations=4 (full 0):
 garbage-first heap   total 260096K, used 18841K [0x0000000080000000, 0x0000000100000000)
  region size 1024K, 1 young (1024K), 1 survivors (1024K)
 Metaspace       used 21964K, capacity 22468K, committed 22600K, reserved 536576K
  class space    used 2714K, capacity 2889K, committed 2968K, reserved 516096K
}
Event: 100.877 GC heap before
{Heap before GC invocations=5 (full 0):
 garbage-first heap   total 260096K, used 78233K [0x0000000080000000, 0x0000000100000000)
  region size 1024K, 59 young (60416K), 1 survivors (1024K)
 Metaspace       used 27487K, capacity 28174K, committed 28360K, reserved 540672K
  class space    used 3599K, capacity 3845K, committed 3864K, reserved 516096K
}
Event: 100.887 GC heap after
{Heap after GC invocations=6 (full 0):
 garbage-first heap   total 260096K, used 20790K [0x0000000080000000, 0x0000000100000000)
  region size 1024K, 3 young (3072K), 3 survivors (3072K)
 Metaspace       used 27487K, capacity 28174K, committed 28360K, reserved 540672K
  class space    used 3599K, capacity 3845K, committed 3864K, reserved 516096K
}

Deoptimization events (10 events):
Event: 103.680 Thread 0x0000018f64d91800 Uncommon trap: reason=unstable_if action=reinterpret pc=0x0000018f54502b2c method=java.util.HashMap.hash(Ljava/lang/Object;)I @ 1 c2
Event: 104.755 Thread 0x0000018f64d91800 Uncommon trap: reason=unstable_if action=reinterpret pc=0x0000018f5457bfe4 method=java.util.regex.Pattern$BmpCharProperty.match(Ljava/util/regex/Matcher;ILjava/lang/CharSequence;)Z @ 39 c2
Event: 114.368 Thread 0x0000018f64d91800 Uncommon trap: reason=unstable_if action=reinterpret pc=0x0000018f5450c050 method=java.util.HashMap.putVal(ILjava/lang/Object;Ljava/lang/Object;ZZ)Ljava/lang/Object; @ 162 c2
Event: 116.368 Thread 0x0000018f64d91800 Uncommon trap: reason=class_check action=maybe_recompile pc=0x0000018f545187c0 method=java.io.BufferedInputStream.read([BII)I @ 101 c2
Event: 116.369 Thread 0x0000018f64d91800 Uncommon trap: reason=class_check action=maybe_recompile pc=0x0000018f545187c0 method=java.io.BufferedInputStream.read([BII)I @ 101 c2
Event: 116.376 Thread 0x0000018f64d91800 Uncommon trap: reason=class_check action=maybe_recompile pc=0x0000018f545187c0 method=java.io.BufferedInputStream.read([BII)I @ 101 c2
Event: 116.382 Thread 0x0000018f64d91800 Uncommon trap: reason=class_check action=maybe_recompile pc=0x0000018f545187c0 method=java.io.BufferedInputStream.read([BII)I @ 101 c2
Event: 120.411 Thread 0x0000018f657f2000 Uncommon trap: reason=profile_predicate action=maybe_recompile pc=0x0000018f545aed88 method=java.util.AbstractCollection.addAll(Ljava/util/Collection;)Z @ 15 c2
Event: 120.411 Thread 0x0000018f657f2000 Uncommon trap: reason=profile_predicate action=maybe_recompile pc=0x0000018f545aed88 method=java.util.AbstractCollection.addAll(Ljava/util/Collection;)Z @ 15 c2
Event: 121.627 Thread 0x0000018f64d91800 Uncommon trap: reason=unstable_if action=reinterpret pc=0x0000018f54529a20 method=jdk.internal.loader.BuiltinClassLoader.loadClassOrNull(Ljava/lang/String;Z)Ljava/lang/Class; @ 42 c2

Classes redefined (0 events):
No events

Internal exceptions (10 events):
Event: 106.554 Thread 0x0000018f64d91800 Exception <a 'java/lang/NoSuchMethodError'{0x000000008ebbf0c8}: java.lang.invoke.DirectMethodHandle$Holder.invokeStaticInit(Ljava/lang/Object;Ljava/lang/Object;Ljava/lang/Object;Ljava/lang/Object;)Ljava/lang/Object;> (0x000000008ebbf0c8) thrown at [./open
Event: 113.038 Thread 0x0000018f64d91800 Exception <a 'java/lang/NoSuchMethodError'{0x000000008dca22a0}: java.lang.invoke.Invokers$Holder.linkToTargetMethod(Ljava/lang/Object;Ljava/lang/Object;Ljava/lang/Object;Ljava/lang/Object;Ljava/lang/Object;Ljava/lang/Object;Ljava/lang/Object;Ljava/lang/Ob
Event: 113.078 Thread 0x0000018f64d91800 Exception <a 'java/lang/IncompatibleClassChangeError'{0x000000008db243f8}: Found class java.lang.Object, but interface was expected> (0x000000008db243f8) thrown at [./open/src/hotspot/share/interpreter/linkResolver.cpp, line 838]
Event: 114.401 Thread 0x0000018f64d91800 Exception <a 'java/lang/NoSuchMethodError'{0x000000008d460bf8}: java.lang.invoke.Invokers$Holder.linkToTargetMethod(Ljava/lang/Object;IILjava/lang/Object;)Ljava/lang/Object;> (0x000000008d460bf8) thrown at [./open/src/hotspot/share/interpreter/linkResolve
Event: 114.405 Thread 0x0000018f64d91800 Exception <a 'java/lang/NoSuchMethodError'{0x000000008d477468}: java.lang.invoke.DirectMethodHandle$Holder.invokeStatic(Ljava/lang/Object;Ljava/lang/Object;IILjava/lang/Object;Ljava/lang/Object;)Ljava/lang/Object;> (0x000000008d477468) thrown at [./open/s
Event: 118.247 Thread 0x0000018f64d91800 Exception <a 'java/lang/NoSuchMethodError'{0x000000008ceb9208}: java.lang.invoke.DirectMethodHandle$Holder.invokeStaticInit(Ljava/lang/Object;Ljava/lang/Object;Ljava/lang/Object;)V> (0x000000008ceb9208) thrown at [./open/src/hotspot/share/interpreter/link
Event: 118.249 Thread 0x0000018f64d91800 Exception <a 'java/lang/NoSuchMethodError'{0x000000008cec0418}: java.lang.invoke.DirectMethodHandle$Holder.invokeStaticInit(Ljava/lang/Object;Ljava/lang/Object;Ljava/lang/Object;Ljava/lang/Object;)V> (0x000000008cec0418) thrown at [./open/src/hotspot/shar
Event: 118.269 Thread 0x0000018f64d91800 Exception <a 'java/lang/NoSuchMethodError'{0x000000008cee1b30}: java.lang.invoke.DirectMethodHandle$Holder.invokeStaticInit(Ljava/lang/Object;Ljava/lang/Object;Ljava/lang/Object;Ljava/lang/Object;Ljava/lang/Object;)V> (0x000000008cee1b30) thrown at [./ope
Event: 118.271 Thread 0x0000018f64d91800 Exception <a 'java/lang/NoSuchMethodError'{0x000000008cee94c8}: java.lang.invoke.DirectMethodHandle$Holder.invokeStaticInit(Ljava/lang/Object;Ljava/lang/Object;Ljava/lang/Object;)I> (0x000000008cee94c8) thrown at [./open/src/hotspot/share/interpreter/link
Event: 119.031 Thread 0x0000018f64d91800 Exception <a 'java/lang/NoSuchMethodError'{0x000000008cd46f00}: java.lang.invoke.DirectMethodHandle$Holder.invokeStaticInit(Ljava/lang/Object;Ljava/lang/Object;Ljava/lang/Object;Ljava/lang/Object;)I> (0x000000008cd46f00) thrown at [./open/src/hotspot/shar

Events (10 events):
Event: 123.287 loading class org/codehaus/groovy/util/ManagedConcurrentMap
Event: 123.287 loading class org/codehaus/groovy/util/ManagedConcurrentMap done
Event: 123.291 loading class org/codehaus/groovy/util/AbstractConcurrentMap
Event: 123.291 loading class org/codehaus/groovy/util/AbstractConcurrentMap done
Event: 123.293 loading class org/codehaus/groovy/util/AbstractConcurrentMapBase
Event: 123.293 loading class org/codehaus/groovy/util/AbstractConcurrentMapBase done
Event: 123.296 loading class org/codehaus/groovy/runtime/callsite/CallSiteArray
Event: 123.296 loading class org/codehaus/groovy/runtime/callsite/CallSiteArray done
Event: 123.313 loading class groovy/lang/MetaClassImpl$1MOPIter
Event: 123.313 loading class groovy/lang/MetaClassImpl$1MOPIter done


Dynamic libraries:
0x00007ff67d6a0000 - 0x00007ff67d6b0000 	C:\Program Files\Java\jdk-11\bin\java.exe
0x00007ffa33cd0000 - 0x00007ffa33ee7000 	C:\Windows\SYSTEM32\ntdll.dll
0x00007ffa32770000 - 0x00007ffa32834000 	C:\Windows\System32\KERNEL32.DLL
0x00007ffa310c0000 - 0x00007ffa31466000 	C:\Windows\System32\KERNELBASE.dll
0x00007ffa31530000 - 0x00007ffa31641000 	C:\Windows\System32\ucrtbase.dll
0x00007ffa0f8b0000 - 0x00007ffa0f8c9000 	C:\Program Files\Java\jdk-11\bin\jli.dll
0x00007ffa13230000 - 0x00007ffa1324b000 	C:\Program Files\Java\jdk-11\bin\VCRUNTIME140.dll
0x00007ffa32550000 - 0x00007ffa32603000 	C:\Windows\System32\ADVAPI32.dll
0x00007ffa33600000 - 0x00007ffa336a7000 	C:\Windows\System32\msvcrt.dll
0x00007ffa33710000 - 0x00007ffa337b8000 	C:\Windows\System32\sechost.dll
0x00007ffa31810000 - 0x00007ffa31838000 	C:\Windows\System32\bcrypt.dll
0x00007ffa31ce0000 - 0x00007ffa31df7000 	C:\Windows\System32\RPCRT4.dll
0x00007ffa32840000 - 0x00007ffa329ee000 	C:\Windows\System32\USER32.dll
0x00007ffa31090000 - 0x00007ffa310b6000 	C:\Windows\System32\win32u.dll
0x00007ffa333b0000 - 0x00007ffa333d9000 	C:\Windows\System32\GDI32.dll
0x00007ffa316f0000 - 0x00007ffa31808000 	C:\Windows\System32\gdi32full.dll
0x00007ffa31650000 - 0x00007ffa316ea000 	C:\Windows\System32\msvcp_win.dll
0x00007ffa108a0000 - 0x00007ffa10b33000 	C:\Windows\WinSxS\amd64_microsoft.windows.common-controls_6595b64144ccf1df_6.0.22621.2506_none_270c5ae97388e100\COMCTL32.dll
0x00007ffa2d2f0000 - 0x00007ffa2d2fa000 	C:\Windows\SYSTEM32\VERSION.dll
0x00007ffa33c50000 - 0x00007ffa33c81000 	C:\Windows\System32\IMM32.DLL
0x00007ffa24ba0000 - 0x00007ffa24bac000 	C:\Program Files\Java\jdk-11\bin\vcruntime140_1.dll
0x00007ff9ee770000 - 0x00007ff9ee7fe000 	C:\Program Files\Java\jdk-11\bin\msvcp140.dll
0x00007ff989e50000 - 0x00007ff98a9bd000 	C:\Program Files\Java\jdk-11\bin\server\jvm.dll
0x00007ffa333e0000 - 0x00007ffa333e8000 	C:\Windows\System32\PSAPI.DLL
0x00007ffa189a0000 - 0x00007ffa189a9000 	C:\Windows\SYSTEM32\WSOCK32.dll
0x00007ffa337c0000 - 0x00007ffa33831000 	C:\Windows\System32\WS2_32.dll
0x00007ffa24b20000 - 0x00007ffa24b54000 	C:\Windows\SYSTEM32\WINMM.dll
0x00007ffa30110000 - 0x00007ffa30128000 	C:\Windows\SYSTEM32\kernel.appcore.dll
0x00007ffa246a0000 - 0x00007ffa246b0000 	C:\Program Files\Java\jdk-11\bin\verify.dll
0x00007ffa2e920000 - 0x00007ffa2eb53000 	C:\Windows\SYSTEM32\DBGHELP.DLL
0x00007ffa33860000 - 0x00007ffa33be9000 	C:\Windows\System32\combase.dll
0x00007ffa32610000 - 0x00007ffa326e7000 	C:\Windows\System32\OLEAUT32.dll
0x00007ffa23040000 - 0x00007ffa23072000 	C:\Windows\SYSTEM32\dbgcore.DLL
0x00007ffa31010000 - 0x00007ffa3108a000 	C:\Windows\System32\bcryptPrimitives.dll
0x00007ff9fb100000 - 0x00007ff9fb128000 	C:\Program Files\Java\jdk-11\bin\java.dll
0x00007ffa1e4a0000 - 0x00007ffa1e4aa000 	C:\Program Files\Java\jdk-11\bin\jimage.dll
0x00007ffa03fb0000 - 0x00007ffa03fc7000 	C:\Program Files\Java\jdk-11\bin\zip.dll
0x00007ffa32b50000 - 0x00007ffa333ab000 	C:\Windows\System32\SHELL32.dll
0x00007ffa2ef30000 - 0x00007ffa2f826000 	C:\Windows\SYSTEM32\windows.storage.dll
0x00007ffa2edf0000 - 0x00007ffa2ef2e000 	C:\Windows\SYSTEM32\wintypes.dll
0x00007ffa33410000 - 0x00007ffa33503000 	C:\Windows\System32\SHCORE.dll
0x00007ffa335a0000 - 0x00007ffa335fe000 	C:\Windows\System32\shlwapi.dll
0x00007ffa30f40000 - 0x00007ffa30f66000 	C:\Windows\SYSTEM32\profapi.dll
0x00007ff9ff670000 - 0x00007ff9ff689000 	C:\Program Files\Java\jdk-11\bin\net.dll
0x00007ffa26cc0000 - 0x00007ffa26df7000 	C:\Windows\SYSTEM32\WINHTTP.dll
0x00007ffa305c0000 - 0x00007ffa30629000 	C:\Windows\system32\mswsock.dll
0x00007ff9fbb00000 - 0x00007ff9fbb12000 	C:\Program Files\Java\jdk-11\bin\nio.dll
0x00007ff9fb060000 - 0x00007ff9fb087000 	C:\Users\dlara\.gradle\native\68d5fa5c4cc2d200863cafc0d521ce42e7d3e7ee720ec0a83991735586a16f82\windows-amd64\native-platform.dll
0x00007ff9e78c0000 - 0x00007ff9e7a04000 	C:\Users\dlara\.gradle\native\e376f236ea51e6404a007f0833ffe2c6e607c4080706a723a18a27aeea778392\windows-amd64\native-platform-file-events.dll
0x00007ffa1e2e0000 - 0x00007ffa1e2e9000 	C:\Program Files\Java\jdk-11\bin\management.dll
0x00007ffa13220000 - 0x00007ffa1322b000 	C:\Program Files\Java\jdk-11\bin\management_ext.dll
0x00007ffa30810000 - 0x00007ffa3082b000 	C:\Windows\SYSTEM32\CRYPTSP.dll
0x00007ffa30070000 - 0x00007ffa300a5000 	C:\Windows\system32\rsaenh.dll
0x00007ffa306b0000 - 0x00007ffa306dc000 	C:\Windows\SYSTEM32\USERENV.dll
0x00007ffa30830000 - 0x00007ffa3083c000 	C:\Windows\SYSTEM32\CRYPTBASE.dll
0x00007ffa2fb00000 - 0x00007ffa2fb2d000 	C:\Windows\SYSTEM32\IPHLPAPI.DLL
0x00007ffa33400000 - 0x00007ffa33409000 	C:\Windows\System32\NSI.dll
0x00007ffa26b50000 - 0x00007ffa26b69000 	C:\Windows\SYSTEM32\dhcpcsvc6.DLL
0x00007ffa26af0000 - 0x00007ffa26b0f000 	C:\Windows\SYSTEM32\dhcpcsvc.DLL
0x00007ffa2fb70000 - 0x00007ffa2fc69000 	C:\Windows\SYSTEM32\DNSAPI.dll

dbghelp: loaded successfully - version: 4.0.5 - missing functions: none
symbol engine: initialized successfully - sym options: 0x614 - pdb path: .;C:\Program Files\Java\jdk-11\bin;C:\Windows\SYSTEM32;C:\Windows\WinSxS\amd64_microsoft.windows.common-controls_6595b64144ccf1df_6.0.22621.2506_none_270c5ae97388e100;C:\Program Files\Java\jdk-11\bin\server;C:\Users\dlara\.gradle\native\68d5fa5c4cc2d200863cafc0d521ce42e7d3e7ee720ec0a83991735586a16f82\windows-amd64;C:\Users\dlara\.gradle\native\e376f236ea51e6404a007f0833ffe2c6e607c4080706a723a18a27aeea778392\windows-amd64

VM Arguments:
jvm_args: -XX:MaxMetaspaceSize=512m --add-opens=java.base/java.util=ALL-UNNAMED --add-opens=java.base/java.lang=ALL-UNNAMED --add-opens=java.base/java.lang.invoke=ALL-UNNAMED --add-opens=java.prefs/java.util.prefs=ALL-UNNAMED --add-opens=java.base/java.nio.charset=ALL-UNNAMED --add-opens=java.base/java.net=ALL-UNNAMED --add-opens=java.base/java.util.concurrent.atomic=ALL-UNNAMED -Xmx2048m -Dfile.encoding=windows-1252 -Duser.country=GT -Duser.language=es -Duser.variant 
java_command: org.gradle.launcher.daemon.bootstrap.GradleDaemon 8.0.1
java_class_path (initial): C:\Users\dlara\.gradle\wrapper\dists\gradle-8.0.1-all\aro4hu1c3oeioove7l0i4i14o\gradle-8.0.1\lib\gradle-launcher-8.0.1.jar
Launcher Type: SUN_STANDARD

[Global flags]
     intx CICompilerCount                          = 4                                         {product} {ergonomic}
   size_t CompressedClassSpaceSize                 = 528482304                                 {product} {ergonomic}
     uint ConcGCThreads                            = 3                                         {product} {ergonomic}
     uint G1ConcRefinementThreads                  = 10                                        {product} {ergonomic}
   size_t G1HeapRegionSize                         = 1048576                                   {product} {ergonomic}
    uintx GCDrainStackTargetSize                   = 64                                        {product} {ergonomic}
   size_t InitialHeapSize                          = 266338304                                 {product} {ergonomic}
   size_t MarkStackSize                            = 4194304                                   {product} {ergonomic}
   size_t MaxHeapSize                              = 2147483648                                {product} {command line}
   size_t MaxMetaspaceSize                         = 536870912                                 {product} {command line}
   size_t MaxNewSize                               = 1287651328                                {product} {ergonomic}
   size_t MinHeapDeltaBytes                        = 1048576                                   {product} {ergonomic}
    uintx NonNMethodCodeHeapSize                   = 5836300                                {pd product} {ergonomic}
    uintx NonProfiledCodeHeapSize                  = 122910970                              {pd product} {ergonomic}
    uintx ProfiledCodeHeapSize                     = 122910970                              {pd product} {ergonomic}
    uintx ReservedCodeCacheSize                    = 251658240                              {pd product} {ergonomic}
     bool SegmentedCodeCache                       = true                                      {product} {ergonomic}
     bool UseCompressedClassPointers               = true                                 {lp64_product} {ergonomic}
     bool UseCompressedOops                        = true                                 {lp64_product} {ergonomic}
     bool UseG1GC                                  = true                                      {product} {ergonomic}
     bool UseLargePagesIndividualAllocation        = false                                  {pd product} {ergonomic}

Logging:
Log output configuration:
 #0: stdout all=warning uptime,level,tags
 #1: stderr all=off uptime,level,tags

Environment Variables:
JAVA_HOME=C:\Program Files\Java\jdk-11
CLASSPATH=C:\Users\dlara\Documents\PROYECTOS\KINGO\fieldServices\android\\gradle\wrapper\gradle-wrapper.jar
PATH=C:\Users\dlara\Documents\PROYECTOS\KINGO\fieldServices\node_modules\.bin;C:\Users\dlara\Documents\PROYECTOS\KINGO\fieldServices\node_modules\.bin;C:\Users\dlara\Documents\PROYECTOS\KINGO\node_modules\.bin;C:\Users\dlara\Documents\PROYECTOS\node_modules\.bin;C:\Users\dlara\Documents\node_modules\.bin;C:\Users\dlara\node_modules\.bin;C:\Users\node_modules\.bin;C:\node_modules\.bin;C:\Users\dlara\Documents\PROYECTOS\KINGO\fieldServices\node_modules\npm\node_modules\@npmcli\run-script\lib\node-gyp-bin;C:\Users\dlara\Documents\PROYECTOS\KINGO\fieldServices\node_modules\.bin;C:\Users\dlara\Documents\PROYECTOS\KINGO\node_modules\.bin;C:\Users\dlara\Documents\PROYECTOS\node_modules\.bin;C:\Users\dlara\Documents\node_modules\.bin;C:\Users\dlara\node_modules\.bin;C:\Users\node_modules\.bin;C:\node_modules\.bin;C:\Users\dlara\AppData\Roaming\nvm\v20.10.0\node_modules\npm\node_modules\@npmcli\run-script\lib\node-gyp-bin;C:\Users\dlara\bin;C:\Program Files\Git\mingw64\bin;C:\Program Files\Git\usr\local\bin;C:\Program Files\Git\usr\bin;C:\Program Files\Git\usr\bin;C:\Program Files\Git\mingw64\bin;C:\Program Files\Git\usr\bin;C:\Users\dlara\bin;C:\Program Files\Common Files\Oracle\Java\javapath;C:\Windows\system32;C:\Windows;C:\Windows\System32\Wbem;C:\Windows\System32\WindowsPowerShell\v1.0;C:\Windows\System32\OpenSSH;C:\Program Files\Git\cmd;C:\Users\dlara\AppData\Local\Android\Sdk\platform-tools;%NVM_HOME%;%NVM_SYMLINK%;C:\Users\dlara\AppData\Local\Microsoft\WindowsApps;C:\Users\dlara\AppData\Local\Programs\Microsoft VS Code\bin;C:\Program Files\JetBrains\DataGrip 2023.2.3\bin;C:\Users\dlara\AppData\Roaming\nvm;C:\Program Files\nodejs;C:\Program Files\Git\usr\bin\vendor_perl;C:\Program Files\Git\usr\bin\core_perl
USERNAME=dlara
SHELL=C:\Program Files\Git\usr\bin\bash.exe
DISPLAY=needs-to-be-defined
OS=Windows_NT
PROCESSOR_IDENTIFIER=Intel64 Family 6 Model 158 Stepping 10, GenuineIntel



---------------  S Y S T E M  ---------------

OS: Windows 11 , 64 bit Build 22621 (10.0.22621.3085)
Hyper-V role detected

CPU:total 12 (initial active 12) (6 cores per cpu, 2 threads per core) family 6 model 158 stepping 10 microcode 0xde, cmov, cx8, fxsr, mmx, sse, sse2, sse3, ssse3, sse4.1, sse4.2, popcnt, avx, avx2, aes, clmul, erms, 3dnowpref, lzcnt, ht, tsc, tscinvbit, bmi1, bmi2, adx, fma

Memory: 4k page, system-wide physical 16177M (152M free)
TotalPageFile size 65329M (AvailPageFile size 59M)
current process WorkingSet (physical memory assigned to process): 206M, peak: 221M
current process commit charge ("private bytes"): 415M, peak: 426M

vm_info: Java HotSpot(TM) 64-Bit Server VM (11.0.21+9-LTS-193) for windows-amd64 JRE (11.0.21+9-LTS-193), built on Sep 13 2023 11:04:38 by "mach5one" with MS VC++ 17.1 (VS2022)

END.
